CRITICAL - 2020-11-03 05:30:15 --> Undefined index: shop
#0 /var/www/html/kimara_jewellery/ciFiles/app/Views/templates/header.php(66): CodeIgniter\Debug\Exceptions->errorHandler()
#1 /var/www/html/kimara_jewellery/ciFiles/vendor/codeigniter4/framework/system/View/View.php(246): include('/var/www/html/k...')
#2 /var/www/html/kimara_jewellery/ciFiles/vendor/codeigniter4/framework/system/Common.php(1119): CodeIgniter\View\View->render()
#3 /var/www/html/kimara_jewellery/ciFiles/app/Controllers/PublicPageLoader.php(11): view()
#4 /var/www/html/kimara_jewellery/ciFiles/app/Controllers/PublicPageLoader.php(31): App\Controllers\PublicPageLoader->public_page_loader()
#5 /var/www/html/kimara_jewellery/ciFiles/vendor/codeigniter4/framework/system/CodeIgniter.php(918): App\Controllers\PublicPageLoader->home()
#6 /var/www/html/kimara_jewellery/ciFiles/vendor/codeigniter4/framework/system/CodeIgniter.php(404): CodeIgniter\CodeIgniter->runController()
#7 /var/www/html/kimara_jewellery/ciFiles/vendor/codeigniter4/framework/system/CodeIgniter.php(312): CodeIgniter\CodeIgniter->handleRequest()
#8 /var/www/html/kimara_jewellery/index.php(47): CodeIgniter\CodeIgniter->run()
#9 {main}
CRITICAL - 2020-11-03 20:10:43 --> Undefined variable: categories
#0 /var/www/html/kimara_jewellery/ciFiles/app/Views/templates/header.php(50): CodeIgniter\Debug\Exceptions->errorHandler()
#1 /var/www/html/kimara_jewellery/ciFiles/vendor/codeigniter4/framework/system/View/View.php(246): include('/var/www/html/k...')
#2 /var/www/html/kimara_jewellery/ciFiles/vendor/codeigniter4/framework/system/Common.php(1119): CodeIgniter\View\View->render()
#3 /var/www/html/kimara_jewellery/ciFiles/app/Controllers/PublicPageLoader.php(11): view()
#4 /var/www/html/kimara_jewellery/ciFiles/app/Controllers/PublicPageLoader.php(48): App\Controllers\PublicPageLoader->public_page_loader()
#5 /var/www/html/kimara_jewellery/ciFiles/vendor/codeigniter4/framework/system/CodeIgniter.php(918): App\Controllers\PublicPageLoader->admin_login()
#6 /var/www/html/kimara_jewellery/ciFiles/vendor/codeigniter4/framework/system/CodeIgniter.php(404): CodeIgniter\CodeIgniter->runController()
#7 /var/www/html/kimara_jewellery/ciFiles/vendor/codeigniter4/framework/system/CodeIgniter.php(312): CodeIgniter\CodeIgniter->handleRequest()
#8 /var/www/html/kimara_jewellery/index.php(47): CodeIgniter\CodeIgniter->run()
#9 {main}
CRITICAL - 2020-11-03 20:17:42 --> Undefined variable: categories
#0 /var/www/html/kimara_jewellery/ciFiles/app/Views/templates/header.php(50): CodeIgniter\Debug\Exceptions->errorHandler()
#1 /var/www/html/kimara_jewellery/ciFiles/vendor/codeigniter4/framework/system/View/View.php(246): include('/var/www/html/k...')
#2 /var/www/html/kimara_jewellery/ciFiles/vendor/codeigniter4/framework/system/Common.php(1119): CodeIgniter\View\View->render()
#3 /var/www/html/kimara_jewellery/ciFiles/app/Controllers/PublicPageLoader.php(11): view()
#4 /var/www/html/kimara_jewellery/ciFiles/app/Controllers/PublicPageLoader.php(99): App\Controllers\PublicPageLoader->public_page_loader()
#5 /var/www/html/kimara_jewellery/ciFiles/vendor/codeigniter4/framework/system/CodeIgniter.php(918): App\Controllers\PublicPageLoader->product_page()
#6 /var/www/html/kimara_jewellery/ciFiles/vendor/codeigniter4/framework/system/CodeIgniter.php(404): CodeIgniter\CodeIgniter->runController()
#7 /var/www/html/kimara_jewellery/ciFiles/vendor/codeigniter4/framework/system/CodeIgniter.php(312): CodeIgniter\CodeIgniter->handleRequest()
#8 /var/www/html/kimara_jewellery/index.php(47): CodeIgniter\CodeIgniter->run()
#9 {main}
CRITICAL - 2020-11-03 20:41:33 --> Too few arguments to function App\Controllers\AdminPageLoader::edit_product(), 0 passed in /var/www/html/kimara_jewellery/ciFiles/vendor/codeigniter4/framework/system/CodeIgniter.php on line 918 and exactly 1 expected
#0 /var/www/html/kimara_jewellery/ciFiles/vendor/codeigniter4/framework/system/CodeIgniter.php(918): App\Controllers\AdminPageLoader->edit_product()
#1 /var/www/html/kimara_jewellery/ciFiles/vendor/codeigniter4/framework/system/CodeIgniter.php(404): CodeIgniter\CodeIgniter->runController()
#2 /var/www/html/kimara_jewellery/ciFiles/vendor/codeigniter4/framework/system/CodeIgniter.php(312): CodeIgniter\CodeIgniter->handleRequest()
#3 /var/www/html/kimara_jewellery/index.php(47): CodeIgniter\CodeIgniter->run()
#4 {main}
CRITICAL - 2020-11-03 20:42:28 --> Too few arguments to function App\Controllers\AdminPageLoader::edit_product(), 0 passed in /var/www/html/kimara_jewellery/ciFiles/vendor/codeigniter4/framework/system/CodeIgniter.php on line 918 and exactly 1 expected
#0 /var/www/html/kimara_jewellery/ciFiles/vendor/codeigniter4/framework/system/CodeIgniter.php(918): App\Controllers\AdminPageLoader->edit_product()
#1 /var/www/html/kimara_jewellery/ciFiles/vendor/codeigniter4/framework/system/CodeIgniter.php(404): CodeIgniter\CodeIgniter->runController()
#2 /var/www/html/kimara_jewellery/ciFiles/vendor/codeigniter4/framework/system/CodeIgniter.php(312): CodeIgniter\CodeIgniter->handleRequest()
#3 /var/www/html/kimara_jewellery/index.php(47): CodeIgniter\CodeIgniter->run()
#4 {main}
CRITICAL - 2020-11-03 21:06:09 --> Cannot redeclare App\Controllers\Products::update()
#0 [internal function]: CodeIgniter\Debug\Exceptions->shutdownHandler()
#1 {main}
CRITICAL - 2020-11-03 21:06:41 --> Call to undefined method CodeIgniter\HTTP\IncomingRequest::post()
#0 /var/www/html/kimara_jewellery/ciFiles/vendor/codeigniter4/framework/system/CodeIgniter.php(918): App\Controllers\Products->update()
#1 /var/www/html/kimara_jewellery/ciFiles/vendor/codeigniter4/framework/system/CodeIgniter.php(404): CodeIgniter\CodeIgniter->runController()
#2 /var/www/html/kimara_jewellery/ciFiles/vendor/codeigniter4/framework/system/CodeIgniter.php(312): CodeIgniter\CodeIgniter->handleRequest()
#3 /var/www/html/kimara_jewellery/index.php(47): CodeIgniter\CodeIgniter->run()
#4 {main}
CRITICAL - 2020-11-03 21:11:14 --> Undefined variable: productId
#0 /var/www/html/kimara_jewellery/ciFiles/app/Controllers/Products.php(325): CodeIgniter\Debug\Exceptions->errorHandler()
#1 /var/www/html/kimara_jewellery/ciFiles/vendor/codeigniter4/framework/system/CodeIgniter.php(918): App\Controllers\Products->update()
#2 /var/www/html/kimara_jewellery/ciFiles/vendor/codeigniter4/framework/system/CodeIgniter.php(404): CodeIgniter\CodeIgniter->runController()
#3 /var/www/html/kimara_jewellery/ciFiles/vendor/codeigniter4/framework/system/CodeIgniter.php(312): CodeIgniter\CodeIgniter->handleRequest()
#4 /var/www/html/kimara_jewellery/index.php(47): CodeIgniter\CodeIgniter->run()
#5 {main}
CRITICAL - 2020-11-03 21:26:03 --> Undefined variable: categories
#0 /var/www/html/kimara_jewellery/ciFiles/app/Views/templates/header.php(50): CodeIgniter\Debug\Exceptions->errorHandler()
#1 /var/www/html/kimara_jewellery/ciFiles/vendor/codeigniter4/framework/system/View/View.php(246): include('/var/www/html/k...')
#2 /var/www/html/kimara_jewellery/ciFiles/vendor/codeigniter4/framework/system/Common.php(1119): CodeIgniter\View\View->render()
#3 /var/www/html/kimara_jewellery/ciFiles/app/Controllers/PublicPageLoader.php(11): view()
#4 /var/www/html/kimara_jewellery/ciFiles/app/Controllers/PublicPageLoader.php(107): App\Controllers\PublicPageLoader->public_page_loader()
#5 /var/www/html/kimara_jewellery/ciFiles/vendor/codeigniter4/framework/system/CodeIgniter.php(918): App\Controllers\PublicPageLoader->category_page()
#6 /var/www/html/kimara_jewellery/ciFiles/vendor/codeigniter4/framework/system/CodeIgniter.php(404): CodeIgniter\CodeIgniter->runController()
#7 /var/www/html/kimara_jewellery/ciFiles/vendor/codeigniter4/framework/system/CodeIgniter.php(312): CodeIgniter\CodeIgniter->handleRequest()
#8 /var/www/html/kimara_jewellery/index.php(47): CodeIgniter\CodeIgniter->run()
#9 {main}
CRITICAL - 2020-11-03 21:30:12 --> Undefined variable: categories
#0 /var/www/html/kimara_jewellery/ciFiles/app/Views/templates/header.php(50): CodeIgniter\Debug\Exceptions->errorHandler()
#1 /var/www/html/kimara_jewellery/ciFiles/vendor/codeigniter4/framework/system/View/View.php(246): include('/var/www/html/k...')
#2 /var/www/html/kimara_jewellery/ciFiles/vendor/codeigniter4/framework/system/Common.php(1119): CodeIgniter\View\View->render()
#3 /var/www/html/kimara_jewellery/ciFiles/app/Controllers/PublicPageLoader.php(11): view()
#4 /var/www/html/kimara_jewellery/ciFiles/app/Controllers/PublicPageLoader.php(103): App\Controllers\PublicPageLoader->public_page_loader()
#5 /var/www/html/kimara_jewellery/ciFiles/vendor/codeigniter4/framework/system/CodeIgniter.php(918): App\Controllers\PublicPageLoader->category_page()
#6 /var/www/html/kimara_jewellery/ciFiles/vendor/codeigniter4/framework/system/CodeIgniter.php(404): CodeIgniter\CodeIgniter->runController()
#7 /var/www/html/kimara_jewellery/ciFiles/vendor/codeigniter4/framework/system/CodeIgniter.php(312): CodeIgniter\CodeIgniter->handleRequest()
#8 /var/www/html/kimara_jewellery/index.php(47): CodeIgniter\CodeIgniter->run()
#9 {main}
CRITICAL - 2020-11-03 21:30:43 --> Undefined variable: products
#0 /var/www/html/kimara_jewellery/ciFiles/app/Views/sitePages/shop.php(17): CodeIgniter\Debug\Exceptions->errorHandler()
#1 /var/www/html/kimara_jewellery/ciFiles/vendor/codeigniter4/framework/system/View/View.php(246): include('/var/www/html/k...')
#2 /var/www/html/kimara_jewellery/ciFiles/vendor/codeigniter4/framework/system/Common.php(1119): CodeIgniter\View\View->render()
#3 /var/www/html/kimara_jewellery/ciFiles/app/Controllers/PublicPageLoader.php(12): view()
#4 /var/www/html/kimara_jewellery/ciFiles/app/Controllers/PublicPageLoader.php(105): App\Controllers\PublicPageLoader->public_page_loader()
#5 /var/www/html/kimara_jewellery/ciFiles/vendor/codeigniter4/framework/system/CodeIgniter.php(918): App\Controllers\PublicPageLoader->category_page()
#6 /var/www/html/kimara_jewellery/ciFiles/vendor/codeigniter4/framework/system/CodeIgniter.php(404): CodeIgniter\CodeIgniter->runController()
#7 /var/www/html/kimara_jewellery/ciFiles/vendor/codeigniter4/framework/system/CodeIgniter.php(312): CodeIgniter\CodeIgniter->handleRequest()
#8 /var/www/html/kimara_jewellery/index.php(47): CodeIgniter\CodeIgniter->run()
#9 {main}
CRITICAL - 2020-11-03 21:31:16 --> Invalid argument supplied for foreach()
#0 /var/www/html/kimara_jewellery/ciFiles/app/Views/sitePages/category_page.php(17): CodeIgniter\Debug\Exceptions->errorHandler()
#1 /var/www/html/kimara_jewellery/ciFiles/vendor/codeigniter4/framework/system/View/View.php(246): include('/var/www/html/k...')
#2 /var/www/html/kimara_jewellery/ciFiles/vendor/codeigniter4/framework/system/Common.php(1119): CodeIgniter\View\View->render()
#3 /var/www/html/kimara_jewellery/ciFiles/app/Controllers/PublicPageLoader.php(12): view()
#4 /var/www/html/kimara_jewellery/ciFiles/app/Controllers/PublicPageLoader.php(105): App\Controllers\PublicPageLoader->public_page_loader()
#5 /var/www/html/kimara_jewellery/ciFiles/vendor/codeigniter4/framework/system/CodeIgniter.php(918): App\Controllers\PublicPageLoader->category_page()
#6 /var/www/html/kimara_jewellery/ciFiles/vendor/codeigniter4/framework/system/CodeIgniter.php(404): CodeIgniter\CodeIgniter->runController()
#7 /var/www/html/kimara_jewellery/ciFiles/vendor/codeigniter4/framework/system/CodeIgniter.php(312): CodeIgniter\CodeIgniter->handleRequest()
#8 /var/www/html/kimara_jewellery/index.php(47): CodeIgniter\CodeIgniter->run()
#9 {main}
CRITICAL - 2020-11-03 21:31:29 --> Illegal string offset 'slug'
#0 /var/www/html/kimara_jewellery/ciFiles/app/Views/sitePages/category_page.php(21): CodeIgniter\Debug\Exceptions->errorHandler()
#1 /var/www/html/kimara_jewellery/ciFiles/vendor/codeigniter4/framework/system/View/View.php(246): include('/var/www/html/k...')
#2 /var/www/html/kimara_jewellery/ciFiles/vendor/codeigniter4/framework/system/Common.php(1119): CodeIgniter\View\View->render()
#3 /var/www/html/kimara_jewellery/ciFiles/app/Controllers/PublicPageLoader.php(12): view()
#4 /var/www/html/kimara_jewellery/ciFiles/app/Controllers/PublicPageLoader.php(105): App\Controllers\PublicPageLoader->public_page_loader()
#5 /var/www/html/kimara_jewellery/ciFiles/vendor/codeigniter4/framework/system/CodeIgniter.php(918): App\Controllers\PublicPageLoader->category_page()
#6 /var/www/html/kimara_jewellery/ciFiles/vendor/codeigniter4/framework/system/CodeIgniter.php(404): CodeIgniter\CodeIgniter->runController()
#7 /var/www/html/kimara_jewellery/ciFiles/vendor/codeigniter4/framework/system/CodeIgniter.php(312): CodeIgniter\CodeIgniter->handleRequest()
#8 /var/www/html/kimara_jewellery/index.php(47): CodeIgniter\CodeIgniter->run()
#9 {main}
CRITICAL - 2020-11-03 21:34:44 --> Illegal string offset 'slug'
#0 /var/www/html/kimara_jewellery/ciFiles/app/Views/sitePages/category_page.php(21): CodeIgniter\Debug\Exceptions->errorHandler()
#1 /var/www/html/kimara_jewellery/ciFiles/vendor/codeigniter4/framework/system/View/View.php(246): include('/var/www/html/k...')
#2 /var/www/html/kimara_jewellery/ciFiles/vendor/codeigniter4/framework/system/Common.php(1119): CodeIgniter\View\View->render()
#3 /var/www/html/kimara_jewellery/ciFiles/app/Controllers/PublicPageLoader.php(12): view()
#4 /var/www/html/kimara_jewellery/ciFiles/app/Controllers/PublicPageLoader.php(105): App\Controllers\PublicPageLoader->public_page_loader()
#5 /var/www/html/kimara_jewellery/ciFiles/vendor/codeigniter4/framework/system/CodeIgniter.php(918): App\Controllers\PublicPageLoader->category_page()
#6 /var/www/html/kimara_jewellery/ciFiles/vendor/codeigniter4/framework/system/CodeIgniter.php(404): CodeIgniter\CodeIgniter->runController()
#7 /var/www/html/kimara_jewellery/ciFiles/vendor/codeigniter4/framework/system/CodeIgniter.php(312): CodeIgniter\CodeIgniter->handleRequest()
#8 /var/www/html/kimara_jewellery/index.php(47): CodeIgniter\CodeIgniter->run()
#9 {main}
CRITICAL - 2020-11-03 21:35:05 --> Illegal string offset 'slug'
#0 /var/www/html/kimara_jewellery/ciFiles/app/Views/sitePages/category_page.php(21): CodeIgniter\Debug\Exceptions->errorHandler()
#1 /var/www/html/kimara_jewellery/ciFiles/vendor/codeigniter4/framework/system/View/View.php(246): include('/var/www/html/k...')
#2 /var/www/html/kimara_jewellery/ciFiles/vendor/codeigniter4/framework/system/Common.php(1119): CodeIgniter\View\View->render()
#3 /var/www/html/kimara_jewellery/ciFiles/app/Controllers/PublicPageLoader.php(12): view()
#4 /var/www/html/kimara_jewellery/ciFiles/app/Controllers/PublicPageLoader.php(105): App\Controllers\PublicPageLoader->public_page_loader()
#5 /var/www/html/kimara_jewellery/ciFiles/vendor/codeigniter4/framework/system/CodeIgniter.php(918): App\Controllers\PublicPageLoader->category_page()
#6 /var/www/html/kimara_jewellery/ciFiles/vendor/codeigniter4/framework/system/CodeIgniter.php(404): CodeIgniter\CodeIgniter->runController()
#7 /var/www/html/kimara_jewellery/ciFiles/vendor/codeigniter4/framework/system/CodeIgniter.php(312): CodeIgniter\CodeIgniter->handleRequest()
#8 /var/www/html/kimara_jewellery/index.php(47): CodeIgniter\CodeIgniter->run()
#9 {main}
CRITICAL - 2020-11-03 21:35:55 --> Illegal string offset 'slug'
#0 /var/www/html/kimara_jewellery/ciFiles/app/Views/sitePages/category_page.php(21): CodeIgniter\Debug\Exceptions->errorHandler()
#1 /var/www/html/kimara_jewellery/ciFiles/vendor/codeigniter4/framework/system/View/View.php(246): include('/var/www/html/k...')
#2 /var/www/html/kimara_jewellery/ciFiles/vendor/codeigniter4/framework/system/Common.php(1119): CodeIgniter\View\View->render()
#3 /var/www/html/kimara_jewellery/ciFiles/app/Controllers/PublicPageLoader.php(12): view()
#4 /var/www/html/kimara_jewellery/ciFiles/app/Controllers/PublicPageLoader.php(107): App\Controllers\PublicPageLoader->public_page_loader()
#5 /var/www/html/kimara_jewellery/ciFiles/vendor/codeigniter4/framework/system/CodeIgniter.php(918): App\Controllers\PublicPageLoader->category_page()
#6 /var/www/html/kimara_jewellery/ciFiles/vendor/codeigniter4/framework/system/CodeIgniter.php(404): CodeIgniter\CodeIgniter->runController()
#7 /var/www/html/kimara_jewellery/ciFiles/vendor/codeigniter4/framework/system/CodeIgniter.php(312): CodeIgniter\CodeIgniter->handleRequest()
#8 /var/www/html/kimara_jewellery/index.php(47): CodeIgniter\CodeIgniter->run()
#9 {main}
CRITICAL - 2020-11-03 21:36:23 --> count(): Parameter must be an array or an object that implements Countable
#0 /var/www/html/kimara_jewellery/ciFiles/app/Views/sitePages/category_page.php(17): CodeIgniter\Debug\Exceptions->errorHandler()
#1 /var/www/html/kimara_jewellery/ciFiles/vendor/codeigniter4/framework/system/View/View.php(246): include('/var/www/html/k...')
#2 /var/www/html/kimara_jewellery/ciFiles/vendor/codeigniter4/framework/system/Common.php(1119): CodeIgniter\View\View->render()
#3 /var/www/html/kimara_jewellery/ciFiles/app/Controllers/PublicPageLoader.php(12): view()
#4 /var/www/html/kimara_jewellery/ciFiles/app/Controllers/PublicPageLoader.php(106): App\Controllers\PublicPageLoader->public_page_loader()
#5 /var/www/html/kimara_jewellery/ciFiles/vendor/codeigniter4/framework/system/CodeIgniter.php(918): App\Controllers\PublicPageLoader->category_page()
#6 /var/www/html/kimara_jewellery/ciFiles/vendor/codeigniter4/framework/system/CodeIgniter.php(404): CodeIgniter\CodeIgniter->runController()
#7 /var/www/html/kimara_jewellery/ciFiles/vendor/codeigniter4/framework/system/CodeIgniter.php(312): CodeIgniter\CodeIgniter->handleRequest()
#8 /var/www/html/kimara_jewellery/index.php(47): CodeIgniter\CodeIgniter->run()
#9 {main}
CRITICAL - 2020-11-03 21:36:31 --> count(): Parameter must be an array or an object that implements Countable
#0 /var/www/html/kimara_jewellery/ciFiles/app/Views/sitePages/category_page.php(17): CodeIgniter\Debug\Exceptions->errorHandler()
#1 /var/www/html/kimara_jewellery/ciFiles/vendor/codeigniter4/framework/system/View/View.php(246): include('/var/www/html/k...')
#2 /var/www/html/kimara_jewellery/ciFiles/vendor/codeigniter4/framework/system/Common.php(1119): CodeIgniter\View\View->render()
#3 /var/www/html/kimara_jewellery/ciFiles/app/Controllers/PublicPageLoader.php(12): view()
#4 /var/www/html/kimara_jewellery/ciFiles/app/Controllers/PublicPageLoader.php(106): App\Controllers\PublicPageLoader->public_page_loader()
#5 /var/www/html/kimara_jewellery/ciFiles/vendor/codeigniter4/framework/system/CodeIgniter.php(918): App\Controllers\PublicPageLoader->category_page()
#6 /var/www/html/kimara_jewellery/ciFiles/vendor/codeigniter4/framework/system/CodeIgniter.php(404): CodeIgniter\CodeIgniter->runController()
#7 /var/www/html/kimara_jewellery/ciFiles/vendor/codeigniter4/framework/system/CodeIgniter.php(312): CodeIgniter\CodeIgniter->handleRequest()
#8 /var/www/html/kimara_jewellery/index.php(47): CodeIgniter\CodeIgniter->run()
#9 {main}
CRITICAL - 2020-11-03 21:45:03 --> Undefined variable: categories
#0 /var/www/html/kimara_jewellery/ciFiles/app/Views/templates/header.php(50): CodeIgniter\Debug\Exceptions->errorHandler()
#1 /var/www/html/kimara_jewellery/ciFiles/vendor/codeigniter4/framework/system/View/View.php(246): include('/var/www/html/k...')
#2 /var/www/html/kimara_jewellery/ciFiles/vendor/codeigniter4/framework/system/Common.php(1119): CodeIgniter\View\View->render()
#3 /var/www/html/kimara_jewellery/ciFiles/app/Controllers/PublicPageLoader.php(11): view()
#4 /var/www/html/kimara_jewellery/ciFiles/app/Controllers/PublicPageLoader.php(88): App\Controllers\PublicPageLoader->public_page_loader()
#5 /var/www/html/kimara_jewellery/ciFiles/vendor/codeigniter4/framework/system/CodeIgniter.php(918): App\Controllers\PublicPageLoader->shop()
#6 /var/www/html/kimara_jewellery/ciFiles/vendor/codeigniter4/framework/system/CodeIgniter.php(404): CodeIgniter\CodeIgniter->runController()
#7 /var/www/html/kimara_jewellery/ciFiles/vendor/codeigniter4/framework/system/CodeIgniter.php(312): CodeIgniter\CodeIgniter->handleRequest()
#8 /var/www/html/kimara_jewellery/index.php(47): CodeIgniter\CodeIgniter->run()
#9 {main}
CRITICAL - 2020-11-03 22:17:28 --> Unable to connect to the database.
#0 /var/www/html/kimara_jewellery/ciFiles/vendor/codeigniter4/framework/system/Database/BaseConnection.php(646): CodeIgniter\Database\BaseConnection->initialize()
#1 /var/www/html/kimara_jewellery/ciFiles/vendor/codeigniter4/framework/system/Database/BaseBuilder.php(1860): CodeIgniter\Database\BaseConnection->query('SELECT *\nFROM `...', Array, false)
#2 /var/www/html/kimara_jewellery/ciFiles/vendor/codeigniter4/framework/system/Model.php(462): CodeIgniter\Database\BaseBuilder->get()
#3 /var/www/html/kimara_jewellery/ciFiles/app/Controllers/PublicPageLoader.php(24): CodeIgniter\Model->findAll()
#4 /var/www/html/kimara_jewellery/ciFiles/vendor/codeigniter4/framework/system/CodeIgniter.php(918): App\Controllers\PublicPageLoader->home()
#5 /var/www/html/kimara_jewellery/ciFiles/vendor/codeigniter4/framework/system/CodeIgniter.php(404): CodeIgniter\CodeIgniter->runController(Object(App\Controllers\PublicPageLoader))
#6 /var/www/html/kimara_jewellery/ciFiles/vendor/codeigniter4/framework/system/CodeIgniter.php(312): CodeIgniter\CodeIgniter->handleRequest(NULL, Object(Config\Cache), false)
#7 /var/www/html/kimara_jewellery/index.php(46): CodeIgniter\CodeIgniter->run()
#8 {main}
CRITICAL - 2020-11-03 22:28:05 --> Undefined variable: title
#0 /var/www/html/kimara_jewellery/ciFiles/app/Views/templates/header.php(6): CodeIgniter\Debug\Exceptions->errorHandler(8, 'Undefined varia...', '/var/www/html/k...', 6, Array)
#1 /var/www/html/kimara_jewellery/ciFiles/vendor/codeigniter4/framework/system/View/View.php(246): include('/var/www/html/k...')
#2 /var/www/html/kimara_jewellery/ciFiles/vendor/codeigniter4/framework/system/Common.php(1119): CodeIgniter\View\View->render('templates/heade...', Array, true)
#3 /var/www/html/kimara_jewellery/ciFiles/app/Controllers/PublicPageLoader.php(11): view('templates/heade...', Array)
#4 /var/www/html/kimara_jewellery/ciFiles/app/Controllers/PublicPageLoader.php(26): App\Controllers\PublicPageLoader->public_page_loader('home', Array)
#5 /var/www/html/kimara_jewellery/ciFiles/vendor/codeigniter4/framework/system/CodeIgniter.php(918): App\Controllers\PublicPageLoader->customer_login()
#6 /var/www/html/kimara_jewellery/ciFiles/vendor/codeigniter4/framework/system/CodeIgniter.php(404): CodeIgniter\CodeIgniter->runController(Object(App\Controllers\PublicPageLoader))
#7 /var/www/html/kimara_jewellery/ciFiles/vendor/codeigniter4/framework/system/CodeIgniter.php(312): CodeIgniter\CodeIgniter->handleRequest(NULL, Object(Config\Cache), false)
#8 /var/www/html/kimara_jewellery/index.php(46): CodeIgniter\CodeIgniter->run()
#9 {main}
CRITICAL - 2020-11-03 22:28:23 --> Undefined variable: products
#0 /var/www/html/kimara_jewellery/ciFiles/app/Views/sitePages/home.php(87): CodeIgniter\Debug\Exceptions->errorHandler(8, 'Undefined varia...', '/var/www/html/k...', 87, Array)
#1 /var/www/html/kimara_jewellery/ciFiles/vendor/codeigniter4/framework/system/View/View.php(246): include('/var/www/html/k...')
#2 /var/www/html/kimara_jewellery/ciFiles/vendor/codeigniter4/framework/system/Common.php(1119): CodeIgniter\View\View->render('sitePages/home', Array, true)
#3 /var/www/html/kimara_jewellery/ciFiles/app/Controllers/PublicPageLoader.php(12): view('sitePages/home', Array)
#4 /var/www/html/kimara_jewellery/ciFiles/app/Controllers/PublicPageLoader.php(27): App\Controllers\PublicPageLoader->public_page_loader('home', Array)
#5 /var/www/html/kimara_jewellery/ciFiles/vendor/codeigniter4/framework/system/CodeIgniter.php(918): App\Controllers\PublicPageLoader->customer_login()
#6 /var/www/html/kimara_jewellery/ciFiles/vendor/codeigniter4/framework/system/CodeIgniter.php(404): CodeIgniter\CodeIgniter->runController(Object(App\Controllers\PublicPageLoader))
#7 /var/www/html/kimara_jewellery/ciFiles/vendor/codeigniter4/framework/system/CodeIgniter.php(312): CodeIgniter\CodeIgniter->handleRequest(NULL, Object(Config\Cache), false)
#8 /var/www/html/kimara_jewellery/index.php(46): CodeIgniter\CodeIgniter->run()
#9 {main}
CRITICAL - 2020-11-03 22:32:18 --> Undefined variable: success
#0 /var/www/html/kimara_jewellery/ciFiles/app/Views/sitePages/customer_login.php(12): CodeIgniter\Debug\Exceptions->errorHandler(8, 'Undefined varia...', '/var/www/html/k...', 12, Array)
#1 /var/www/html/kimara_jewellery/ciFiles/vendor/codeigniter4/framework/system/View/View.php(246): include('/var/www/html/k...')
#2 /var/www/html/kimara_jewellery/ciFiles/vendor/codeigniter4/framework/system/Common.php(1119): CodeIgniter\View\View->render('sitePages/custo...', Array, true)
#3 /var/www/html/kimara_jewellery/ciFiles/app/Controllers/PublicPageLoader.php(12): view('sitePages/custo...', Array)
#4 /var/www/html/kimara_jewellery/ciFiles/app/Controllers/PublicPageLoader.php(27): App\Controllers\PublicPageLoader->public_page_loader('customer_login', Array)
#5 /var/www/html/kimara_jewellery/ciFiles/vendor/codeigniter4/framework/system/CodeIgniter.php(918): App\Controllers\PublicPageLoader->customer_login()
#6 /var/www/html/kimara_jewellery/ciFiles/vendor/codeigniter4/framework/system/CodeIgniter.php(404): CodeIgniter\CodeIgniter->runController(Object(App\Controllers\PublicPageLoader))
#7 /var/www/html/kimara_jewellery/ciFiles/vendor/codeigniter4/framework/system/CodeIgniter.php(312): CodeIgniter\CodeIgniter->handleRequest(NULL, Object(Config\Cache), false)
#8 /var/www/html/kimara_jewellery/index.php(46): CodeIgniter\CodeIgniter->run()
#9 {main}
CRITICAL - 2020-11-03 23:41:30 --> The uploaded file has already been moved.
#0 /var/www/html/kimara_jewellery/ciFiles/vendor/codeigniter4/framework/system/HTTP/Files/UploadedFile.php(167): CodeIgniter\HTTP\Exceptions\HTTPException::forAlreadyMoved()
#1 /var/www/html/kimara_jewellery/ciFiles/app/Controllers/Products.php(115): CodeIgniter\HTTP\Files\UploadedFile->move()
#2 /var/www/html/kimara_jewellery/ciFiles/vendor/codeigniter4/framework/system/CodeIgniter.php(918): App\Controllers\Products->add()
#3 /var/www/html/kimara_jewellery/ciFiles/vendor/codeigniter4/framework/system/CodeIgniter.php(404): CodeIgniter\CodeIgniter->runController()
#4 /var/www/html/kimara_jewellery/ciFiles/vendor/codeigniter4/framework/system/CodeIgniter.php(312): CodeIgniter\CodeIgniter->handleRequest()
#5 /var/www/html/kimara_jewellery/index.php(46): CodeIgniter\CodeIgniter->run()
#6 {main}
CRITICAL - 2020-11-03 23:42:36 --> The uploaded file has already been moved.
#0 /var/www/html/kimara_jewellery/ciFiles/vendor/codeigniter4/framework/system/HTTP/Files/UploadedFile.php(167): CodeIgniter\HTTP\Exceptions\HTTPException::forAlreadyMoved()
#1 /var/www/html/kimara_jewellery/ciFiles/app/Controllers/Products.php(115): CodeIgniter\HTTP\Files\UploadedFile->move()
#2 /var/www/html/kimara_jewellery/ciFiles/vendor/codeigniter4/framework/system/CodeIgniter.php(918): App\Controllers\Products->add()
#3 /var/www/html/kimara_jewellery/ciFiles/vendor/codeigniter4/framework/system/CodeIgniter.php(404): CodeIgniter\CodeIgniter->runController()
#4 /var/www/html/kimara_jewellery/ciFiles/vendor/codeigniter4/framework/system/CodeIgniter.php(312): CodeIgniter\CodeIgniter->handleRequest()
#5 /var/www/html/kimara_jewellery/index.php(46): CodeIgniter\CodeIgniter->run()
#6 {main}
CRITICAL - 2020-11-03 23:43:44 --> Undefined variable: img
#0 /var/www/html/kimara_jewellery/ciFiles/app/Controllers/Products.php(85): CodeIgniter\Debug\Exceptions->errorHandler()
#1 /var/www/html/kimara_jewellery/ciFiles/vendor/codeigniter4/framework/system/CodeIgniter.php(918): App\Controllers\Products->add()
#2 /var/www/html/kimara_jewellery/ciFiles/vendor/codeigniter4/framework/system/CodeIgniter.php(404): CodeIgniter\CodeIgniter->runController()
#3 /var/www/html/kimara_jewellery/ciFiles/vendor/codeigniter4/framework/system/CodeIgniter.php(312): CodeIgniter\CodeIgniter->handleRequest()
#4 /var/www/html/kimara_jewellery/index.php(46): CodeIgniter\CodeIgniter->run()
#5 {main}
CRITICAL - 2020-11-03 23:43:57 --> The uploaded file has already been moved.
#0 /var/www/html/kimara_jewellery/ciFiles/vendor/codeigniter4/framework/system/HTTP/Files/UploadedFile.php(167): CodeIgniter\HTTP\Exceptions\HTTPException::forAlreadyMoved()
#1 /var/www/html/kimara_jewellery/ciFiles/app/Controllers/Products.php(119): CodeIgniter\HTTP\Files\UploadedFile->move()
#2 /var/www/html/kimara_jewellery/ciFiles/vendor/codeigniter4/framework/system/CodeIgniter.php(918): App\Controllers\Products->add()
#3 /var/www/html/kimara_jewellery/ciFiles/vendor/codeigniter4/framework/system/CodeIgniter.php(404): CodeIgniter\CodeIgniter->runController()
#4 /var/www/html/kimara_jewellery/ciFiles/vendor/codeigniter4/framework/system/CodeIgniter.php(312): CodeIgniter\CodeIgniter->handleRequest()
#5 /var/www/html/kimara_jewellery/index.php(46): CodeIgniter\CodeIgniter->run()
#6 {main}
CRITICAL - 2020-11-03 23:46:50 --> Undefined variable: googleLoginUrl
#0 /var/www/html/kimara_jewellery/ciFiles/app/Views/sitePages/customer_login.php(15): CodeIgniter\Debug\Exceptions->errorHandler()
#1 /var/www/html/kimara_jewellery/ciFiles/vendor/codeigniter4/framework/system/View/View.php(246): include('/var/www/html/k...')
#2 /var/www/html/kimara_jewellery/ciFiles/vendor/codeigniter4/framework/system/Common.php(1119): CodeIgniter\View\View->render()
#3 /var/www/html/kimara_jewellery/ciFiles/app/Controllers/PublicPageLoader.php(12): view()
#4 /var/www/html/kimara_jewellery/ciFiles/app/Controllers/PublicPageLoader.php(28): App\Controllers\PublicPageLoader->public_page_loader()
#5 /var/www/html/kimara_jewellery/ciFiles/vendor/codeigniter4/framework/system/CodeIgniter.php(918): App\Controllers\PublicPageLoader->customer_login()
#6 /var/www/html/kimara_jewellery/ciFiles/vendor/codeigniter4/framework/system/CodeIgniter.php(404): CodeIgniter\CodeIgniter->runController()
#7 /var/www/html/kimara_jewellery/ciFiles/vendor/codeigniter4/framework/system/CodeIgniter.php(312): CodeIgniter\CodeIgniter->handleRequest()
#8 /var/www/html/kimara_jewellery/index.php(46): CodeIgniter\CodeIgniter->run()
#9 {main}
