CRITICAL - 2020-11-04 00:39:02 --> Undefined variable: googleLoginUrl
#0 /var/www/html/kimara_jewellery/ciFiles/app/Views/sitePages/customer_login.php(15): CodeIgniter\Debug\Exceptions->errorHandler()
#1 /var/www/html/kimara_jewellery/ciFiles/vendor/codeigniter4/framework/system/View/View.php(246): include('/var/www/html/k...')
#2 /var/www/html/kimara_jewellery/ciFiles/vendor/codeigniter4/framework/system/Common.php(1119): CodeIgniter\View\View->render()
#3 /var/www/html/kimara_jewellery/ciFiles/app/Controllers/PublicPageLoader.php(12): view()
#4 /var/www/html/kimara_jewellery/ciFiles/app/Controllers/PublicPageLoader.php(28): App\Controllers\PublicPageLoader->public_page_loader()
#5 /var/www/html/kimara_jewellery/ciFiles/vendor/codeigniter4/framework/system/CodeIgniter.php(918): App\Controllers\PublicPageLoader->customer_login()
#6 /var/www/html/kimara_jewellery/ciFiles/vendor/codeigniter4/framework/system/CodeIgniter.php(404): CodeIgniter\CodeIgniter->runController()
#7 /var/www/html/kimara_jewellery/ciFiles/vendor/codeigniter4/framework/system/CodeIgniter.php(312): CodeIgniter\CodeIgniter->handleRequest()
#8 /var/www/html/kimara_jewellery/index.php(46): CodeIgniter\CodeIgniter->run()
#9 {main}
CRITICAL - 2020-11-04 00:39:07 --> Undefined variable: googleLoginUrl
#0 /var/www/html/kimara_jewellery/ciFiles/app/Views/sitePages/customer_login.php(15): CodeIgniter\Debug\Exceptions->errorHandler()
#1 /var/www/html/kimara_jewellery/ciFiles/vendor/codeigniter4/framework/system/View/View.php(246): include('/var/www/html/k...')
#2 /var/www/html/kimara_jewellery/ciFiles/vendor/codeigniter4/framework/system/Common.php(1119): CodeIgniter\View\View->render()
#3 /var/www/html/kimara_jewellery/ciFiles/app/Controllers/PublicPageLoader.php(12): view()
#4 /var/www/html/kimara_jewellery/ciFiles/app/Controllers/PublicPageLoader.php(28): App\Controllers\PublicPageLoader->public_page_loader()
#5 /var/www/html/kimara_jewellery/ciFiles/vendor/codeigniter4/framework/system/CodeIgniter.php(918): App\Controllers\PublicPageLoader->customer_login()
#6 /var/www/html/kimara_jewellery/ciFiles/vendor/codeigniter4/framework/system/CodeIgniter.php(404): CodeIgniter\CodeIgniter->runController()
#7 /var/www/html/kimara_jewellery/ciFiles/vendor/codeigniter4/framework/system/CodeIgniter.php(312): CodeIgniter\CodeIgniter->handleRequest()
#8 /var/www/html/kimara_jewellery/index.php(46): CodeIgniter\CodeIgniter->run()
#9 {main}
CRITICAL - 2020-11-04 00:39:08 --> Undefined variable: googleLoginUrl
#0 /var/www/html/kimara_jewellery/ciFiles/app/Views/sitePages/customer_login.php(15): CodeIgniter\Debug\Exceptions->errorHandler()
#1 /var/www/html/kimara_jewellery/ciFiles/vendor/codeigniter4/framework/system/View/View.php(246): include('/var/www/html/k...')
#2 /var/www/html/kimara_jewellery/ciFiles/vendor/codeigniter4/framework/system/Common.php(1119): CodeIgniter\View\View->render()
#3 /var/www/html/kimara_jewellery/ciFiles/app/Controllers/PublicPageLoader.php(12): view()
#4 /var/www/html/kimara_jewellery/ciFiles/app/Controllers/PublicPageLoader.php(28): App\Controllers\PublicPageLoader->public_page_loader()
#5 /var/www/html/kimara_jewellery/ciFiles/vendor/codeigniter4/framework/system/CodeIgniter.php(918): App\Controllers\PublicPageLoader->customer_login()
#6 /var/www/html/kimara_jewellery/ciFiles/vendor/codeigniter4/framework/system/CodeIgniter.php(404): CodeIgniter\CodeIgniter->runController()
#7 /var/www/html/kimara_jewellery/ciFiles/vendor/codeigniter4/framework/system/CodeIgniter.php(312): CodeIgniter\CodeIgniter->handleRequest()
#8 /var/www/html/kimara_jewellery/index.php(46): CodeIgniter\CodeIgniter->run()
#9 {main}
CRITICAL - 2020-11-04 00:47:01 --> Undefined variable: googleLoginUrl
#0 /var/www/html/kimara_jewellery/ciFiles/app/Views/sitePages/customer_login.php(15): CodeIgniter\Debug\Exceptions->errorHandler()
#1 /var/www/html/kimara_jewellery/ciFiles/vendor/codeigniter4/framework/system/View/View.php(246): include('/var/www/html/k...')
#2 /var/www/html/kimara_jewellery/ciFiles/vendor/codeigniter4/framework/system/Common.php(1119): CodeIgniter\View\View->render()
#3 /var/www/html/kimara_jewellery/ciFiles/app/Controllers/PublicPageLoader.php(12): view()
#4 /var/www/html/kimara_jewellery/ciFiles/app/Controllers/PublicPageLoader.php(28): App\Controllers\PublicPageLoader->public_page_loader()
#5 /var/www/html/kimara_jewellery/ciFiles/vendor/codeigniter4/framework/system/CodeIgniter.php(918): App\Controllers\PublicPageLoader->customer_login()
#6 /var/www/html/kimara_jewellery/ciFiles/vendor/codeigniter4/framework/system/CodeIgniter.php(404): CodeIgniter\CodeIgniter->runController()
#7 /var/www/html/kimara_jewellery/ciFiles/vendor/codeigniter4/framework/system/CodeIgniter.php(312): CodeIgniter\CodeIgniter->handleRequest()
#8 /var/www/html/kimara_jewellery/index.php(46): CodeIgniter\CodeIgniter->run()
#9 {main}
CRITICAL - 2020-11-04 00:49:15 --> Undefined variable: googleLoginUrl
#0 /var/www/html/kimara_jewellery/ciFiles/app/Views/sitePages/customer_login.php(15): CodeIgniter\Debug\Exceptions->errorHandler()
#1 /var/www/html/kimara_jewellery/ciFiles/vendor/codeigniter4/framework/system/View/View.php(246): include('/var/www/html/k...')
#2 /var/www/html/kimara_jewellery/ciFiles/vendor/codeigniter4/framework/system/Common.php(1119): CodeIgniter\View\View->render()
#3 /var/www/html/kimara_jewellery/ciFiles/app/Controllers/PublicPageLoader.php(12): view()
#4 /var/www/html/kimara_jewellery/ciFiles/app/Controllers/PublicPageLoader.php(28): App\Controllers\PublicPageLoader->public_page_loader()
#5 /var/www/html/kimara_jewellery/ciFiles/vendor/codeigniter4/framework/system/CodeIgniter.php(918): App\Controllers\PublicPageLoader->customer_login()
#6 /var/www/html/kimara_jewellery/ciFiles/vendor/codeigniter4/framework/system/CodeIgniter.php(404): CodeIgniter\CodeIgniter->runController()
#7 /var/www/html/kimara_jewellery/ciFiles/vendor/codeigniter4/framework/system/CodeIgniter.php(312): CodeIgniter\CodeIgniter->handleRequest()
#8 /var/www/html/kimara_jewellery/index.php(46): CodeIgniter\CodeIgniter->run()
#9 {main}
CRITICAL - 2020-11-04 00:50:05 --> Undefined variable: googleLoginUrl
#0 /var/www/html/kimara_jewellery/ciFiles/app/Views/sitePages/customer_login.php(15): CodeIgniter\Debug\Exceptions->errorHandler()
#1 /var/www/html/kimara_jewellery/ciFiles/vendor/codeigniter4/framework/system/View/View.php(246): include('/var/www/html/k...')
#2 /var/www/html/kimara_jewellery/ciFiles/vendor/codeigniter4/framework/system/Common.php(1119): CodeIgniter\View\View->render()
#3 /var/www/html/kimara_jewellery/ciFiles/app/Controllers/PublicPageLoader.php(12): view()
#4 /var/www/html/kimara_jewellery/ciFiles/app/Controllers/PublicPageLoader.php(28): App\Controllers\PublicPageLoader->public_page_loader()
#5 /var/www/html/kimara_jewellery/ciFiles/vendor/codeigniter4/framework/system/CodeIgniter.php(918): App\Controllers\PublicPageLoader->customer_login()
#6 /var/www/html/kimara_jewellery/ciFiles/vendor/codeigniter4/framework/system/CodeIgniter.php(404): CodeIgniter\CodeIgniter->runController()
#7 /var/www/html/kimara_jewellery/ciFiles/vendor/codeigniter4/framework/system/CodeIgniter.php(312): CodeIgniter\CodeIgniter->handleRequest()
#8 /var/www/html/kimara_jewellery/index.php(46): CodeIgniter\CodeIgniter->run()
#9 {main}
CRITICAL - 2020-11-04 02:30:03 --> Undefined variable: categories
#0 /var/www/html/kimara_jewellery/ciFiles/app/Views/templates/header.php(50): CodeIgniter\Debug\Exceptions->errorHandler()
#1 /var/www/html/kimara_jewellery/ciFiles/vendor/codeigniter4/framework/system/View/View.php(246): include('/var/www/html/k...')
#2 /var/www/html/kimara_jewellery/ciFiles/vendor/codeigniter4/framework/system/Common.php(1119): CodeIgniter\View\View->render()
#3 /var/www/html/kimara_jewellery/ciFiles/app/Controllers/Authentication.php(67): view()
#4 /var/www/html/kimara_jewellery/ciFiles/app/Controllers/Authentication.php(57): App\Controllers\Authentication->load_admin_login_error()
#5 /var/www/html/kimara_jewellery/ciFiles/vendor/codeigniter4/framework/system/CodeIgniter.php(918): App\Controllers\Authentication->login()
#6 /var/www/html/kimara_jewellery/ciFiles/vendor/codeigniter4/framework/system/CodeIgniter.php(404): CodeIgniter\CodeIgniter->runController()
#7 /var/www/html/kimara_jewellery/ciFiles/vendor/codeigniter4/framework/system/CodeIgniter.php(312): CodeIgniter\CodeIgniter->handleRequest()
#8 /var/www/html/kimara_jewellery/index.php(46): CodeIgniter\CodeIgniter->run()
#9 {main}
CRITICAL - 2020-11-04 02:33:36 --> Undefined variable: categories
#0 /var/www/html/kimara_jewellery/ciFiles/app/Views/templates/header.php(50): CodeIgniter\Debug\Exceptions->errorHandler()
#1 /var/www/html/kimara_jewellery/ciFiles/vendor/codeigniter4/framework/system/View/View.php(246): include('/var/www/html/k...')
#2 /var/www/html/kimara_jewellery/ciFiles/vendor/codeigniter4/framework/system/Common.php(1119): CodeIgniter\View\View->render()
#3 /var/www/html/kimara_jewellery/ciFiles/app/Controllers/Authentication.php(121): view()
#4 /var/www/html/kimara_jewellery/ciFiles/app/Controllers/Authentication.php(57): App\Controllers\Authentication->load_admin_login_error()
#5 /var/www/html/kimara_jewellery/ciFiles/vendor/codeigniter4/framework/system/CodeIgniter.php(918): App\Controllers\Authentication->login()
#6 /var/www/html/kimara_jewellery/ciFiles/vendor/codeigniter4/framework/system/CodeIgniter.php(404): CodeIgniter\CodeIgniter->runController()
#7 /var/www/html/kimara_jewellery/ciFiles/vendor/codeigniter4/framework/system/CodeIgniter.php(312): CodeIgniter\CodeIgniter->handleRequest()
#8 /var/www/html/kimara_jewellery/index.php(46): CodeIgniter\CodeIgniter->run()
#9 {main}
CRITICAL - 2020-11-04 02:40:49 --> Undefined variable: success
#0 /var/www/html/kimara_jewellery/ciFiles/app/Views/sitePages/my_account.php(19): CodeIgniter\Debug\Exceptions->errorHandler()
#1 /var/www/html/kimara_jewellery/ciFiles/vendor/codeigniter4/framework/system/View/View.php(246): include('/var/www/html/k...')
#2 /var/www/html/kimara_jewellery/ciFiles/vendor/codeigniter4/framework/system/Common.php(1119): CodeIgniter\View\View->render()
#3 /var/www/html/kimara_jewellery/ciFiles/app/Controllers/PublicPageLoader.php(12): view()
#4 /var/www/html/kimara_jewellery/ciFiles/app/Controllers/PublicPageLoader.php(36): App\Controllers\PublicPageLoader->public_page_loader()
#5 /var/www/html/kimara_jewellery/ciFiles/vendor/codeigniter4/framework/system/CodeIgniter.php(918): App\Controllers\PublicPageLoader->my_account()
#6 /var/www/html/kimara_jewellery/ciFiles/vendor/codeigniter4/framework/system/CodeIgniter.php(404): CodeIgniter\CodeIgniter->runController()
#7 /var/www/html/kimara_jewellery/ciFiles/vendor/codeigniter4/framework/system/CodeIgniter.php(312): CodeIgniter\CodeIgniter->handleRequest()
#8 /var/www/html/kimara_jewellery/index.php(46): CodeIgniter\CodeIgniter->run()
#9 {main}
CRITICAL - 2020-11-04 02:41:26 --> Undefined index: reff_code
#0 /var/www/html/kimara_jewellery/ciFiles/app/Views/sitePages/my_account.php(92): CodeIgniter\Debug\Exceptions->errorHandler()
#1 /var/www/html/kimara_jewellery/ciFiles/vendor/codeigniter4/framework/system/View/View.php(246): include('/var/www/html/k...')
#2 /var/www/html/kimara_jewellery/ciFiles/vendor/codeigniter4/framework/system/Common.php(1119): CodeIgniter\View\View->render()
#3 /var/www/html/kimara_jewellery/ciFiles/app/Controllers/PublicPageLoader.php(12): view()
#4 /var/www/html/kimara_jewellery/ciFiles/app/Controllers/PublicPageLoader.php(36): App\Controllers\PublicPageLoader->public_page_loader()
#5 /var/www/html/kimara_jewellery/ciFiles/vendor/codeigniter4/framework/system/CodeIgniter.php(918): App\Controllers\PublicPageLoader->my_account()
#6 /var/www/html/kimara_jewellery/ciFiles/vendor/codeigniter4/framework/system/CodeIgniter.php(404): CodeIgniter\CodeIgniter->runController()
#7 /var/www/html/kimara_jewellery/ciFiles/vendor/codeigniter4/framework/system/CodeIgniter.php(312): CodeIgniter\CodeIgniter->handleRequest()
#8 /var/www/html/kimara_jewellery/index.php(46): CodeIgniter\CodeIgniter->run()
#9 {main}
CRITICAL - 2020-11-04 02:42:05 --> Undefined index: reff_code
#0 /var/www/html/kimara_jewellery/ciFiles/app/Views/sitePages/my_account.php(92): CodeIgniter\Debug\Exceptions->errorHandler()
#1 /var/www/html/kimara_jewellery/ciFiles/vendor/codeigniter4/framework/system/View/View.php(246): include('/var/www/html/k...')
#2 /var/www/html/kimara_jewellery/ciFiles/vendor/codeigniter4/framework/system/Common.php(1119): CodeIgniter\View\View->render()
#3 /var/www/html/kimara_jewellery/ciFiles/app/Controllers/PublicPageLoader.php(12): view()
#4 /var/www/html/kimara_jewellery/ciFiles/app/Controllers/PublicPageLoader.php(36): App\Controllers\PublicPageLoader->public_page_loader()
#5 /var/www/html/kimara_jewellery/ciFiles/vendor/codeigniter4/framework/system/CodeIgniter.php(918): App\Controllers\PublicPageLoader->my_account()
#6 /var/www/html/kimara_jewellery/ciFiles/vendor/codeigniter4/framework/system/CodeIgniter.php(404): CodeIgniter\CodeIgniter->runController()
#7 /var/www/html/kimara_jewellery/ciFiles/vendor/codeigniter4/framework/system/CodeIgniter.php(312): CodeIgniter\CodeIgniter->handleRequest()
#8 /var/www/html/kimara_jewellery/index.php(46): CodeIgniter\CodeIgniter->run()
#9 {main}
CRITICAL - 2020-11-04 04:18:03 --> Undefined variable: product_id
#0 /var/www/html/kimara_jewellery/ciFiles/app/Controllers/Cart.php(23): CodeIgniter\Debug\Exceptions->errorHandler()
#1 /var/www/html/kimara_jewellery/ciFiles/vendor/codeigniter4/framework/system/CodeIgniter.php(918): App\Controllers\Cart->add()
#2 /var/www/html/kimara_jewellery/ciFiles/vendor/codeigniter4/framework/system/CodeIgniter.php(404): CodeIgniter\CodeIgniter->runController()
#3 /var/www/html/kimara_jewellery/ciFiles/vendor/codeigniter4/framework/system/CodeIgniter.php(312): CodeIgniter\CodeIgniter->handleRequest()
#4 /var/www/html/kimara_jewellery/index.php(46): CodeIgniter\CodeIgniter->run()
#5 {main}
CRITICAL - 2020-11-04 04:29:03 --> whereIn() expects $values to be of type array or closure
#0 /var/www/html/kimara_jewellery/ciFiles/vendor/codeigniter4/framework/system/Database/BaseBuilder.php(853): CodeIgniter\Database\BaseBuilder->_whereIn()
#1 /var/www/html/kimara_jewellery/ciFiles/vendor/codeigniter4/framework/system/Model.php(1818): CodeIgniter\Database\BaseBuilder->whereIn()
#2 /var/www/html/kimara_jewellery/ciFiles/app/Controllers/Cart.php(32): CodeIgniter\Model->__call()
#3 /var/www/html/kimara_jewellery/ciFiles/vendor/codeigniter4/framework/system/CodeIgniter.php(918): App\Controllers\Cart->add()
#4 /var/www/html/kimara_jewellery/ciFiles/vendor/codeigniter4/framework/system/CodeIgniter.php(404): CodeIgniter\CodeIgniter->runController()
#5 /var/www/html/kimara_jewellery/ciFiles/vendor/codeigniter4/framework/system/CodeIgniter.php(312): CodeIgniter\CodeIgniter->handleRequest()
#6 /var/www/html/kimara_jewellery/index.php(46): CodeIgniter\CodeIgniter->run()
#7 {main}
CRITICAL - 2020-11-04 04:29:11 --> whereIn() expects $values to be of type array or closure
#0 /var/www/html/kimara_jewellery/ciFiles/vendor/codeigniter4/framework/system/Database/BaseBuilder.php(853): CodeIgniter\Database\BaseBuilder->_whereIn()
#1 /var/www/html/kimara_jewellery/ciFiles/vendor/codeigniter4/framework/system/Model.php(1818): CodeIgniter\Database\BaseBuilder->whereIn()
#2 /var/www/html/kimara_jewellery/ciFiles/app/Controllers/Cart.php(32): CodeIgniter\Model->__call()
#3 /var/www/html/kimara_jewellery/ciFiles/vendor/codeigniter4/framework/system/CodeIgniter.php(918): App\Controllers\Cart->add()
#4 /var/www/html/kimara_jewellery/ciFiles/vendor/codeigniter4/framework/system/CodeIgniter.php(404): CodeIgniter\CodeIgniter->runController()
#5 /var/www/html/kimara_jewellery/ciFiles/vendor/codeigniter4/framework/system/CodeIgniter.php(312): CodeIgniter\CodeIgniter->handleRequest()
#6 /var/www/html/kimara_jewellery/index.php(46): CodeIgniter\CodeIgniter->run()
#7 {main}
CRITICAL - 2020-11-04 04:29:41 --> You must use the "set" method to update an entry.
#0 /var/www/html/kimara_jewellery/ciFiles/vendor/codeigniter4/framework/system/Database/BaseBuilder.php(2430): CodeIgniter\Database\BaseBuilder->validateUpdate()
#1 /var/www/html/kimara_jewellery/ciFiles/vendor/codeigniter4/framework/system/Model.php(889): CodeIgniter\Database\BaseBuilder->update()
#2 /var/www/html/kimara_jewellery/ciFiles/app/Controllers/Cart.php(34): CodeIgniter\Model->update()
#3 /var/www/html/kimara_jewellery/ciFiles/vendor/codeigniter4/framework/system/CodeIgniter.php(918): App\Controllers\Cart->add()
#4 /var/www/html/kimara_jewellery/ciFiles/vendor/codeigniter4/framework/system/CodeIgniter.php(404): CodeIgniter\CodeIgniter->runController()
#5 /var/www/html/kimara_jewellery/ciFiles/vendor/codeigniter4/framework/system/CodeIgniter.php(312): CodeIgniter\CodeIgniter->handleRequest()
#6 /var/www/html/kimara_jewellery/index.php(46): CodeIgniter\CodeIgniter->run()
#7 {main}
CRITICAL - 2020-11-04 04:30:17 --> You must use the "set" method to update an entry.
#0 /var/www/html/kimara_jewellery/ciFiles/vendor/codeigniter4/framework/system/Database/BaseBuilder.php(2430): CodeIgniter\Database\BaseBuilder->validateUpdate()
#1 /var/www/html/kimara_jewellery/ciFiles/vendor/codeigniter4/framework/system/Model.php(889): CodeIgniter\Database\BaseBuilder->update()
#2 /var/www/html/kimara_jewellery/ciFiles/app/Controllers/Cart.php(34): CodeIgniter\Model->update()
#3 /var/www/html/kimara_jewellery/ciFiles/vendor/codeigniter4/framework/system/CodeIgniter.php(918): App\Controllers\Cart->add()
#4 /var/www/html/kimara_jewellery/ciFiles/vendor/codeigniter4/framework/system/CodeIgniter.php(404): CodeIgniter\CodeIgniter->runController()
#5 /var/www/html/kimara_jewellery/ciFiles/vendor/codeigniter4/framework/system/CodeIgniter.php(312): CodeIgniter\CodeIgniter->handleRequest()
#6 /var/www/html/kimara_jewellery/index.php(46): CodeIgniter\CodeIgniter->run()
#7 {main}
CRITICAL - 2020-11-04 05:24:16 --> Undefined variable: itemExists
#0 /var/www/html/kimara_jewellery/ciFiles/app/Controllers/Cart.php(79): CodeIgniter\Debug\Exceptions->errorHandler()
#1 /var/www/html/kimara_jewellery/ciFiles/vendor/codeigniter4/framework/system/CodeIgniter.php(918): App\Controllers\Cart->update()
#2 /var/www/html/kimara_jewellery/ciFiles/vendor/codeigniter4/framework/system/CodeIgniter.php(404): CodeIgniter\CodeIgniter->runController()
#3 /var/www/html/kimara_jewellery/ciFiles/vendor/codeigniter4/framework/system/CodeIgniter.php(312): CodeIgniter\CodeIgniter->handleRequest()
#4 /var/www/html/kimara_jewellery/index.php(46): CodeIgniter\CodeIgniter->run()
#5 {main}
CRITICAL - 2020-11-04 05:35:41 --> Undefined index: id
#0 /var/www/html/kimara_jewellery/ciFiles/app/Controllers/Cart.php(77): CodeIgniter\Debug\Exceptions->errorHandler()
#1 /var/www/html/kimara_jewellery/ciFiles/vendor/codeigniter4/framework/system/CodeIgniter.php(918): App\Controllers\Cart->update()
#2 /var/www/html/kimara_jewellery/ciFiles/vendor/codeigniter4/framework/system/CodeIgniter.php(404): CodeIgniter\CodeIgniter->runController()
#3 /var/www/html/kimara_jewellery/ciFiles/vendor/codeigniter4/framework/system/CodeIgniter.php(312): CodeIgniter\CodeIgniter->handleRequest()
#4 /var/www/html/kimara_jewellery/index.php(46): CodeIgniter\CodeIgniter->run()
#5 {main}
CRITICAL - 2020-11-04 05:37:14 --> Undefined variable: material
#0 /var/www/html/kimara_jewellery/ciFiles/app/Controllers/Cart.php(18): CodeIgniter\Debug\Exceptions->errorHandler()
#1 /var/www/html/kimara_jewellery/ciFiles/vendor/codeigniter4/framework/system/CodeIgniter.php(918): App\Controllers\Cart->add()
#2 /var/www/html/kimara_jewellery/ciFiles/vendor/codeigniter4/framework/system/CodeIgniter.php(404): CodeIgniter\CodeIgniter->runController()
#3 /var/www/html/kimara_jewellery/ciFiles/vendor/codeigniter4/framework/system/CodeIgniter.php(312): CodeIgniter\CodeIgniter->handleRequest()
#4 /var/www/html/kimara_jewellery/index.php(46): CodeIgniter\CodeIgniter->run()
#5 {main}
CRITICAL - 2020-11-04 05:37:14 --> Undefined variable: material
#0 /var/www/html/kimara_jewellery/ciFiles/app/Controllers/Cart.php(18): CodeIgniter\Debug\Exceptions->errorHandler()
#1 /var/www/html/kimara_jewellery/ciFiles/vendor/codeigniter4/framework/system/CodeIgniter.php(918): App\Controllers\Cart->add()
#2 /var/www/html/kimara_jewellery/ciFiles/vendor/codeigniter4/framework/system/CodeIgniter.php(404): CodeIgniter\CodeIgniter->runController()
#3 /var/www/html/kimara_jewellery/ciFiles/vendor/codeigniter4/framework/system/CodeIgniter.php(312): CodeIgniter\CodeIgniter->handleRequest()
#4 /var/www/html/kimara_jewellery/index.php(46): CodeIgniter\CodeIgniter->run()
#5 {main}
CRITICAL - 2020-11-04 05:37:16 --> Undefined variable: material
#0 /var/www/html/kimara_jewellery/ciFiles/app/Controllers/Cart.php(18): CodeIgniter\Debug\Exceptions->errorHandler()
#1 /var/www/html/kimara_jewellery/ciFiles/vendor/codeigniter4/framework/system/CodeIgniter.php(918): App\Controllers\Cart->add()
#2 /var/www/html/kimara_jewellery/ciFiles/vendor/codeigniter4/framework/system/CodeIgniter.php(404): CodeIgniter\CodeIgniter->runController()
#3 /var/www/html/kimara_jewellery/ciFiles/vendor/codeigniter4/framework/system/CodeIgniter.php(312): CodeIgniter\CodeIgniter->handleRequest()
#4 /var/www/html/kimara_jewellery/index.php(46): CodeIgniter\CodeIgniter->run()
#5 {main}
CRITICAL - 2020-11-04 05:44:29 --> Undefined index: id
#0 /var/www/html/kimara_jewellery/ciFiles/app/Controllers/Cart.php(74): CodeIgniter\Debug\Exceptions->errorHandler()
#1 /var/www/html/kimara_jewellery/ciFiles/vendor/codeigniter4/framework/system/CodeIgniter.php(918): App\Controllers\Cart->update()
#2 /var/www/html/kimara_jewellery/ciFiles/vendor/codeigniter4/framework/system/CodeIgniter.php(404): CodeIgniter\CodeIgniter->runController()
#3 /var/www/html/kimara_jewellery/ciFiles/vendor/codeigniter4/framework/system/CodeIgniter.php(312): CodeIgniter\CodeIgniter->handleRequest()
#4 /var/www/html/kimara_jewellery/index.php(46): CodeIgniter\CodeIgniter->run()
#5 {main}
CRITICAL - 2020-11-04 05:45:36 --> Undefined index: id
#0 /var/www/html/kimara_jewellery/ciFiles/app/Controllers/Cart.php(76): CodeIgniter\Debug\Exceptions->errorHandler()
#1 /var/www/html/kimara_jewellery/ciFiles/vendor/codeigniter4/framework/system/CodeIgniter.php(918): App\Controllers\Cart->update()
#2 /var/www/html/kimara_jewellery/ciFiles/vendor/codeigniter4/framework/system/CodeIgniter.php(404): CodeIgniter\CodeIgniter->runController()
#3 /var/www/html/kimara_jewellery/ciFiles/vendor/codeigniter4/framework/system/CodeIgniter.php(312): CodeIgniter\CodeIgniter->handleRequest()
#4 /var/www/html/kimara_jewellery/index.php(46): CodeIgniter\CodeIgniter->run()
#5 {main}
CRITICAL - 2020-11-04 05:45:41 --> Undefined index: id
#0 /var/www/html/kimara_jewellery/ciFiles/app/Controllers/Cart.php(76): CodeIgniter\Debug\Exceptions->errorHandler()
#1 /var/www/html/kimara_jewellery/ciFiles/vendor/codeigniter4/framework/system/CodeIgniter.php(918): App\Controllers\Cart->update()
#2 /var/www/html/kimara_jewellery/ciFiles/vendor/codeigniter4/framework/system/CodeIgniter.php(404): CodeIgniter\CodeIgniter->runController()
#3 /var/www/html/kimara_jewellery/ciFiles/vendor/codeigniter4/framework/system/CodeIgniter.php(312): CodeIgniter\CodeIgniter->handleRequest()
#4 /var/www/html/kimara_jewellery/index.php(46): CodeIgniter\CodeIgniter->run()
#5 {main}
CRITICAL - 2020-11-04 05:54:46 --> Unknown column 'prouct_id' in 'where clause'
#0 /var/www/html/kimara_jewellery/ciFiles/vendor/codeigniter4/framework/system/Database/MySQLi/Connection.php(331): mysqli->query()
#1 /var/www/html/kimara_jewellery/ciFiles/vendor/codeigniter4/framework/system/Database/BaseConnection.php(741): CodeIgniter\Database\MySQLi\Connection->execute()
#2 /var/www/html/kimara_jewellery/ciFiles/vendor/codeigniter4/framework/system/Database/BaseConnection.php(669): CodeIgniter\Database\BaseConnection->simpleQuery()
#3 /var/www/html/kimara_jewellery/ciFiles/vendor/codeigniter4/framework/system/Database/BaseBuilder.php(1860): CodeIgniter\Database\BaseConnection->query()
#4 /var/www/html/kimara_jewellery/ciFiles/vendor/codeigniter4/framework/system/Model.php(506): CodeIgniter\Database\BaseBuilder->get()
#5 /var/www/html/kimara_jewellery/ciFiles/app/Controllers/Cart.php(21): CodeIgniter\Model->first()
#6 /var/www/html/kimara_jewellery/ciFiles/vendor/codeigniter4/framework/system/CodeIgniter.php(918): App\Controllers\Cart->add()
#7 /var/www/html/kimara_jewellery/ciFiles/vendor/codeigniter4/framework/system/CodeIgniter.php(404): CodeIgniter\CodeIgniter->runController()
#8 /var/www/html/kimara_jewellery/ciFiles/vendor/codeigniter4/framework/system/CodeIgniter.php(312): CodeIgniter\CodeIgniter->handleRequest()
#9 /var/www/html/kimara_jewellery/index.php(46): CodeIgniter\CodeIgniter->run()
#10 {main}
CRITICAL - 2020-11-04 05:54:48 --> Unknown column 'prouct_id' in 'where clause'
#0 /var/www/html/kimara_jewellery/ciFiles/vendor/codeigniter4/framework/system/Database/MySQLi/Connection.php(331): mysqli->query()
#1 /var/www/html/kimara_jewellery/ciFiles/vendor/codeigniter4/framework/system/Database/BaseConnection.php(741): CodeIgniter\Database\MySQLi\Connection->execute()
#2 /var/www/html/kimara_jewellery/ciFiles/vendor/codeigniter4/framework/system/Database/BaseConnection.php(669): CodeIgniter\Database\BaseConnection->simpleQuery()
#3 /var/www/html/kimara_jewellery/ciFiles/vendor/codeigniter4/framework/system/Database/BaseBuilder.php(1860): CodeIgniter\Database\BaseConnection->query()
#4 /var/www/html/kimara_jewellery/ciFiles/vendor/codeigniter4/framework/system/Model.php(506): CodeIgniter\Database\BaseBuilder->get()
#5 /var/www/html/kimara_jewellery/ciFiles/app/Controllers/Cart.php(21): CodeIgniter\Model->first()
#6 /var/www/html/kimara_jewellery/ciFiles/vendor/codeigniter4/framework/system/CodeIgniter.php(918): App\Controllers\Cart->add()
#7 /var/www/html/kimara_jewellery/ciFiles/vendor/codeigniter4/framework/system/CodeIgniter.php(404): CodeIgniter\CodeIgniter->runController()
#8 /var/www/html/kimara_jewellery/ciFiles/vendor/codeigniter4/framework/system/CodeIgniter.php(312): CodeIgniter\CodeIgniter->handleRequest()
#9 /var/www/html/kimara_jewellery/index.php(46): CodeIgniter\CodeIgniter->run()
#10 {main}
CRITICAL - 2020-11-04 05:55:23 --> Undefined variable: re
#0 /var/www/html/kimara_jewellery/ciFiles/app/Controllers/Cart.php(40): CodeIgniter\Debug\Exceptions->errorHandler()
#1 /var/www/html/kimara_jewellery/ciFiles/vendor/codeigniter4/framework/system/CodeIgniter.php(918): App\Controllers\Cart->add()
#2 /var/www/html/kimara_jewellery/ciFiles/vendor/codeigniter4/framework/system/CodeIgniter.php(404): CodeIgniter\CodeIgniter->runController()
#3 /var/www/html/kimara_jewellery/ciFiles/vendor/codeigniter4/framework/system/CodeIgniter.php(312): CodeIgniter\CodeIgniter->handleRequest()
#4 /var/www/html/kimara_jewellery/index.php(46): CodeIgniter\CodeIgniter->run()
#5 {main}
CRITICAL - 2020-11-04 05:55:55 --> Undefined variable: data
#0 /var/www/html/kimara_jewellery/ciFiles/app/Controllers/Cart.php(25): CodeIgniter\Debug\Exceptions->errorHandler()
#1 /var/www/html/kimara_jewellery/ciFiles/vendor/codeigniter4/framework/system/CodeIgniter.php(918): App\Controllers\Cart->add()
#2 /var/www/html/kimara_jewellery/ciFiles/vendor/codeigniter4/framework/system/CodeIgniter.php(404): CodeIgniter\CodeIgniter->runController()
#3 /var/www/html/kimara_jewellery/ciFiles/vendor/codeigniter4/framework/system/CodeIgniter.php(312): CodeIgniter\CodeIgniter->handleRequest()
#4 /var/www/html/kimara_jewellery/index.php(46): CodeIgniter\CodeIgniter->run()
#5 {main}
CRITICAL - 2020-11-04 05:56:53 --> Undefined variable: re
#0 /var/www/html/kimara_jewellery/ciFiles/app/Controllers/Cart.php(26): CodeIgniter\Debug\Exceptions->errorHandler()
#1 /var/www/html/kimara_jewellery/ciFiles/vendor/codeigniter4/framework/system/CodeIgniter.php(918): App\Controllers\Cart->add()
#2 /var/www/html/kimara_jewellery/ciFiles/vendor/codeigniter4/framework/system/CodeIgniter.php(404): CodeIgniter\CodeIgniter->runController()
#3 /var/www/html/kimara_jewellery/ciFiles/vendor/codeigniter4/framework/system/CodeIgniter.php(312): CodeIgniter\CodeIgniter->handleRequest()
#4 /var/www/html/kimara_jewellery/index.php(46): CodeIgniter\CodeIgniter->run()
#5 {main}
CRITICAL - 2020-11-04 06:18:41 --> Call to undefined function ₹ ()
#0 /var/www/html/kimara_jewellery/ciFiles/vendor/codeigniter4/framework/system/View/View.php(246): include()
#1 /var/www/html/kimara_jewellery/ciFiles/vendor/codeigniter4/framework/system/Common.php(1119): CodeIgniter\View\View->render()
#2 /var/www/html/kimara_jewellery/ciFiles/app/Controllers/PublicPageLoader.php(13): view()
#3 /var/www/html/kimara_jewellery/ciFiles/app/Controllers/PublicPageLoader.php(57): App\Controllers\PublicPageLoader->public_page_loader()
#4 /var/www/html/kimara_jewellery/ciFiles/vendor/codeigniter4/framework/system/CodeIgniter.php(918): App\Controllers\PublicPageLoader->cart()
#5 /var/www/html/kimara_jewellery/ciFiles/vendor/codeigniter4/framework/system/CodeIgniter.php(404): CodeIgniter\CodeIgniter->runController()
#6 /var/www/html/kimara_jewellery/ciFiles/vendor/codeigniter4/framework/system/CodeIgniter.php(312): CodeIgniter\CodeIgniter->handleRequest()
#7 /var/www/html/kimara_jewellery/index.php(46): CodeIgniter\CodeIgniter->run()
#8 {main}
CRITICAL - 2020-11-04 13:09:40 --> Undefined variable: _SESSION
#0 /var/www/html/kimara_jewellery/ciFiles/app/Views/sitePages/cart.php(57): CodeIgniter\Debug\Exceptions->errorHandler()
#1 /var/www/html/kimara_jewellery/ciFiles/vendor/codeigniter4/framework/system/View/View.php(246): include('/var/www/html/k...')
#2 /var/www/html/kimara_jewellery/ciFiles/vendor/codeigniter4/framework/system/Common.php(1119): CodeIgniter\View\View->render()
#3 /var/www/html/kimara_jewellery/ciFiles/app/Controllers/PublicPageLoader.php(13): view()
#4 /var/www/html/kimara_jewellery/ciFiles/app/Controllers/PublicPageLoader.php(57): App\Controllers\PublicPageLoader->public_page_loader()
#5 /var/www/html/kimara_jewellery/ciFiles/vendor/codeigniter4/framework/system/CodeIgniter.php(918): App\Controllers\PublicPageLoader->cart()
#6 /var/www/html/kimara_jewellery/ciFiles/vendor/codeigniter4/framework/system/CodeIgniter.php(404): CodeIgniter\CodeIgniter->runController()
#7 /var/www/html/kimara_jewellery/ciFiles/vendor/codeigniter4/framework/system/CodeIgniter.php(312): CodeIgniter\CodeIgniter->handleRequest()
#8 /var/www/html/kimara_jewellery/index.php(46): CodeIgniter\CodeIgniter->run()
#9 {main}
CRITICAL - 2020-11-04 13:09:47 --> Undefined variable: _SESSION
#0 /var/www/html/kimara_jewellery/ciFiles/app/Views/sitePages/cart.php(57): CodeIgniter\Debug\Exceptions->errorHandler()
#1 /var/www/html/kimara_jewellery/ciFiles/vendor/codeigniter4/framework/system/View/View.php(246): include('/var/www/html/k...')
#2 /var/www/html/kimara_jewellery/ciFiles/vendor/codeigniter4/framework/system/Common.php(1119): CodeIgniter\View\View->render()
#3 /var/www/html/kimara_jewellery/ciFiles/app/Controllers/PublicPageLoader.php(13): view()
#4 /var/www/html/kimara_jewellery/ciFiles/app/Controllers/PublicPageLoader.php(57): App\Controllers\PublicPageLoader->public_page_loader()
#5 /var/www/html/kimara_jewellery/ciFiles/vendor/codeigniter4/framework/system/CodeIgniter.php(918): App\Controllers\PublicPageLoader->cart()
#6 /var/www/html/kimara_jewellery/ciFiles/vendor/codeigniter4/framework/system/CodeIgniter.php(404): CodeIgniter\CodeIgniter->runController()
#7 /var/www/html/kimara_jewellery/ciFiles/vendor/codeigniter4/framework/system/CodeIgniter.php(312): CodeIgniter\CodeIgniter->handleRequest()
#8 /var/www/html/kimara_jewellery/index.php(46): CodeIgniter\CodeIgniter->run()
#9 {main}
CRITICAL - 2020-11-04 13:42:16 --> require(./RazorPay.php): failed to open stream: No such file or directory
#0 /var/www/html/kimara_jewellery/ciFiles/app/Controllers/PublicPageLoader.php(3): CodeIgniter\Debug\Exceptions->errorHandler()
#1 /var/www/html/kimara_jewellery/ciFiles/app/Controllers/PublicPageLoader.php(3): require()
#2 /var/www/html/kimara_jewellery/ciFiles/vendor/codeigniter4/framework/system/Autoloader/Autoloader.php(365): require_once('/var/www/html/k...')
#3 /var/www/html/kimara_jewellery/ciFiles/vendor/codeigniter4/framework/system/Autoloader/Autoloader.php(296): CodeIgniter\Autoloader\Autoloader->requireFile()
#4 /var/www/html/kimara_jewellery/ciFiles/vendor/codeigniter4/framework/system/Autoloader/Autoloader.php(258): CodeIgniter\Autoloader\Autoloader->loadInNamespace()
#5 [internal function]: CodeIgniter\Autoloader\Autoloader->loadClass()
#6 [internal function]: spl_autoload_call()
#7 /var/www/html/kimara_jewellery/ciFiles/vendor/codeigniter4/framework/system/CodeIgniter.php(869): class_exists()
#8 /var/www/html/kimara_jewellery/ciFiles/vendor/codeigniter4/framework/system/CodeIgniter.php(394): CodeIgniter\CodeIgniter->startController()
#9 /var/www/html/kimara_jewellery/ciFiles/vendor/codeigniter4/framework/system/CodeIgniter.php(312): CodeIgniter\CodeIgniter->handleRequest()
#10 /var/www/html/kimara_jewellery/index.php(46): CodeIgniter\CodeIgniter->run()
#11 {main}
CRITICAL - 2020-11-04 13:42:47 --> require(./RazorPay.php): failed to open stream: No such file or directory
#0 /var/www/html/kimara_jewellery/ciFiles/app/Controllers/PublicPageLoader.php(3): CodeIgniter\Debug\Exceptions->errorHandler()
#1 /var/www/html/kimara_jewellery/ciFiles/app/Controllers/PublicPageLoader.php(3): require()
#2 /var/www/html/kimara_jewellery/ciFiles/vendor/codeigniter4/framework/system/Autoloader/Autoloader.php(365): require_once('/var/www/html/k...')
#3 /var/www/html/kimara_jewellery/ciFiles/vendor/codeigniter4/framework/system/Autoloader/Autoloader.php(296): CodeIgniter\Autoloader\Autoloader->requireFile()
#4 /var/www/html/kimara_jewellery/ciFiles/vendor/codeigniter4/framework/system/Autoloader/Autoloader.php(258): CodeIgniter\Autoloader\Autoloader->loadInNamespace()
#5 [internal function]: CodeIgniter\Autoloader\Autoloader->loadClass()
#6 [internal function]: spl_autoload_call()
#7 /var/www/html/kimara_jewellery/ciFiles/vendor/codeigniter4/framework/system/CodeIgniter.php(869): class_exists()
#8 /var/www/html/kimara_jewellery/ciFiles/vendor/codeigniter4/framework/system/CodeIgniter.php(394): CodeIgniter\CodeIgniter->startController()
#9 /var/www/html/kimara_jewellery/ciFiles/vendor/codeigniter4/framework/system/CodeIgniter.php(312): CodeIgniter\CodeIgniter->handleRequest()
#10 /var/www/html/kimara_jewellery/index.php(46): CodeIgniter\CodeIgniter->run()
#11 {main}
CRITICAL - 2020-11-04 13:51:49 --> Undefined variable: products
#0 /var/www/html/kimara_jewellery/ciFiles/app/Controllers/PublicPageLoader.php(72): CodeIgniter\Debug\Exceptions->errorHandler()
#1 /var/www/html/kimara_jewellery/ciFiles/vendor/codeigniter4/framework/system/CodeIgniter.php(918): App\Controllers\PublicPageLoader->cart()
#2 /var/www/html/kimara_jewellery/ciFiles/vendor/codeigniter4/framework/system/CodeIgniter.php(404): CodeIgniter\CodeIgniter->runController()
#3 /var/www/html/kimara_jewellery/ciFiles/vendor/codeigniter4/framework/system/CodeIgniter.php(312): CodeIgniter\CodeIgniter->handleRequest()
#4 /var/www/html/kimara_jewellery/index.php(46): CodeIgniter\CodeIgniter->run()
#5 {main}
CRITICAL - 2020-11-04 13:52:14 --> Undefined variable: game_details
#0 /var/www/html/kimara_jewellery/ciFiles/app/Views/sitePages/cart.php(185): CodeIgniter\Debug\Exceptions->errorHandler()
#1 /var/www/html/kimara_jewellery/ciFiles/vendor/codeigniter4/framework/system/View/View.php(246): include('/var/www/html/k...')
#2 /var/www/html/kimara_jewellery/ciFiles/vendor/codeigniter4/framework/system/Common.php(1119): CodeIgniter\View\View->render()
#3 /var/www/html/kimara_jewellery/ciFiles/app/Controllers/PublicPageLoader.php(20): view()
#4 /var/www/html/kimara_jewellery/ciFiles/app/Controllers/PublicPageLoader.php(87): App\Controllers\PublicPageLoader->public_page_loader()
#5 /var/www/html/kimara_jewellery/ciFiles/vendor/codeigniter4/framework/system/CodeIgniter.php(918): App\Controllers\PublicPageLoader->cart()
#6 /var/www/html/kimara_jewellery/ciFiles/vendor/codeigniter4/framework/system/CodeIgniter.php(404): CodeIgniter\CodeIgniter->runController()
#7 /var/www/html/kimara_jewellery/ciFiles/vendor/codeigniter4/framework/system/CodeIgniter.php(312): CodeIgniter\CodeIgniter->handleRequest()
#8 /var/www/html/kimara_jewellery/index.php(46): CodeIgniter\CodeIgniter->run()
#9 {main}
CRITICAL - 2020-11-04 22:10:17 --> Undefined index: amount
#0 /var/www/html/kimara_jewellery/ciFiles/app/Views/sitePages/cart.php(182): CodeIgniter\Debug\Exceptions->errorHandler()
#1 /var/www/html/kimara_jewellery/ciFiles/vendor/codeigniter4/framework/system/View/View.php(246): include('/var/www/html/k...')
#2 /var/www/html/kimara_jewellery/ciFiles/vendor/codeigniter4/framework/system/Common.php(1119): CodeIgniter\View\View->render()
#3 /var/www/html/kimara_jewellery/ciFiles/app/Controllers/PublicPageLoader.php(20): view()
#4 /var/www/html/kimara_jewellery/ciFiles/app/Controllers/PublicPageLoader.php(91): App\Controllers\PublicPageLoader->public_page_loader()
#5 /var/www/html/kimara_jewellery/ciFiles/vendor/codeigniter4/framework/system/CodeIgniter.php(918): App\Controllers\PublicPageLoader->cart()
#6 /var/www/html/kimara_jewellery/ciFiles/vendor/codeigniter4/framework/system/CodeIgniter.php(404): CodeIgniter\CodeIgniter->runController()
#7 /var/www/html/kimara_jewellery/ciFiles/vendor/codeigniter4/framework/system/CodeIgniter.php(312): CodeIgniter\CodeIgniter->handleRequest()
#8 /var/www/html/kimara_jewellery/index.php(46): CodeIgniter\CodeIgniter->run()
#9 {main}
CRITICAL - 2020-11-04 22:13:26 --> Undefined index: amount
#0 /var/www/html/kimara_jewellery/ciFiles/app/Views/sitePages/cart.php(182): CodeIgniter\Debug\Exceptions->errorHandler()
#1 /var/www/html/kimara_jewellery/ciFiles/vendor/codeigniter4/framework/system/View/View.php(246): include('/var/www/html/k...')
#2 /var/www/html/kimara_jewellery/ciFiles/vendor/codeigniter4/framework/system/Common.php(1119): CodeIgniter\View\View->render()
#3 /var/www/html/kimara_jewellery/ciFiles/app/Controllers/PublicPageLoader.php(20): view()
#4 /var/www/html/kimara_jewellery/ciFiles/app/Controllers/PublicPageLoader.php(91): App\Controllers\PublicPageLoader->public_page_loader()
#5 /var/www/html/kimara_jewellery/ciFiles/vendor/codeigniter4/framework/system/CodeIgniter.php(918): App\Controllers\PublicPageLoader->cart()
#6 /var/www/html/kimara_jewellery/ciFiles/vendor/codeigniter4/framework/system/CodeIgniter.php(404): CodeIgniter\CodeIgniter->runController()
#7 /var/www/html/kimara_jewellery/ciFiles/vendor/codeigniter4/framework/system/CodeIgniter.php(312): CodeIgniter\CodeIgniter->handleRequest()
#8 /var/www/html/kimara_jewellery/index.php(46): CodeIgniter\CodeIgniter->run()
#9 {main}
CRITICAL - 2020-11-04 22:15:08 --> Undefined index: role
#0 /var/www/html/kimara_jewellery/ciFiles/app/Views/sitePages/cart.php(172): CodeIgniter\Debug\Exceptions->errorHandler()
#1 /var/www/html/kimara_jewellery/ciFiles/vendor/codeigniter4/framework/system/View/View.php(246): include('/var/www/html/k...')
#2 /var/www/html/kimara_jewellery/ciFiles/vendor/codeigniter4/framework/system/Common.php(1119): CodeIgniter\View\View->render()
#3 /var/www/html/kimara_jewellery/ciFiles/app/Controllers/PublicPageLoader.php(20): view()
#4 /var/www/html/kimara_jewellery/ciFiles/app/Controllers/PublicPageLoader.php(91): App\Controllers\PublicPageLoader->public_page_loader()
#5 /var/www/html/kimara_jewellery/ciFiles/vendor/codeigniter4/framework/system/CodeIgniter.php(918): App\Controllers\PublicPageLoader->cart()
#6 /var/www/html/kimara_jewellery/ciFiles/vendor/codeigniter4/framework/system/CodeIgniter.php(404): CodeIgniter\CodeIgniter->runController()
#7 /var/www/html/kimara_jewellery/ciFiles/vendor/codeigniter4/framework/system/CodeIgniter.php(312): CodeIgniter\CodeIgniter->handleRequest()
#8 /var/www/html/kimara_jewellery/index.php(46): CodeIgniter\CodeIgniter->run()
#9 {main}
