CRITICAL - 2020-12-19 00:18:44 --> Undefined variable: catsByPos
#0 C:\xampp\htdocs\kimaara\ciFiles\app\Views\templates\header.php(176): CodeIgniter\Debug\Exceptions->errorHandler(8, 'Undefined varia...', 'C:\\xampp\\htdocs...', 176, Array)
#1 C:\xampp\htdocs\kimaara\ciFiles\vendor\codeigniter4\framework\system\View\View.php(246): include('C:\\xampp\\htdocs...')
#2 C:\xampp\htdocs\kimaara\ciFiles\vendor\codeigniter4\framework\system\Common.php(1119): CodeIgniter\View\View->render('templates/heade...', Array, true)
#3 C:\xampp\htdocs\kimaara\ciFiles\app\Controllers\Authentication.php(814): view('templates/heade...', Array)
#4 C:\xampp\htdocs\kimaara\ciFiles\app\Controllers\Authentication.php(599): App\Controllers\Authentication->load_admin_login_error('The Password en...')
#5 C:\xampp\htdocs\kimaara\ciFiles\vendor\codeigniter4\framework\system\CodeIgniter.php(918): App\Controllers\Authentication->login()
#6 C:\xampp\htdocs\kimaara\ciFiles\vendor\codeigniter4\framework\system\CodeIgniter.php(404): CodeIgniter\CodeIgniter->runController(Object(App\Controllers\Authentication))
#7 C:\xampp\htdocs\kimaara\ciFiles\vendor\codeigniter4\framework\system\CodeIgniter.php(312): CodeIgniter\CodeIgniter->handleRequest(NULL, Object(Config\Cache), false)
#8 C:\xampp\htdocs\kimaara\index.php(46): CodeIgniter\CodeIgniter->run()
#9 {main}
CRITICAL - 2020-12-19 00:19:04 --> Undefined variable: catsByPos
#0 C:\xampp\htdocs\kimaara\ciFiles\app\Views\templates\header.php(176): CodeIgniter\Debug\Exceptions->errorHandler(8, 'Undefined varia...', 'C:\\xampp\\htdocs...', 176, Array)
#1 C:\xampp\htdocs\kimaara\ciFiles\vendor\codeigniter4\framework\system\View\View.php(246): include('C:\\xampp\\htdocs...')
#2 C:\xampp\htdocs\kimaara\ciFiles\vendor\codeigniter4\framework\system\Common.php(1119): CodeIgniter\View\View->render('templates/heade...', Array, true)
#3 C:\xampp\htdocs\kimaara\ciFiles\app\Controllers\Authentication.php(814): view('templates/heade...', Array)
#4 C:\xampp\htdocs\kimaara\ciFiles\app\Controllers\Authentication.php(599): App\Controllers\Authentication->load_admin_login_error('The Password en...')
#5 C:\xampp\htdocs\kimaara\ciFiles\vendor\codeigniter4\framework\system\CodeIgniter.php(918): App\Controllers\Authentication->login()
#6 C:\xampp\htdocs\kimaara\ciFiles\vendor\codeigniter4\framework\system\CodeIgniter.php(404): CodeIgniter\CodeIgniter->runController(Object(App\Controllers\Authentication))
#7 C:\xampp\htdocs\kimaara\ciFiles\vendor\codeigniter4\framework\system\CodeIgniter.php(312): CodeIgniter\CodeIgniter->handleRequest(NULL, Object(Config\Cache), false)
#8 C:\xampp\htdocs\kimaara\index.php(46): CodeIgniter\CodeIgniter->run()
#9 {main}
CRITICAL - 2020-12-19 00:53:54 --> Undefined variable: title
#0 C:\xampp\htdocs\kimaara\ciFiles\app\Views\templates\admin_header.php(10): CodeIgniter\Debug\Exceptions->errorHandler(8, 'Undefined varia...', 'C:\\xampp\\htdocs...', 10, Array)
#1 C:\xampp\htdocs\kimaara\ciFiles\vendor\codeigniter4\framework\system\View\View.php(246): include('C:\\xampp\\htdocs...')
#2 C:\xampp\htdocs\kimaara\ciFiles\vendor\codeigniter4\framework\system\Common.php(1119): CodeIgniter\View\View->render('templates/admin...', Array, true)
#3 C:\xampp\htdocs\kimaara\ciFiles\app\Controllers\AdminPageLoader.php(27): view('templates/admin...', Array)
#4 C:\xampp\htdocs\kimaara\ciFiles\app\Controllers\AdminPageLoader.php(69): App\Controllers\AdminPageLoader->admin_page_loader('edit_vendor', Array)
#5 C:\xampp\htdocs\kimaara\ciFiles\vendor\codeigniter4\framework\system\CodeIgniter.php(918): App\Controllers\AdminPageLoader->edit_vendor('18')
#6 C:\xampp\htdocs\kimaara\ciFiles\vendor\codeigniter4\framework\system\CodeIgniter.php(404): CodeIgniter\CodeIgniter->runController(Object(App\Controllers\AdminPageLoader))
#7 C:\xampp\htdocs\kimaara\ciFiles\vendor\codeigniter4\framework\system\CodeIgniter.php(312): CodeIgniter\CodeIgniter->handleRequest(NULL, Object(Config\Cache), false)
#8 C:\xampp\htdocs\kimaara\index.php(46): CodeIgniter\CodeIgniter->run()
#9 {main}
CRITICAL - 2020-12-19 02:14:22 --> Undefined variable: catsByPos
#0 C:\xampp\htdocs\kimaara\ciFiles\app\Views\templates\header.php(176): CodeIgniter\Debug\Exceptions->errorHandler(8, 'Undefined varia...', 'C:\\xampp\\htdocs...', 176, Array)
#1 C:\xampp\htdocs\kimaara\ciFiles\vendor\codeigniter4\framework\system\View\View.php(246): include('C:\\xampp\\htdocs...')
#2 C:\xampp\htdocs\kimaara\ciFiles\vendor\codeigniter4\framework\system\Common.php(1119): CodeIgniter\View\View->render('templates/heade...', Array, true)
#3 C:\xampp\htdocs\kimaara\ciFiles\app\Controllers\Authentication.php(875): view('templates/heade...', Array)
#4 C:\xampp\htdocs\kimaara\ciFiles\app\Controllers\Authentication.php(264): App\Controllers\Authentication->load_vendor_login_error('A customer with...')
#5 C:\xampp\htdocs\kimaara\ciFiles\vendor\codeigniter4\framework\system\CodeIgniter.php(918): App\Controllers\Authentication->vendor_login_exe()
#6 C:\xampp\htdocs\kimaara\ciFiles\vendor\codeigniter4\framework\system\CodeIgniter.php(404): CodeIgniter\CodeIgniter->runController(Object(App\Controllers\Authentication))
#7 C:\xampp\htdocs\kimaara\ciFiles\vendor\codeigniter4\framework\system\CodeIgniter.php(312): CodeIgniter\CodeIgniter->handleRequest(NULL, Object(Config\Cache), false)
#8 C:\xampp\htdocs\kimaara\index.php(46): CodeIgniter\CodeIgniter->run()
#9 {main}
CRITICAL - 2020-12-19 02:14:36 --> Undefined variable: catsByPos
#0 C:\xampp\htdocs\kimaara\ciFiles\app\Views\templates\header.php(176): CodeIgniter\Debug\Exceptions->errorHandler(8, 'Undefined varia...', 'C:\\xampp\\htdocs...', 176, Array)
#1 C:\xampp\htdocs\kimaara\ciFiles\vendor\codeigniter4\framework\system\View\View.php(246): include('C:\\xampp\\htdocs...')
#2 C:\xampp\htdocs\kimaara\ciFiles\vendor\codeigniter4\framework\system\Common.php(1119): CodeIgniter\View\View->render('templates/heade...', Array, true)
#3 C:\xampp\htdocs\kimaara\ciFiles\app\Controllers\Authentication.php(875): view('templates/heade...', Array)
#4 C:\xampp\htdocs\kimaara\ciFiles\app\Controllers\Authentication.php(258): App\Controllers\Authentication->load_vendor_login_error('The Password en...')
#5 C:\xampp\htdocs\kimaara\ciFiles\vendor\codeigniter4\framework\system\CodeIgniter.php(918): App\Controllers\Authentication->vendor_login_exe()
#6 C:\xampp\htdocs\kimaara\ciFiles\vendor\codeigniter4\framework\system\CodeIgniter.php(404): CodeIgniter\CodeIgniter->runController(Object(App\Controllers\Authentication))
#7 C:\xampp\htdocs\kimaara\ciFiles\vendor\codeigniter4\framework\system\CodeIgniter.php(312): CodeIgniter\CodeIgniter->handleRequest(NULL, Object(Config\Cache), false)
#8 C:\xampp\htdocs\kimaara\index.php(46): CodeIgniter\CodeIgniter->run()
#9 {main}
CRITICAL - 2020-12-19 02:14:52 --> Undefined index: mobile_number
#0 C:\xampp\htdocs\kimaara\ciFiles\app\Views\vendorPages\manage_account.php(69): CodeIgniter\Debug\Exceptions->errorHandler(8, 'Undefined index...', 'C:\\xampp\\htdocs...', 69, Array)
#1 C:\xampp\htdocs\kimaara\ciFiles\vendor\codeigniter4\framework\system\View\View.php(246): include('C:\\xampp\\htdocs...')
#2 C:\xampp\htdocs\kimaara\ciFiles\vendor\codeigniter4\framework\system\Common.php(1119): CodeIgniter\View\View->render('vendorPages/man...', Array, true)
#3 C:\xampp\htdocs\kimaara\ciFiles\app\Controllers\VendorPageLoader.php(12): view('vendorPages/man...', Array)
#4 C:\xampp\htdocs\kimaara\ciFiles\app\Controllers\VendorPageLoader.php(50): App\Controllers\VendorPageLoader->vendor_page_loader('manage_account', Array)
#5 C:\xampp\htdocs\kimaara\ciFiles\vendor\codeigniter4\framework\system\CodeIgniter.php(918): App\Controllers\VendorPageLoader->manage_account()
#6 C:\xampp\htdocs\kimaara\ciFiles\vendor\codeigniter4\framework\system\CodeIgniter.php(404): CodeIgniter\CodeIgniter->runController(Object(App\Controllers\VendorPageLoader))
#7 C:\xampp\htdocs\kimaara\ciFiles\vendor\codeigniter4\framework\system\CodeIgniter.php(312): CodeIgniter\CodeIgniter->handleRequest(NULL, Object(Config\Cache), false)
#8 C:\xampp\htdocs\kimaara\index.php(46): CodeIgniter\CodeIgniter->run()
#9 {main}
CRITICAL - 2020-12-19 02:17:20 --> Undefined variable: mobile_number
#0 C:\xampp\htdocs\kimaara\ciFiles\app\Controllers\Authentication.php(454): CodeIgniter\Debug\Exceptions->errorHandler(8, 'Undefined varia...', 'C:\\xampp\\htdocs...', 454, Array)
#1 C:\xampp\htdocs\kimaara\ciFiles\vendor\codeigniter4\framework\system\CodeIgniter.php(918): App\Controllers\Authentication->update_vendor_profile()
#2 C:\xampp\htdocs\kimaara\ciFiles\vendor\codeigniter4\framework\system\CodeIgniter.php(404): CodeIgniter\CodeIgniter->runController(Object(App\Controllers\Authentication))
#3 C:\xampp\htdocs\kimaara\ciFiles\vendor\codeigniter4\framework\system\CodeIgniter.php(312): CodeIgniter\CodeIgniter->handleRequest(NULL, Object(Config\Cache), false)
#4 C:\xampp\htdocs\kimaara\index.php(46): CodeIgniter\CodeIgniter->run()
#5 {main}
