CRITICAL - 2020-11-20 01:46:13 --> Undefined variable: si
#0 /var/www/html/kimara_jewellery/ciFiles/app/Views/sitePages/cart.php(113): CodeIgniter\Debug\Exceptions->errorHandler()
#1 /var/www/html/kimara_jewellery/ciFiles/vendor/codeigniter4/framework/system/View/View.php(246): include('/var/www/html/k...')
#2 /var/www/html/kimara_jewellery/ciFiles/vendor/codeigniter4/framework/system/Common.php(1119): CodeIgniter\View\View->render()
#3 /var/www/html/kimara_jewellery/ciFiles/app/Controllers/PublicPageLoader.php(45): view()
#4 /var/www/html/kimara_jewellery/ciFiles/app/Controllers/PublicPageLoader.php(265): App\Controllers\PublicPageLoader->public_page_loader()
#5 /var/www/html/kimara_jewellery/ciFiles/vendor/codeigniter4/framework/system/CodeIgniter.php(918): App\Controllers\PublicPageLoader->cart()
#6 /var/www/html/kimara_jewellery/ciFiles/vendor/codeigniter4/framework/system/CodeIgniter.php(404): CodeIgniter\CodeIgniter->runController()
#7 /var/www/html/kimara_jewellery/ciFiles/vendor/codeigniter4/framework/system/CodeIgniter.php(312): CodeIgniter\CodeIgniter->handleRequest()
#8 /var/www/html/kimara_jewellery/index.php(46): CodeIgniter\CodeIgniter->run()
#9 {main}
CRITICAL - 2020-11-20 01:46:37 --> Undefined variable: shipping_rates
#0 /var/www/html/kimara_jewellery/ciFiles/app/Views/sitePages/cart.php(113): CodeIgniter\Debug\Exceptions->errorHandler()
#1 /var/www/html/kimara_jewellery/ciFiles/vendor/codeigniter4/framework/system/View/View.php(246): include('/var/www/html/k...')
#2 /var/www/html/kimara_jewellery/ciFiles/vendor/codeigniter4/framework/system/Common.php(1119): CodeIgniter\View\View->render()
#3 /var/www/html/kimara_jewellery/ciFiles/app/Controllers/PublicPageLoader.php(45): view()
#4 /var/www/html/kimara_jewellery/ciFiles/app/Controllers/PublicPageLoader.php(265): App\Controllers\PublicPageLoader->public_page_loader()
#5 /var/www/html/kimara_jewellery/ciFiles/vendor/codeigniter4/framework/system/CodeIgniter.php(918): App\Controllers\PublicPageLoader->cart()
#6 /var/www/html/kimara_jewellery/ciFiles/vendor/codeigniter4/framework/system/CodeIgniter.php(404): CodeIgniter\CodeIgniter->runController()
#7 /var/www/html/kimara_jewellery/ciFiles/vendor/codeigniter4/framework/system/CodeIgniter.php(312): CodeIgniter\CodeIgniter->handleRequest()
#8 /var/www/html/kimara_jewellery/index.php(46): CodeIgniter\CodeIgniter->run()
#9 {main}
CRITICAL - 2020-11-20 01:46:38 --> Undefined variable: shipping_rates
#0 /var/www/html/kimara_jewellery/ciFiles/app/Views/sitePages/cart.php(113): CodeIgniter\Debug\Exceptions->errorHandler()
#1 /var/www/html/kimara_jewellery/ciFiles/vendor/codeigniter4/framework/system/View/View.php(246): include('/var/www/html/k...')
#2 /var/www/html/kimara_jewellery/ciFiles/vendor/codeigniter4/framework/system/Common.php(1119): CodeIgniter\View\View->render()
#3 /var/www/html/kimara_jewellery/ciFiles/app/Controllers/PublicPageLoader.php(45): view()
#4 /var/www/html/kimara_jewellery/ciFiles/app/Controllers/PublicPageLoader.php(265): App\Controllers\PublicPageLoader->public_page_loader()
#5 /var/www/html/kimara_jewellery/ciFiles/vendor/codeigniter4/framework/system/CodeIgniter.php(918): App\Controllers\PublicPageLoader->cart()
#6 /var/www/html/kimara_jewellery/ciFiles/vendor/codeigniter4/framework/system/CodeIgniter.php(404): CodeIgniter\CodeIgniter->runController()
#7 /var/www/html/kimara_jewellery/ciFiles/vendor/codeigniter4/framework/system/CodeIgniter.php(312): CodeIgniter\CodeIgniter->handleRequest()
#8 /var/www/html/kimara_jewellery/index.php(46): CodeIgniter\CodeIgniter->run()
#9 {main}
CRITICAL - 2020-11-20 01:47:41 --> Undefined variable: shipping
#0 /var/www/html/kimara_jewellery/ciFiles/app/Controllers/PublicPageLoader.php(265): CodeIgniter\Debug\Exceptions->errorHandler()
#1 /var/www/html/kimara_jewellery/ciFiles/vendor/codeigniter4/framework/system/CodeIgniter.php(918): App\Controllers\PublicPageLoader->cart()
#2 /var/www/html/kimara_jewellery/ciFiles/vendor/codeigniter4/framework/system/CodeIgniter.php(404): CodeIgniter\CodeIgniter->runController()
#3 /var/www/html/kimara_jewellery/ciFiles/vendor/codeigniter4/framework/system/CodeIgniter.php(312): CodeIgniter\CodeIgniter->handleRequest()
#4 /var/www/html/kimara_jewellery/index.php(46): CodeIgniter\CodeIgniter->run()
#5 {main}
CRITICAL - 2020-11-20 01:47:50 --> Undefined variable: shipping
#0 /var/www/html/kimara_jewellery/ciFiles/app/Controllers/PublicPageLoader.php(265): CodeIgniter\Debug\Exceptions->errorHandler()
#1 /var/www/html/kimara_jewellery/ciFiles/vendor/codeigniter4/framework/system/CodeIgniter.php(918): App\Controllers\PublicPageLoader->cart()
#2 /var/www/html/kimara_jewellery/ciFiles/vendor/codeigniter4/framework/system/CodeIgniter.php(404): CodeIgniter\CodeIgniter->runController()
#3 /var/www/html/kimara_jewellery/ciFiles/vendor/codeigniter4/framework/system/CodeIgniter.php(312): CodeIgniter\CodeIgniter->handleRequest()
#4 /var/www/html/kimara_jewellery/index.php(46): CodeIgniter\CodeIgniter->run()
#5 {main}
CRITICAL - 2020-11-20 01:47:54 --> Undefined variable: shipping
#0 /var/www/html/kimara_jewellery/ciFiles/app/Controllers/PublicPageLoader.php(265): CodeIgniter\Debug\Exceptions->errorHandler()
#1 /var/www/html/kimara_jewellery/ciFiles/vendor/codeigniter4/framework/system/CodeIgniter.php(918): App\Controllers\PublicPageLoader->cart()
#2 /var/www/html/kimara_jewellery/ciFiles/vendor/codeigniter4/framework/system/CodeIgniter.php(404): CodeIgniter\CodeIgniter->runController()
#3 /var/www/html/kimara_jewellery/ciFiles/vendor/codeigniter4/framework/system/CodeIgniter.php(312): CodeIgniter\CodeIgniter->handleRequest()
#4 /var/www/html/kimara_jewellery/index.php(46): CodeIgniter\CodeIgniter->run()
#5 {main}
CRITICAL - 2020-11-20 01:49:09 --> Undefined variable: shipping
#0 /var/www/html/kimara_jewellery/ciFiles/app/Views/sitePages/cart.php(113): CodeIgniter\Debug\Exceptions->errorHandler()
#1 /var/www/html/kimara_jewellery/ciFiles/vendor/codeigniter4/framework/system/View/View.php(246): include('/var/www/html/k...')
#2 /var/www/html/kimara_jewellery/ciFiles/vendor/codeigniter4/framework/system/Common.php(1119): CodeIgniter\View\View->render()
#3 /var/www/html/kimara_jewellery/ciFiles/app/Controllers/PublicPageLoader.php(45): view()
#4 /var/www/html/kimara_jewellery/ciFiles/app/Controllers/PublicPageLoader.php(270): App\Controllers\PublicPageLoader->public_page_loader()
#5 /var/www/html/kimara_jewellery/ciFiles/vendor/codeigniter4/framework/system/CodeIgniter.php(918): App\Controllers\PublicPageLoader->cart()
#6 /var/www/html/kimara_jewellery/ciFiles/vendor/codeigniter4/framework/system/CodeIgniter.php(404): CodeIgniter\CodeIgniter->runController()
#7 /var/www/html/kimara_jewellery/ciFiles/vendor/codeigniter4/framework/system/CodeIgniter.php(312): CodeIgniter\CodeIgniter->handleRequest()
#8 /var/www/html/kimara_jewellery/index.php(46): CodeIgniter\CodeIgniter->run()
#9 {main}
CRITICAL - 2020-11-20 01:50:20 --> Undefined index: shipping
#0 /var/www/html/kimara_jewellery/ciFiles/app/Views/sitePages/cart.php(113): CodeIgniter\Debug\Exceptions->errorHandler()
#1 /var/www/html/kimara_jewellery/ciFiles/vendor/codeigniter4/framework/system/View/View.php(246): include('/var/www/html/k...')
#2 /var/www/html/kimara_jewellery/ciFiles/vendor/codeigniter4/framework/system/Common.php(1119): CodeIgniter\View\View->render()
#3 /var/www/html/kimara_jewellery/ciFiles/app/Controllers/PublicPageLoader.php(45): view()
#4 /var/www/html/kimara_jewellery/ciFiles/app/Controllers/PublicPageLoader.php(271): App\Controllers\PublicPageLoader->public_page_loader()
#5 /var/www/html/kimara_jewellery/ciFiles/vendor/codeigniter4/framework/system/CodeIgniter.php(918): App\Controllers\PublicPageLoader->cart()
#6 /var/www/html/kimara_jewellery/ciFiles/vendor/codeigniter4/framework/system/CodeIgniter.php(404): CodeIgniter\CodeIgniter->runController()
#7 /var/www/html/kimara_jewellery/ciFiles/vendor/codeigniter4/framework/system/CodeIgniter.php(312): CodeIgniter\CodeIgniter->handleRequest()
#8 /var/www/html/kimara_jewellery/index.php(46): CodeIgniter\CodeIgniter->run()
#9 {main}
CRITICAL - 2020-11-20 01:53:34 --> Class 'App\Controllers\ShippingRateModel' not found
#0 /var/www/html/kimara_jewellery/ciFiles/vendor/codeigniter4/framework/system/CodeIgniter.php(918): App\Controllers\PublicPageLoader->cart()
#1 /var/www/html/kimara_jewellery/ciFiles/vendor/codeigniter4/framework/system/CodeIgniter.php(404): CodeIgniter\CodeIgniter->runController()
#2 /var/www/html/kimara_jewellery/ciFiles/vendor/codeigniter4/framework/system/CodeIgniter.php(312): CodeIgniter\CodeIgniter->handleRequest()
#3 /var/www/html/kimara_jewellery/index.php(46): CodeIgniter\CodeIgniter->run()
#4 {main}
