CRITICAL - 2020-11-01 01:36:12 --> Undefined variable: error
#0 /var/www/html/kimara_jewellery/ciFiles/app/Views/adminPages/categories.php(6): CodeIgniter\Debug\Exceptions->errorHandler()
#1 /var/www/html/kimara_jewellery/ciFiles/vendor/codeigniter4/framework/system/View/View.php(246): include('/var/www/html/k...')
#2 /var/www/html/kimara_jewellery/ciFiles/vendor/codeigniter4/framework/system/Common.php(1119): CodeIgniter\View\View->render()
#3 /var/www/html/kimara_jewellery/ciFiles/app/Controllers/AdminPageLoader.php(46): view()
#4 /var/www/html/kimara_jewellery/ciFiles/vendor/codeigniter4/framework/system/CodeIgniter.php(918): App\Controllers\AdminPageLoader->categories()
#5 /var/www/html/kimara_jewellery/ciFiles/vendor/codeigniter4/framework/system/CodeIgniter.php(404): CodeIgniter\CodeIgniter->runController()
#6 /var/www/html/kimara_jewellery/ciFiles/vendor/codeigniter4/framework/system/CodeIgniter.php(312): CodeIgniter\CodeIgniter->handleRequest()
#7 /var/www/html/kimara_jewellery/index.php(47): CodeIgniter\CodeIgniter->run()
#8 {main}
CRITICAL - 2020-11-01 01:36:20 --> Undefined variable: error
#0 /var/www/html/kimara_jewellery/ciFiles/app/Views/adminPages/categories.php(6): CodeIgniter\Debug\Exceptions->errorHandler()
#1 /var/www/html/kimara_jewellery/ciFiles/vendor/codeigniter4/framework/system/View/View.php(246): include('/var/www/html/k...')
#2 /var/www/html/kimara_jewellery/ciFiles/vendor/codeigniter4/framework/system/Common.php(1119): CodeIgniter\View\View->render()
#3 /var/www/html/kimara_jewellery/ciFiles/app/Controllers/AdminPageLoader.php(46): view()
#4 /var/www/html/kimara_jewellery/ciFiles/vendor/codeigniter4/framework/system/CodeIgniter.php(918): App\Controllers\AdminPageLoader->categories()
#5 /var/www/html/kimara_jewellery/ciFiles/vendor/codeigniter4/framework/system/CodeIgniter.php(404): CodeIgniter\CodeIgniter->runController()
#6 /var/www/html/kimara_jewellery/ciFiles/vendor/codeigniter4/framework/system/CodeIgniter.php(312): CodeIgniter\CodeIgniter->handleRequest()
#7 /var/www/html/kimara_jewellery/index.php(47): CodeIgniter\CodeIgniter->run()
#8 {main}
CRITICAL - 2020-11-01 01:58:08 --> Undefined variable: data
#0 /var/www/html/kimara_jewellery/ciFiles/app/Controllers/AdminPageLoader.php(23): CodeIgniter\Debug\Exceptions->errorHandler()
#1 /var/www/html/kimara_jewellery/ciFiles/app/Controllers/AdminPageLoader.php(70): App\Controllers\AdminPageLoader->admin_page_loader()
#2 /var/www/html/kimara_jewellery/ciFiles/vendor/codeigniter4/framework/system/CodeIgniter.php(918): App\Controllers\AdminPageLoader->add_category()
#3 /var/www/html/kimara_jewellery/ciFiles/vendor/codeigniter4/framework/system/CodeIgniter.php(404): CodeIgniter\CodeIgniter->runController()
#4 /var/www/html/kimara_jewellery/ciFiles/vendor/codeigniter4/framework/system/CodeIgniter.php(312): CodeIgniter\CodeIgniter->handleRequest()
#5 /var/www/html/kimara_jewellery/index.php(47): CodeIgniter\CodeIgniter->run()
#6 {main}
CRITICAL - 2020-11-01 01:59:10 --> Undefined variable: parent_categories
#0 /var/www/html/kimara_jewellery/ciFiles/app/Views/adminPages/add_category.php(23): CodeIgniter\Debug\Exceptions->errorHandler()
#1 /var/www/html/kimara_jewellery/ciFiles/vendor/codeigniter4/framework/system/View/View.php(246): include('/var/www/html/k...')
#2 /var/www/html/kimara_jewellery/ciFiles/vendor/codeigniter4/framework/system/Common.php(1119): CodeIgniter\View\View->render()
#3 /var/www/html/kimara_jewellery/ciFiles/app/Controllers/AdminPageLoader.php(24): view()
#4 /var/www/html/kimara_jewellery/ciFiles/app/Controllers/AdminPageLoader.php(70): App\Controllers\AdminPageLoader->admin_page_loader()
#5 /var/www/html/kimara_jewellery/ciFiles/vendor/codeigniter4/framework/system/CodeIgniter.php(918): App\Controllers\AdminPageLoader->add_category()
#6 /var/www/html/kimara_jewellery/ciFiles/vendor/codeigniter4/framework/system/CodeIgniter.php(404): CodeIgniter\CodeIgniter->runController()
#7 /var/www/html/kimara_jewellery/ciFiles/vendor/codeigniter4/framework/system/CodeIgniter.php(312): CodeIgniter\CodeIgniter->handleRequest()
#8 /var/www/html/kimara_jewellery/index.php(47): CodeIgniter\CodeIgniter->run()
#9 {main}
CRITICAL - 2020-11-01 06:34:21 --> Undefined variable: featuredImageRandomName
#0 /var/www/html/kimara_jewellery/ciFiles/app/Controllers/Categories.php(72): CodeIgniter\Debug\Exceptions->errorHandler()
#1 /var/www/html/kimara_jewellery/ciFiles/vendor/codeigniter4/framework/system/CodeIgniter.php(918): App\Controllers\Categories->add()
#2 /var/www/html/kimara_jewellery/ciFiles/vendor/codeigniter4/framework/system/CodeIgniter.php(404): CodeIgniter\CodeIgniter->runController()
#3 /var/www/html/kimara_jewellery/ciFiles/vendor/codeigniter4/framework/system/CodeIgniter.php(312): CodeIgniter\CodeIgniter->handleRequest()
#4 /var/www/html/kimara_jewellery/index.php(47): CodeIgniter\CodeIgniter->run()
#5 {main}
CRITICAL - 2020-11-01 08:16:28 --> Undefined variable: featuredImageRect
#0 /var/www/html/kimara_jewellery/ciFiles/app/Controllers/Categories.php(133): CodeIgniter\Debug\Exceptions->errorHandler()
#1 /var/www/html/kimara_jewellery/ciFiles/vendor/codeigniter4/framework/system/CodeIgniter.php(918): App\Controllers\Categories->delete()
#2 /var/www/html/kimara_jewellery/ciFiles/vendor/codeigniter4/framework/system/CodeIgniter.php(404): CodeIgniter\CodeIgniter->runController()
#3 /var/www/html/kimara_jewellery/ciFiles/vendor/codeigniter4/framework/system/CodeIgniter.php(312): CodeIgniter\CodeIgniter->handleRequest()
#4 /var/www/html/kimara_jewellery/index.php(47): CodeIgniter\CodeIgniter->run()
#5 {main}
CRITICAL - 2020-11-01 11:37:36 --> Invalid file: adminPages/edit_category.php
#0 /var/www/html/kimara_jewellery/ciFiles/vendor/codeigniter4/framework/system/View/View.php(228): CodeIgniter\Exceptions\FrameworkException::forInvalidFile()
#1 /var/www/html/kimara_jewellery/ciFiles/vendor/codeigniter4/framework/system/Common.php(1119): CodeIgniter\View\View->render()
#2 /var/www/html/kimara_jewellery/ciFiles/app/Controllers/AdminPageLoader.php(24): view()
#3 /var/www/html/kimara_jewellery/ciFiles/app/Controllers/AdminPageLoader.php(88): App\Controllers\AdminPageLoader->admin_page_loader()
#4 /var/www/html/kimara_jewellery/ciFiles/vendor/codeigniter4/framework/system/CodeIgniter.php(918): App\Controllers\AdminPageLoader->edit_category()
#5 /var/www/html/kimara_jewellery/ciFiles/vendor/codeigniter4/framework/system/CodeIgniter.php(404): CodeIgniter\CodeIgniter->runController()
#6 /var/www/html/kimara_jewellery/ciFiles/vendor/codeigniter4/framework/system/CodeIgniter.php(312): CodeIgniter\CodeIgniter->handleRequest()
#7 /var/www/html/kimara_jewellery/index.php(47): CodeIgniter\CodeIgniter->run()
#8 {main}
CRITICAL - 2020-11-01 22:03:01 --> Undefined variable: featuredImageFolderPath
#0 /var/www/html/kimara_jewellery/ciFiles/app/Controllers/Categories.php(214): CodeIgniter\Debug\Exceptions->errorHandler()
#1 /var/www/html/kimara_jewellery/ciFiles/vendor/codeigniter4/framework/system/CodeIgniter.php(918): App\Controllers\Categories->update()
#2 /var/www/html/kimara_jewellery/ciFiles/vendor/codeigniter4/framework/system/CodeIgniter.php(404): CodeIgniter\CodeIgniter->runController()
#3 /var/www/html/kimara_jewellery/ciFiles/vendor/codeigniter4/framework/system/CodeIgniter.php(312): CodeIgniter\CodeIgniter->handleRequest()
#4 /var/www/html/kimara_jewellery/index.php(47): CodeIgniter\CodeIgniter->run()
#5 {main}
CRITICAL - 2020-11-01 22:55:20 --> Call to a member function getRandomName() on null
#0 /var/www/html/kimara_jewellery/ciFiles/vendor/codeigniter4/framework/system/CodeIgniter.php(918): App\Controllers\Categories->add()
#1 /var/www/html/kimara_jewellery/ciFiles/vendor/codeigniter4/framework/system/CodeIgniter.php(404): CodeIgniter\CodeIgniter->runController()
#2 /var/www/html/kimara_jewellery/ciFiles/vendor/codeigniter4/framework/system/CodeIgniter.php(312): CodeIgniter\CodeIgniter->handleRequest()
#3 /var/www/html/kimara_jewellery/index.php(47): CodeIgniter\CodeIgniter->run()
#4 {main}
CRITICAL - 2020-11-01 23:15:36 --> The original file is not a valid file.
#0 /var/www/html/kimara_jewellery/ciFiles/vendor/codeigniter4/framework/system/HTTP/Files/UploadedFile.php(172): CodeIgniter\HTTP\Exceptions\HTTPException::forInvalidFile()
#1 /var/www/html/kimara_jewellery/ciFiles/app/Controllers/Products.php(104): CodeIgniter\HTTP\Files\UploadedFile->move()
#2 /var/www/html/kimara_jewellery/ciFiles/vendor/codeigniter4/framework/system/CodeIgniter.php(918): App\Controllers\Products->add()
#3 /var/www/html/kimara_jewellery/ciFiles/vendor/codeigniter4/framework/system/CodeIgniter.php(404): CodeIgniter\CodeIgniter->runController()
#4 /var/www/html/kimara_jewellery/ciFiles/vendor/codeigniter4/framework/system/CodeIgniter.php(312): CodeIgniter\CodeIgniter->handleRequest()
#5 /var/www/html/kimara_jewellery/index.php(47): CodeIgniter\CodeIgniter->run()
#6 {main}
CRITICAL - 2020-11-01 23:22:53 --> The original file is not a valid file.
#0 /var/www/html/kimara_jewellery/ciFiles/vendor/codeigniter4/framework/system/HTTP/Files/UploadedFile.php(172): CodeIgniter\HTTP\Exceptions\HTTPException::forInvalidFile()
#1 /var/www/html/kimara_jewellery/ciFiles/app/Controllers/Products.php(113): CodeIgniter\HTTP\Files\UploadedFile->move()
#2 /var/www/html/kimara_jewellery/ciFiles/vendor/codeigniter4/framework/system/CodeIgniter.php(918): App\Controllers\Products->add()
#3 /var/www/html/kimara_jewellery/ciFiles/vendor/codeigniter4/framework/system/CodeIgniter.php(404): CodeIgniter\CodeIgniter->runController()
#4 /var/www/html/kimara_jewellery/ciFiles/vendor/codeigniter4/framework/system/CodeIgniter.php(312): CodeIgniter\CodeIgniter->handleRequest()
#5 /var/www/html/kimara_jewellery/index.php(47): CodeIgniter\CodeIgniter->run()
#6 {main}
CRITICAL - 2020-11-01 23:26:12 --> The original file is not a valid file.
#0 /var/www/html/kimara_jewellery/ciFiles/vendor/codeigniter4/framework/system/HTTP/Files/UploadedFile.php(172): CodeIgniter\HTTP\Exceptions\HTTPException::forInvalidFile()
#1 /var/www/html/kimara_jewellery/ciFiles/app/Controllers/Products.php(113): CodeIgniter\HTTP\Files\UploadedFile->move()
#2 /var/www/html/kimara_jewellery/ciFiles/vendor/codeigniter4/framework/system/CodeIgniter.php(918): App\Controllers\Products->add()
#3 /var/www/html/kimara_jewellery/ciFiles/vendor/codeigniter4/framework/system/CodeIgniter.php(404): CodeIgniter\CodeIgniter->runController()
#4 /var/www/html/kimara_jewellery/ciFiles/vendor/codeigniter4/framework/system/CodeIgniter.php(312): CodeIgniter\CodeIgniter->handleRequest()
#5 /var/www/html/kimara_jewellery/index.php(47): CodeIgniter\CodeIgniter->run()
#6 {main}
CRITICAL - 2020-11-01 23:36:28 --> The original file is not a valid file.
#0 /var/www/html/kimara_jewellery/ciFiles/vendor/codeigniter4/framework/system/HTTP/Files/UploadedFile.php(172): CodeIgniter\HTTP\Exceptions\HTTPException::forInvalidFile()
#1 /var/www/html/kimara_jewellery/ciFiles/app/Controllers/Products.php(114): CodeIgniter\HTTP\Files\UploadedFile->move()
#2 /var/www/html/kimara_jewellery/ciFiles/vendor/codeigniter4/framework/system/CodeIgniter.php(918): App\Controllers\Products->add()
#3 /var/www/html/kimara_jewellery/ciFiles/vendor/codeigniter4/framework/system/CodeIgniter.php(404): CodeIgniter\CodeIgniter->runController()
#4 /var/www/html/kimara_jewellery/ciFiles/vendor/codeigniter4/framework/system/CodeIgniter.php(312): CodeIgniter\CodeIgniter->handleRequest()
#5 /var/www/html/kimara_jewellery/index.php(47): CodeIgniter\CodeIgniter->run()
#6 {main}
CRITICAL - 2020-11-01 23:37:18 --> The original file is not a valid file.
#0 /var/www/html/kimara_jewellery/ciFiles/vendor/codeigniter4/framework/system/HTTP/Files/UploadedFile.php(172): CodeIgniter\HTTP\Exceptions\HTTPException::forInvalidFile()
#1 /var/www/html/kimara_jewellery/ciFiles/app/Controllers/Products.php(114): CodeIgniter\HTTP\Files\UploadedFile->move()
#2 /var/www/html/kimara_jewellery/ciFiles/vendor/codeigniter4/framework/system/CodeIgniter.php(918): App\Controllers\Products->add()
#3 /var/www/html/kimara_jewellery/ciFiles/vendor/codeigniter4/framework/system/CodeIgniter.php(404): CodeIgniter\CodeIgniter->runController()
#4 /var/www/html/kimara_jewellery/ciFiles/vendor/codeigniter4/framework/system/CodeIgniter.php(312): CodeIgniter\CodeIgniter->handleRequest()
#5 /var/www/html/kimara_jewellery/index.php(47): CodeIgniter\CodeIgniter->run()
#6 {main}
CRITICAL - 2020-11-01 23:39:11 --> The original file is not a valid file.
#0 /var/www/html/kimara_jewellery/ciFiles/vendor/codeigniter4/framework/system/HTTP/Files/UploadedFile.php(172): CodeIgniter\HTTP\Exceptions\HTTPException::forInvalidFile()
#1 /var/www/html/kimara_jewellery/ciFiles/app/Controllers/Products.php(114): CodeIgniter\HTTP\Files\UploadedFile->move()
#2 /var/www/html/kimara_jewellery/ciFiles/vendor/codeigniter4/framework/system/CodeIgniter.php(918): App\Controllers\Products->add()
#3 /var/www/html/kimara_jewellery/ciFiles/vendor/codeigniter4/framework/system/CodeIgniter.php(404): CodeIgniter\CodeIgniter->runController()
#4 /var/www/html/kimara_jewellery/ciFiles/vendor/codeigniter4/framework/system/CodeIgniter.php(312): CodeIgniter\CodeIgniter->handleRequest()
#5 /var/www/html/kimara_jewellery/index.php(47): CodeIgniter\CodeIgniter->run()
#6 {main}
CRITICAL - 2020-11-01 23:42:19 --> The original file is not a valid file.
#0 /var/www/html/kimara_jewellery/ciFiles/vendor/codeigniter4/framework/system/HTTP/Files/UploadedFile.php(172): CodeIgniter\HTTP\Exceptions\HTTPException::forInvalidFile()
#1 /var/www/html/kimara_jewellery/ciFiles/app/Controllers/Products.php(116): CodeIgniter\HTTP\Files\UploadedFile->move()
#2 /var/www/html/kimara_jewellery/ciFiles/vendor/codeigniter4/framework/system/CodeIgniter.php(918): App\Controllers\Products->add()
#3 /var/www/html/kimara_jewellery/ciFiles/vendor/codeigniter4/framework/system/CodeIgniter.php(404): CodeIgniter\CodeIgniter->runController()
#4 /var/www/html/kimara_jewellery/ciFiles/vendor/codeigniter4/framework/system/CodeIgniter.php(312): CodeIgniter\CodeIgniter->handleRequest()
#5 /var/www/html/kimara_jewellery/index.php(47): CodeIgniter\CodeIgniter->run()
#6 {main}
CRITICAL - 2020-11-01 23:45:39 --> Call to undefined function App\Controllers\isvalid()
#0 /var/www/html/kimara_jewellery/ciFiles/vendor/codeigniter4/framework/system/CodeIgniter.php(918): App\Controllers\Products->add()
#1 /var/www/html/kimara_jewellery/ciFiles/vendor/codeigniter4/framework/system/CodeIgniter.php(404): CodeIgniter\CodeIgniter->runController()
#2 /var/www/html/kimara_jewellery/ciFiles/vendor/codeigniter4/framework/system/CodeIgniter.php(312): CodeIgniter\CodeIgniter->handleRequest()
#3 /var/www/html/kimara_jewellery/index.php(47): CodeIgniter\CodeIgniter->run()
#4 {main}
