CRITICAL - 2020-12-27 23:01:12 --> Undefined variable: title
#0 C:\xampp\htdocs\kimaara\ciFiles\app\Views\templates\header.php(6): CodeIgniter\Debug\Exceptions->errorHandler(8, 'Undefined varia...', 'C:\\xampp\\htdocs...', 6, Array)
#1 C:\xampp\htdocs\kimaara\ciFiles\vendor\codeigniter4\framework\system\View\View.php(246): include('C:\\xampp\\htdocs...')
#2 C:\xampp\htdocs\kimaara\ciFiles\vendor\codeigniter4\framework\system\Common.php(1119): CodeIgniter\View\View->render('templates/heade...', Array, true)
#3 C:\xampp\htdocs\kimaara\ciFiles\app\Controllers\VPublicPageLoader.php(33): view('templates/heade...', Array)
#4 C:\xampp\htdocs\kimaara\ciFiles\app\Controllers\VPublicPageLoader.php(70): App\Controllers\VPublicPageLoader->public_page_loader('shop', Array)
#5 C:\xampp\htdocs\kimaara\ciFiles\vendor\codeigniter4\framework\system\CodeIgniter.php(918): App\Controllers\VPublicPageLoader->store('demostore123')
#6 C:\xampp\htdocs\kimaara\ciFiles\vendor\codeigniter4\framework\system\CodeIgniter.php(404): CodeIgniter\CodeIgniter->runController(Object(App\Controllers\VPublicPageLoader))
#7 C:\xampp\htdocs\kimaara\ciFiles\vendor\codeigniter4\framework\system\CodeIgniter.php(312): CodeIgniter\CodeIgniter->handleRequest(NULL, Object(Config\Cache), false)
#8 C:\xampp\htdocs\kimaara\index.php(46): CodeIgniter\CodeIgniter->run()
#9 {main}
CRITICAL - 2020-12-27 23:07:43 --> Undefined index: title
#0 C:\xampp\htdocs\kimaara\ciFiles\app\Controllers\VPublicPageLoader.php(69): CodeIgniter\Debug\Exceptions->errorHandler(8, 'Undefined index...', 'C:\\xampp\\htdocs...', 69, Array)
#1 C:\xampp\htdocs\kimaara\ciFiles\vendor\codeigniter4\framework\system\CodeIgniter.php(918): App\Controllers\VPublicPageLoader->store('demostore123')
#2 C:\xampp\htdocs\kimaara\ciFiles\vendor\codeigniter4\framework\system\CodeIgniter.php(404): CodeIgniter\CodeIgniter->runController(Object(App\Controllers\VPublicPageLoader))
#3 C:\xampp\htdocs\kimaara\ciFiles\vendor\codeigniter4\framework\system\CodeIgniter.php(312): CodeIgniter\CodeIgniter->handleRequest(NULL, Object(Config\Cache), false)
#4 C:\xampp\htdocs\kimaara\index.php(46): CodeIgniter\CodeIgniter->run()
#5 {main}
CRITICAL - 2020-12-27 23:08:19 --> Undefined variable: cart_item_count
#0 C:\xampp\htdocs\kimaara\ciFiles\app\Views\templates\header.php(41): CodeIgniter\Debug\Exceptions->errorHandler(8, 'Undefined varia...', 'C:\\xampp\\htdocs...', 41, Array)
#1 C:\xampp\htdocs\kimaara\ciFiles\vendor\codeigniter4\framework\system\View\View.php(246): include('C:\\xampp\\htdocs...')
#2 C:\xampp\htdocs\kimaara\ciFiles\vendor\codeigniter4\framework\system\Common.php(1119): CodeIgniter\View\View->render('templates/heade...', Array, true)
#3 C:\xampp\htdocs\kimaara\ciFiles\app\Controllers\VPublicPageLoader.php(33): view('templates/heade...', Array)
#4 C:\xampp\htdocs\kimaara\ciFiles\app\Controllers\VPublicPageLoader.php(72): App\Controllers\VPublicPageLoader->public_page_loader('shop', Array)
#5 C:\xampp\htdocs\kimaara\ciFiles\vendor\codeigniter4\framework\system\CodeIgniter.php(918): App\Controllers\VPublicPageLoader->store('demostore123')
#6 C:\xampp\htdocs\kimaara\ciFiles\vendor\codeigniter4\framework\system\CodeIgniter.php(404): CodeIgniter\CodeIgniter->runController(Object(App\Controllers\VPublicPageLoader))
#7 C:\xampp\htdocs\kimaara\ciFiles\vendor\codeigniter4\framework\system\CodeIgniter.php(312): CodeIgniter\CodeIgniter->handleRequest(NULL, Object(Config\Cache), false)
#8 C:\xampp\htdocs\kimaara\index.php(46): CodeIgniter\CodeIgniter->run()
#9 {main}
CRITICAL - 2020-12-27 23:08:57 --> Undefined variable: categories
#0 C:\xampp\htdocs\kimaara\ciFiles\app\Views\templates\header.php(62): CodeIgniter\Debug\Exceptions->errorHandler(8, 'Undefined varia...', 'C:\\xampp\\htdocs...', 62, Array)
#1 C:\xampp\htdocs\kimaara\ciFiles\vendor\codeigniter4\framework\system\View\View.php(246): include('C:\\xampp\\htdocs...')
#2 C:\xampp\htdocs\kimaara\ciFiles\vendor\codeigniter4\framework\system\Common.php(1119): CodeIgniter\View\View->render('templates/heade...', Array, true)
#3 C:\xampp\htdocs\kimaara\ciFiles\app\Controllers\VPublicPageLoader.php(33): view('templates/heade...', Array)
#4 C:\xampp\htdocs\kimaara\ciFiles\app\Controllers\VPublicPageLoader.php(77): App\Controllers\VPublicPageLoader->public_page_loader('shop', Array)
#5 C:\xampp\htdocs\kimaara\ciFiles\vendor\codeigniter4\framework\system\CodeIgniter.php(918): App\Controllers\VPublicPageLoader->store('demostore123')
#6 C:\xampp\htdocs\kimaara\ciFiles\vendor\codeigniter4\framework\system\CodeIgniter.php(404): CodeIgniter\CodeIgniter->runController(Object(App\Controllers\VPublicPageLoader))
#7 C:\xampp\htdocs\kimaara\ciFiles\vendor\codeigniter4\framework\system\CodeIgniter.php(312): CodeIgniter\CodeIgniter->handleRequest(NULL, Object(Config\Cache), false)
#8 C:\xampp\htdocs\kimaara\index.php(46): CodeIgniter\CodeIgniter->run()
#9 {main}
CRITICAL - 2020-12-27 23:08:58 --> Undefined variable: categories
#0 C:\xampp\htdocs\kimaara\ciFiles\app\Views\templates\header.php(62): CodeIgniter\Debug\Exceptions->errorHandler(8, 'Undefined varia...', 'C:\\xampp\\htdocs...', 62, Array)
#1 C:\xampp\htdocs\kimaara\ciFiles\vendor\codeigniter4\framework\system\View\View.php(246): include('C:\\xampp\\htdocs...')
#2 C:\xampp\htdocs\kimaara\ciFiles\vendor\codeigniter4\framework\system\Common.php(1119): CodeIgniter\View\View->render('templates/heade...', Array, true)
#3 C:\xampp\htdocs\kimaara\ciFiles\app\Controllers\VPublicPageLoader.php(33): view('templates/heade...', Array)
#4 C:\xampp\htdocs\kimaara\ciFiles\app\Controllers\VPublicPageLoader.php(77): App\Controllers\VPublicPageLoader->public_page_loader('shop', Array)
#5 C:\xampp\htdocs\kimaara\ciFiles\vendor\codeigniter4\framework\system\CodeIgniter.php(918): App\Controllers\VPublicPageLoader->store('demostore123')
#6 C:\xampp\htdocs\kimaara\ciFiles\vendor\codeigniter4\framework\system\CodeIgniter.php(404): CodeIgniter\CodeIgniter->runController(Object(App\Controllers\VPublicPageLoader))
#7 C:\xampp\htdocs\kimaara\ciFiles\vendor\codeigniter4\framework\system\CodeIgniter.php(312): CodeIgniter\CodeIgniter->handleRequest(NULL, Object(Config\Cache), false)
#8 C:\xampp\htdocs\kimaara\index.php(46): CodeIgniter\CodeIgniter->run()
#9 {main}
CRITICAL - 2020-12-27 23:08:59 --> Undefined variable: categories
#0 C:\xampp\htdocs\kimaara\ciFiles\app\Views\templates\header.php(62): CodeIgniter\Debug\Exceptions->errorHandler(8, 'Undefined varia...', 'C:\\xampp\\htdocs...', 62, Array)
#1 C:\xampp\htdocs\kimaara\ciFiles\vendor\codeigniter4\framework\system\View\View.php(246): include('C:\\xampp\\htdocs...')
#2 C:\xampp\htdocs\kimaara\ciFiles\vendor\codeigniter4\framework\system\Common.php(1119): CodeIgniter\View\View->render('templates/heade...', Array, true)
#3 C:\xampp\htdocs\kimaara\ciFiles\app\Controllers\VPublicPageLoader.php(33): view('templates/heade...', Array)
#4 C:\xampp\htdocs\kimaara\ciFiles\app\Controllers\VPublicPageLoader.php(77): App\Controllers\VPublicPageLoader->public_page_loader('shop', Array)
#5 C:\xampp\htdocs\kimaara\ciFiles\vendor\codeigniter4\framework\system\CodeIgniter.php(918): App\Controllers\VPublicPageLoader->store('demostore123')
#6 C:\xampp\htdocs\kimaara\ciFiles\vendor\codeigniter4\framework\system\CodeIgniter.php(404): CodeIgniter\CodeIgniter->runController(Object(App\Controllers\VPublicPageLoader))
#7 C:\xampp\htdocs\kimaara\ciFiles\vendor\codeigniter4\framework\system\CodeIgniter.php(312): CodeIgniter\CodeIgniter->handleRequest(NULL, Object(Config\Cache), false)
#8 C:\xampp\htdocs\kimaara\index.php(46): CodeIgniter\CodeIgniter->run()
#9 {main}
CRITICAL - 2020-12-27 23:09:20 --> Undefined variable: categories
#0 C:\xampp\htdocs\kimaara\ciFiles\app\Views\templates\header.php(62): CodeIgniter\Debug\Exceptions->errorHandler(8, 'Undefined varia...', 'C:\\xampp\\htdocs...', 62, Array)
#1 C:\xampp\htdocs\kimaara\ciFiles\vendor\codeigniter4\framework\system\View\View.php(246): include('C:\\xampp\\htdocs...')
#2 C:\xampp\htdocs\kimaara\ciFiles\vendor\codeigniter4\framework\system\Common.php(1119): CodeIgniter\View\View->render('templates/heade...', Array, true)
#3 C:\xampp\htdocs\kimaara\ciFiles\app\Controllers\VPublicPageLoader.php(33): view('templates/heade...', Array)
#4 C:\xampp\htdocs\kimaara\ciFiles\app\Controllers\VPublicPageLoader.php(77): App\Controllers\VPublicPageLoader->public_page_loader('shop', Array)
#5 C:\xampp\htdocs\kimaara\ciFiles\vendor\codeigniter4\framework\system\CodeIgniter.php(918): App\Controllers\VPublicPageLoader->store('demostore123')
#6 C:\xampp\htdocs\kimaara\ciFiles\vendor\codeigniter4\framework\system\CodeIgniter.php(404): CodeIgniter\CodeIgniter->runController(Object(App\Controllers\VPublicPageLoader))
#7 C:\xampp\htdocs\kimaara\ciFiles\vendor\codeigniter4\framework\system\CodeIgniter.php(312): CodeIgniter\CodeIgniter->handleRequest(NULL, Object(Config\Cache), false)
#8 C:\xampp\htdocs\kimaara\index.php(46): CodeIgniter\CodeIgniter->run()
#9 {main}
CRITICAL - 2020-12-27 23:21:17 --> Undefined variable: allProducts
#0 C:\xampp\htdocs\kimaara\ciFiles\app\Controllers\VPublicPageLoader.php(80): CodeIgniter\Debug\Exceptions->errorHandler(8, 'Undefined varia...', 'C:\\xampp\\htdocs...', 80, Array)
#1 C:\xampp\htdocs\kimaara\ciFiles\vendor\codeigniter4\framework\system\CodeIgniter.php(918): App\Controllers\VPublicPageLoader->store('demostore123')
#2 C:\xampp\htdocs\kimaara\ciFiles\vendor\codeigniter4\framework\system\CodeIgniter.php(404): CodeIgniter\CodeIgniter->runController(Object(App\Controllers\VPublicPageLoader))
#3 C:\xampp\htdocs\kimaara\ciFiles\vendor\codeigniter4\framework\system\CodeIgniter.php(312): CodeIgniter\CodeIgniter->handleRequest(NULL, Object(Config\Cache), false)
#4 C:\xampp\htdocs\kimaara\index.php(46): CodeIgniter\CodeIgniter->run()
#5 {main}
CRITICAL - 2020-12-27 23:21:59 --> Undefined variable: cache
#0 C:\xampp\htdocs\kimaara\ciFiles\app\Controllers\VPublicPageLoader.php(33): CodeIgniter\Debug\Exceptions->errorHandler(8, 'Undefined varia...', 'C:\\xampp\\htdocs...', 33, Array)
#1 C:\xampp\htdocs\kimaara\ciFiles\app\Controllers\VPublicPageLoader.php(95): App\Controllers\VPublicPageLoader->public_page_loader('shop', Array)
#2 C:\xampp\htdocs\kimaara\ciFiles\vendor\codeigniter4\framework\system\CodeIgniter.php(918): App\Controllers\VPublicPageLoader->store('demostore123')
#3 C:\xampp\htdocs\kimaara\ciFiles\vendor\codeigniter4\framework\system\CodeIgniter.php(404): CodeIgniter\CodeIgniter->runController(Object(App\Controllers\VPublicPageLoader))
#4 C:\xampp\htdocs\kimaara\ciFiles\vendor\codeigniter4\framework\system\CodeIgniter.php(312): CodeIgniter\CodeIgniter->handleRequest(NULL, Object(Config\Cache), false)
#5 C:\xampp\htdocs\kimaara\index.php(46): CodeIgniter\CodeIgniter->run()
#6 {main}
CRITICAL - 2020-12-27 23:32:35 --> Invalid file: templates/store_header.php
#0 C:\xampp\htdocs\kimaara\ciFiles\vendor\codeigniter4\framework\system\View\View.php(228): CodeIgniter\Exceptions\FrameworkException::forInvalidFile('templates/store...')
#1 C:\xampp\htdocs\kimaara\ciFiles\vendor\codeigniter4\framework\system\Common.php(1119): CodeIgniter\View\View->render('templates/store...', Array, true)
#2 C:\xampp\htdocs\kimaara\ciFiles\app\Controllers\VPublicPageLoader.php(34): view('templates/store...', Array)
#3 C:\xampp\htdocs\kimaara\ciFiles\app\Controllers\VPublicPageLoader.php(98): App\Controllers\VPublicPageLoader->public_page_loader('shop', Array)
#4 C:\xampp\htdocs\kimaara\ciFiles\vendor\codeigniter4\framework\system\CodeIgniter.php(918): App\Controllers\VPublicPageLoader->store('demostore123')
#5 C:\xampp\htdocs\kimaara\ciFiles\vendor\codeigniter4\framework\system\CodeIgniter.php(404): CodeIgniter\CodeIgniter->runController(Object(App\Controllers\VPublicPageLoader))
#6 C:\xampp\htdocs\kimaara\ciFiles\vendor\codeigniter4\framework\system\CodeIgniter.php(312): CodeIgniter\CodeIgniter->handleRequest(NULL, Object(Config\Cache), false)
#7 C:\xampp\htdocs\kimaara\index.php(46): CodeIgniter\CodeIgniter->run()
#8 {main}
CRITICAL - 2020-12-27 23:34:35 --> Array to string conversion
#0 [internal function]: CodeIgniter\Debug\Exceptions->errorHandler(8, 'Array to string...', 'C:\\xampp\\htdocs...', 89, Array)
#1 C:\xampp\htdocs\kimaara\ciFiles\app\Controllers\VPublicPageLoader.php(89): array_unique(Array)
#2 C:\xampp\htdocs\kimaara\ciFiles\vendor\codeigniter4\framework\system\CodeIgniter.php(918): App\Controllers\VPublicPageLoader->store('demostore123')
#3 C:\xampp\htdocs\kimaara\ciFiles\vendor\codeigniter4\framework\system\CodeIgniter.php(404): CodeIgniter\CodeIgniter->runController(Object(App\Controllers\VPublicPageLoader))
#4 C:\xampp\htdocs\kimaara\ciFiles\vendor\codeigniter4\framework\system\CodeIgniter.php(312): CodeIgniter\CodeIgniter->handleRequest(NULL, Object(Config\Cache), false)
#5 C:\xampp\htdocs\kimaara\index.php(46): CodeIgniter\CodeIgniter->run()
#6 {main}
