CRITICAL - 2021-01-10 00:04:46 --> Undefined index: code
#0 /var/www/html/kimaara/ciFiles/app/Views/adminPages/reports.php(37): CodeIgniter\Debug\Exceptions->errorHandler()
#1 /var/www/html/kimaara/ciFiles/vendor/codeigniter4/framework/system/View/View.php(246): include('/var/www/html/k...')
#2 /var/www/html/kimaara/ciFiles/vendor/codeigniter4/framework/system/Common.php(1119): CodeIgniter\View\View->render()
#3 /var/www/html/kimaara/ciFiles/app/Controllers/AdminPageLoader.php(84): view()
#4 /var/www/html/kimaara/ciFiles/app/Controllers/AdminPageLoader.php(77): App\Controllers\AdminPageLoader->admin_page_loader()
#5 /var/www/html/kimaara/ciFiles/vendor/codeigniter4/framework/system/CodeIgniter.php(918): App\Controllers\AdminPageLoader->orders_from_store()
#6 /var/www/html/kimaara/ciFiles/vendor/codeigniter4/framework/system/CodeIgniter.php(404): CodeIgniter\CodeIgniter->runController()
#7 /var/www/html/kimaara/ciFiles/vendor/codeigniter4/framework/system/CodeIgniter.php(312): CodeIgniter\CodeIgniter->handleRequest()
#8 /var/www/html/kimaara/index.php(46): CodeIgniter\CodeIgniter->run()
#9 {main}
CRITICAL - 2021-01-10 00:26:14 --> Undefined index: code
#0 /var/www/html/kimaara/ciFiles/app/Views/adminPages/reports.php(37): CodeIgniter\Debug\Exceptions->errorHandler()
#1 /var/www/html/kimaara/ciFiles/vendor/codeigniter4/framework/system/View/View.php(246): include('/var/www/html/k...')
#2 /var/www/html/kimaara/ciFiles/vendor/codeigniter4/framework/system/Common.php(1119): CodeIgniter\View\View->render()
#3 /var/www/html/kimaara/ciFiles/app/Controllers/AdminPageLoader.php(84): view()
#4 /var/www/html/kimaara/ciFiles/app/Controllers/AdminPageLoader.php(77): App\Controllers\AdminPageLoader->admin_page_loader()
#5 /var/www/html/kimaara/ciFiles/vendor/codeigniter4/framework/system/CodeIgniter.php(918): App\Controllers\AdminPageLoader->orders_from_store()
#6 /var/www/html/kimaara/ciFiles/vendor/codeigniter4/framework/system/CodeIgniter.php(404): CodeIgniter\CodeIgniter->runController()
#7 /var/www/html/kimaara/ciFiles/vendor/codeigniter4/framework/system/CodeIgniter.php(312): CodeIgniter\CodeIgniter->handleRequest()
#8 /var/www/html/kimaara/index.php(46): CodeIgniter\CodeIgniter->run()
#9 {main}
