CRITICAL - 2021-01-09 01:04:28 --> Unable to connect to the database.
#0 /var/www/html/kimaara/ciFiles/vendor/codeigniter4/framework/system/Database/BaseConnection.php(646): CodeIgniter\Database\BaseConnection->initialize()
#1 /var/www/html/kimaara/ciFiles/vendor/codeigniter4/framework/system/Database/BaseBuilder.php(1860): CodeIgniter\Database\BaseConnection->query()
#2 /var/www/html/kimaara/ciFiles/vendor/codeigniter4/framework/system/Model.php(462): CodeIgniter\Database\BaseBuilder->get()
#3 /var/www/html/kimaara/ciFiles/app/Controllers/PublicPageLoader.php(449): CodeIgniter\Model->findAll()
#4 /var/www/html/kimaara/ciFiles/vendor/codeigniter4/framework/system/CodeIgniter.php(918): App\Controllers\PublicPageLoader->home()
#5 /var/www/html/kimaara/ciFiles/vendor/codeigniter4/framework/system/CodeIgniter.php(404): CodeIgniter\CodeIgniter->runController()
#6 /var/www/html/kimaara/ciFiles/vendor/codeigniter4/framework/system/CodeIgniter.php(312): CodeIgniter\CodeIgniter->handleRequest()
#7 /var/www/html/kimaara/index.php(46): CodeIgniter\CodeIgniter->run()
#8 {main}
CRITICAL - 2021-01-09 01:04:29 --> Unable to connect to the database.
#0 /var/www/html/kimaara/ciFiles/vendor/codeigniter4/framework/system/Database/BaseConnection.php(646): CodeIgniter\Database\BaseConnection->initialize()
#1 /var/www/html/kimaara/ciFiles/vendor/codeigniter4/framework/system/Database/BaseBuilder.php(1860): CodeIgniter\Database\BaseConnection->query()
#2 /var/www/html/kimaara/ciFiles/vendor/codeigniter4/framework/system/Model.php(462): CodeIgniter\Database\BaseBuilder->get()
#3 /var/www/html/kimaara/ciFiles/app/Controllers/PublicPageLoader.php(449): CodeIgniter\Model->findAll()
#4 /var/www/html/kimaara/ciFiles/vendor/codeigniter4/framework/system/CodeIgniter.php(918): App\Controllers\PublicPageLoader->home()
#5 /var/www/html/kimaara/ciFiles/vendor/codeigniter4/framework/system/CodeIgniter.php(404): CodeIgniter\CodeIgniter->runController()
#6 /var/www/html/kimaara/ciFiles/vendor/codeigniter4/framework/system/CodeIgniter.php(312): CodeIgniter\CodeIgniter->handleRequest()
#7 /var/www/html/kimaara/index.php(46): CodeIgniter\CodeIgniter->run()
#8 {main}
CRITICAL - 2021-01-09 01:04:29 --> Unable to connect to the database.
#0 /var/www/html/kimaara/ciFiles/vendor/codeigniter4/framework/system/Database/BaseConnection.php(646): CodeIgniter\Database\BaseConnection->initialize()
#1 /var/www/html/kimaara/ciFiles/vendor/codeigniter4/framework/system/Database/BaseBuilder.php(1860): CodeIgniter\Database\BaseConnection->query()
#2 /var/www/html/kimaara/ciFiles/vendor/codeigniter4/framework/system/Model.php(462): CodeIgniter\Database\BaseBuilder->get()
#3 /var/www/html/kimaara/ciFiles/app/Controllers/PublicPageLoader.php(449): CodeIgniter\Model->findAll()
#4 /var/www/html/kimaara/ciFiles/vendor/codeigniter4/framework/system/CodeIgniter.php(918): App\Controllers\PublicPageLoader->home()
#5 /var/www/html/kimaara/ciFiles/vendor/codeigniter4/framework/system/CodeIgniter.php(404): CodeIgniter\CodeIgniter->runController()
#6 /var/www/html/kimaara/ciFiles/vendor/codeigniter4/framework/system/CodeIgniter.php(312): CodeIgniter\CodeIgniter->handleRequest()
#7 /var/www/html/kimaara/index.php(46): CodeIgniter\CodeIgniter->run()
#8 {main}
CRITICAL - 2021-01-09 01:04:30 --> Unable to connect to the database.
#0 /var/www/html/kimaara/ciFiles/vendor/codeigniter4/framework/system/Database/BaseConnection.php(646): CodeIgniter\Database\BaseConnection->initialize()
#1 /var/www/html/kimaara/ciFiles/vendor/codeigniter4/framework/system/Database/BaseBuilder.php(1860): CodeIgniter\Database\BaseConnection->query()
#2 /var/www/html/kimaara/ciFiles/vendor/codeigniter4/framework/system/Model.php(462): CodeIgniter\Database\BaseBuilder->get()
#3 /var/www/html/kimaara/ciFiles/app/Controllers/PublicPageLoader.php(449): CodeIgniter\Model->findAll()
#4 /var/www/html/kimaara/ciFiles/vendor/codeigniter4/framework/system/CodeIgniter.php(918): App\Controllers\PublicPageLoader->home()
#5 /var/www/html/kimaara/ciFiles/vendor/codeigniter4/framework/system/CodeIgniter.php(404): CodeIgniter\CodeIgniter->runController()
#6 /var/www/html/kimaara/ciFiles/vendor/codeigniter4/framework/system/CodeIgniter.php(312): CodeIgniter\CodeIgniter->handleRequest()
#7 /var/www/html/kimaara/index.php(46): CodeIgniter\CodeIgniter->run()
#8 {main}
CRITICAL - 2021-01-09 01:04:30 --> Unable to connect to the database.
#0 /var/www/html/kimaara/ciFiles/vendor/codeigniter4/framework/system/Database/BaseConnection.php(646): CodeIgniter\Database\BaseConnection->initialize()
#1 /var/www/html/kimaara/ciFiles/vendor/codeigniter4/framework/system/Database/BaseBuilder.php(1860): CodeIgniter\Database\BaseConnection->query()
#2 /var/www/html/kimaara/ciFiles/vendor/codeigniter4/framework/system/Model.php(462): CodeIgniter\Database\BaseBuilder->get()
#3 /var/www/html/kimaara/ciFiles/app/Controllers/PublicPageLoader.php(449): CodeIgniter\Model->findAll()
#4 /var/www/html/kimaara/ciFiles/vendor/codeigniter4/framework/system/CodeIgniter.php(918): App\Controllers\PublicPageLoader->home()
#5 /var/www/html/kimaara/ciFiles/vendor/codeigniter4/framework/system/CodeIgniter.php(404): CodeIgniter\CodeIgniter->runController()
#6 /var/www/html/kimaara/ciFiles/vendor/codeigniter4/framework/system/CodeIgniter.php(312): CodeIgniter\CodeIgniter->handleRequest()
#7 /var/www/html/kimaara/index.php(46): CodeIgniter\CodeIgniter->run()
#8 {main}
CRITICAL - 2021-01-09 01:05:19 --> Unable to connect to the database.
#0 /var/www/html/kimaara/ciFiles/vendor/codeigniter4/framework/system/Database/BaseConnection.php(646): CodeIgniter\Database\BaseConnection->initialize()
#1 /var/www/html/kimaara/ciFiles/vendor/codeigniter4/framework/system/Database/BaseBuilder.php(1860): CodeIgniter\Database\BaseConnection->query()
#2 /var/www/html/kimaara/ciFiles/vendor/codeigniter4/framework/system/Model.php(462): CodeIgniter\Database\BaseBuilder->get()
#3 /var/www/html/kimaara/ciFiles/app/Controllers/PublicPageLoader.php(449): CodeIgniter\Model->findAll()
#4 /var/www/html/kimaara/ciFiles/vendor/codeigniter4/framework/system/CodeIgniter.php(918): App\Controllers\PublicPageLoader->home()
#5 /var/www/html/kimaara/ciFiles/vendor/codeigniter4/framework/system/CodeIgniter.php(404): CodeIgniter\CodeIgniter->runController()
#6 /var/www/html/kimaara/ciFiles/vendor/codeigniter4/framework/system/CodeIgniter.php(312): CodeIgniter\CodeIgniter->handleRequest()
#7 /var/www/html/kimaara/index.php(46): CodeIgniter\CodeIgniter->run()
#8 {main}
CRITICAL - 2021-01-09 01:06:02 --> Unable to connect to the database.
#0 /var/www/html/kimaara/ciFiles/vendor/codeigniter4/framework/system/Database/BaseConnection.php(646): CodeIgniter\Database\BaseConnection->initialize()
#1 /var/www/html/kimaara/ciFiles/vendor/codeigniter4/framework/system/Database/BaseBuilder.php(1860): CodeIgniter\Database\BaseConnection->query()
#2 /var/www/html/kimaara/ciFiles/vendor/codeigniter4/framework/system/Model.php(462): CodeIgniter\Database\BaseBuilder->get()
#3 /var/www/html/kimaara/ciFiles/app/Controllers/PublicPageLoader.php(449): CodeIgniter\Model->findAll()
#4 /var/www/html/kimaara/ciFiles/vendor/codeigniter4/framework/system/CodeIgniter.php(918): App\Controllers\PublicPageLoader->home()
#5 /var/www/html/kimaara/ciFiles/vendor/codeigniter4/framework/system/CodeIgniter.php(404): CodeIgniter\CodeIgniter->runController()
#6 /var/www/html/kimaara/ciFiles/vendor/codeigniter4/framework/system/CodeIgniter.php(312): CodeIgniter\CodeIgniter->handleRequest()
#7 /var/www/html/kimaara/index.php(46): CodeIgniter\CodeIgniter->run()
#8 {main}
CRITICAL - 2021-01-09 01:45:38 --> Undefined variable: catsByPos
#0 /var/www/html/kimaara/ciFiles/app/Views/templates/header.php(166): CodeIgniter\Debug\Exceptions->errorHandler()
#1 /var/www/html/kimaara/ciFiles/vendor/codeigniter4/framework/system/View/View.php(246): include('/var/www/html/k...')
#2 /var/www/html/kimaara/ciFiles/vendor/codeigniter4/framework/system/Common.php(1119): CodeIgniter\View\View->render()
#3 /var/www/html/kimaara/ciFiles/app/Controllers/Authentication.php(860): view()
#4 /var/www/html/kimaara/ciFiles/app/Controllers/Authentication.php(645): App\Controllers\Authentication->load_admin_login_error()
#5 /var/www/html/kimaara/ciFiles/vendor/codeigniter4/framework/system/CodeIgniter.php(918): App\Controllers\Authentication->login()
#6 /var/www/html/kimaara/ciFiles/vendor/codeigniter4/framework/system/CodeIgniter.php(404): CodeIgniter\CodeIgniter->runController()
#7 /var/www/html/kimaara/ciFiles/vendor/codeigniter4/framework/system/CodeIgniter.php(312): CodeIgniter\CodeIgniter->handleRequest()
#8 /var/www/html/kimaara/index.php(46): CodeIgniter\CodeIgniter->run()
#9 {main}
CRITICAL - 2021-01-09 01:45:52 --> Undefined variable: catsByPos
#0 /var/www/html/kimaara/ciFiles/app/Views/templates/header.php(166): CodeIgniter\Debug\Exceptions->errorHandler()
#1 /var/www/html/kimaara/ciFiles/vendor/codeigniter4/framework/system/View/View.php(246): include('/var/www/html/k...')
#2 /var/www/html/kimaara/ciFiles/vendor/codeigniter4/framework/system/Common.php(1119): CodeIgniter\View\View->render()
#3 /var/www/html/kimaara/ciFiles/app/Controllers/Authentication.php(860): view()
#4 /var/www/html/kimaara/ciFiles/app/Controllers/Authentication.php(645): App\Controllers\Authentication->load_admin_login_error()
#5 /var/www/html/kimaara/ciFiles/vendor/codeigniter4/framework/system/CodeIgniter.php(918): App\Controllers\Authentication->login()
#6 /var/www/html/kimaara/ciFiles/vendor/codeigniter4/framework/system/CodeIgniter.php(404): CodeIgniter\CodeIgniter->runController()
#7 /var/www/html/kimaara/ciFiles/vendor/codeigniter4/framework/system/CodeIgniter.php(312): CodeIgniter\CodeIgniter->handleRequest()
#8 /var/www/html/kimaara/index.php(46): CodeIgniter\CodeIgniter->run()
#9 {main}
CRITICAL - 2021-01-09 03:02:32 --> Undefined variable: catsByPos
#0 /var/www/html/kimaara/ciFiles/app/Views/templates/header.php(166): CodeIgniter\Debug\Exceptions->errorHandler()
#1 /var/www/html/kimaara/ciFiles/vendor/codeigniter4/framework/system/View/View.php(246): include('/var/www/html/k...')
#2 /var/www/html/kimaara/ciFiles/vendor/codeigniter4/framework/system/Common.php(1119): CodeIgniter\View\View->render()
#3 /var/www/html/kimaara/ciFiles/app/Controllers/Authentication.php(860): view()
#4 /var/www/html/kimaara/ciFiles/app/Controllers/Authentication.php(645): App\Controllers\Authentication->load_admin_login_error()
#5 /var/www/html/kimaara/ciFiles/vendor/codeigniter4/framework/system/CodeIgniter.php(918): App\Controllers\Authentication->login()
#6 /var/www/html/kimaara/ciFiles/vendor/codeigniter4/framework/system/CodeIgniter.php(404): CodeIgniter\CodeIgniter->runController()
#7 /var/www/html/kimaara/ciFiles/vendor/codeigniter4/framework/system/CodeIgniter.php(312): CodeIgniter\CodeIgniter->handleRequest()
#8 /var/www/html/kimaara/index.php(46): CodeIgniter\CodeIgniter->run()
#9 {main}
CRITICAL - 2021-01-09 04:32:05 --> Invalid file: adminPages/reports.php
#0 /var/www/html/kimaara/ciFiles/vendor/codeigniter4/framework/system/View/View.php(228): CodeIgniter\Exceptions\FrameworkException::forInvalidFile()
#1 /var/www/html/kimaara/ciFiles/vendor/codeigniter4/framework/system/Common.php(1119): CodeIgniter\View\View->render()
#2 /var/www/html/kimaara/ciFiles/app/Controllers/AdminPageLoader.php(43): view()
#3 /var/www/html/kimaara/ciFiles/app/Controllers/AdminPageLoader.php(34): App\Controllers\AdminPageLoader->admin_page_loader()
#4 /var/www/html/kimaara/ciFiles/vendor/codeigniter4/framework/system/CodeIgniter.php(918): App\Controllers\AdminPageLoader->sales_reports()
#5 /var/www/html/kimaara/ciFiles/vendor/codeigniter4/framework/system/CodeIgniter.php(404): CodeIgniter\CodeIgniter->runController()
#6 /var/www/html/kimaara/ciFiles/vendor/codeigniter4/framework/system/CodeIgniter.php(312): CodeIgniter\CodeIgniter->handleRequest()
#7 /var/www/html/kimaara/index.php(46): CodeIgniter\CodeIgniter->run()
#8 {main}
CRITICAL - 2021-01-09 05:17:38 --> Undefined variable: orders
#0 /var/www/html/kimaara/ciFiles/app/Views/adminPages/reports.php(20): CodeIgniter\Debug\Exceptions->errorHandler()
#1 /var/www/html/kimaara/ciFiles/vendor/codeigniter4/framework/system/View/View.php(246): include('/var/www/html/k...')
#2 /var/www/html/kimaara/ciFiles/vendor/codeigniter4/framework/system/Common.php(1119): CodeIgniter\View\View->render()
#3 /var/www/html/kimaara/ciFiles/app/Controllers/AdminPageLoader.php(43): view()
#4 /var/www/html/kimaara/ciFiles/app/Controllers/AdminPageLoader.php(34): App\Controllers\AdminPageLoader->admin_page_loader()
#5 /var/www/html/kimaara/ciFiles/vendor/codeigniter4/framework/system/CodeIgniter.php(918): App\Controllers\AdminPageLoader->sales_reports()
#6 /var/www/html/kimaara/ciFiles/vendor/codeigniter4/framework/system/CodeIgniter.php(404): CodeIgniter\CodeIgniter->runController()
#7 /var/www/html/kimaara/ciFiles/vendor/codeigniter4/framework/system/CodeIgniter.php(312): CodeIgniter\CodeIgniter->handleRequest()
#8 /var/www/html/kimaara/index.php(46): CodeIgniter\CodeIgniter->run()
#9 {main}
CRITICAL - 2021-01-09 05:18:40 --> Trying to access array offset on value of type null
#0 /var/www/html/kimaara/ciFiles/app/Views/sitePages/public_order_details.php(28): CodeIgniter\Debug\Exceptions->errorHandler()
#1 /var/www/html/kimaara/ciFiles/vendor/codeigniter4/framework/system/View/View.php(246): include('/var/www/html/k...')
#2 /var/www/html/kimaara/ciFiles/vendor/codeigniter4/framework/system/Common.php(1119): CodeIgniter\View\View->render()
#3 /var/www/html/kimaara/ciFiles/app/Controllers/PublicPageLoader.php(128): view()
#4 /var/www/html/kimaara/ciFiles/app/Controllers/PublicPageLoader.php(285): App\Controllers\PublicPageLoader->public_page_loader()
#5 /var/www/html/kimaara/ciFiles/vendor/codeigniter4/framework/system/CodeIgniter.php(918): App\Controllers\PublicPageLoader->order_details()
#6 /var/www/html/kimaara/ciFiles/vendor/codeigniter4/framework/system/CodeIgniter.php(404): CodeIgniter\CodeIgniter->runController()
#7 /var/www/html/kimaara/ciFiles/vendor/codeigniter4/framework/system/CodeIgniter.php(312): CodeIgniter\CodeIgniter->handleRequest()
#8 /var/www/html/kimaara/index.php(46): CodeIgniter\CodeIgniter->run()
#9 {main}
CRITICAL - 2021-01-09 05:19:34 --> Trying to access array offset on value of type null
#0 /var/www/html/kimaara/ciFiles/app/Views/sitePages/public_order_details.php(28): CodeIgniter\Debug\Exceptions->errorHandler()
#1 /var/www/html/kimaara/ciFiles/vendor/codeigniter4/framework/system/View/View.php(246): include('/var/www/html/k...')
#2 /var/www/html/kimaara/ciFiles/vendor/codeigniter4/framework/system/Common.php(1119): CodeIgniter\View\View->render()
#3 /var/www/html/kimaara/ciFiles/app/Controllers/PublicPageLoader.php(128): view()
#4 /var/www/html/kimaara/ciFiles/app/Controllers/PublicPageLoader.php(285): App\Controllers\PublicPageLoader->public_page_loader()
#5 /var/www/html/kimaara/ciFiles/vendor/codeigniter4/framework/system/CodeIgniter.php(918): App\Controllers\PublicPageLoader->order_details()
#6 /var/www/html/kimaara/ciFiles/vendor/codeigniter4/framework/system/CodeIgniter.php(404): CodeIgniter\CodeIgniter->runController()
#7 /var/www/html/kimaara/ciFiles/vendor/codeigniter4/framework/system/CodeIgniter.php(312): CodeIgniter\CodeIgniter->handleRequest()
#8 /var/www/html/kimaara/index.php(46): CodeIgniter\CodeIgniter->run()
#9 {main}
