CRITICAL - 2020-12-26 00:17:55 --> array_merge(): Expected parameter 1 to be an array, null given
#0 [internal function]: CodeIgniter\Debug\Exceptions->errorHandler(2, 'array_merge(): ...', 'C:\\xampp\\htdocs...', 129, Array)
#1 C:\xampp\htdocs\kimaara\ciFiles\app\Controllers\Stores.php(129): array_merge(NULL, Array)
#2 C:\xampp\htdocs\kimaara\ciFiles\vendor\codeigniter4\framework\system\CodeIgniter.php(918): App\Controllers\Stores->update_products_exe()
#3 C:\xampp\htdocs\kimaara\ciFiles\vendor\codeigniter4\framework\system\CodeIgniter.php(404): CodeIgniter\CodeIgniter->runController(Object(App\Controllers\Stores))
#4 C:\xampp\htdocs\kimaara\ciFiles\vendor\codeigniter4\framework\system\CodeIgniter.php(312): CodeIgniter\CodeIgniter->handleRequest(NULL, Object(Config\Cache), false)
#5 C:\xampp\htdocs\kimaara\index.php(46): CodeIgniter\CodeIgniter->run()
#6 {main}
CRITICAL - 2020-12-26 00:19:15 --> Undefined variable: productIdFinalJsonString
#0 C:\xampp\htdocs\kimaara\ciFiles\app\Controllers\Stores.php(135): CodeIgniter\Debug\Exceptions->errorHandler(8, 'Undefined varia...', 'C:\\xampp\\htdocs...', 135, Array)
#1 C:\xampp\htdocs\kimaara\ciFiles\vendor\codeigniter4\framework\system\CodeIgniter.php(918): App\Controllers\Stores->update_products_exe()
#2 C:\xampp\htdocs\kimaara\ciFiles\vendor\codeigniter4\framework\system\CodeIgniter.php(404): CodeIgniter\CodeIgniter->runController(Object(App\Controllers\Stores))
#3 C:\xampp\htdocs\kimaara\ciFiles\vendor\codeigniter4\framework\system\CodeIgniter.php(312): CodeIgniter\CodeIgniter->handleRequest(NULL, Object(Config\Cache), false)
#4 C:\xampp\htdocs\kimaara\index.php(46): CodeIgniter\CodeIgniter->run()
#5 {main}
CRITICAL - 2020-12-26 01:19:08 --> Table 'kimaara.wishlist' doesn't exist
#0 C:\xampp\htdocs\kimaara\ciFiles\vendor\codeigniter4\framework\system\Database\MySQLi\Connection.php(331): mysqli->query('SELECT *\nFROM `...')
#1 C:\xampp\htdocs\kimaara\ciFiles\vendor\codeigniter4\framework\system\Database\BaseConnection.php(741): CodeIgniter\Database\MySQLi\Connection->execute('SELECT *\nFROM `...')
#2 C:\xampp\htdocs\kimaara\ciFiles\vendor\codeigniter4\framework\system\Database\BaseConnection.php(669): CodeIgniter\Database\BaseConnection->simpleQuery('SELECT *\nFROM `...')
#3 C:\xampp\htdocs\kimaara\ciFiles\vendor\codeigniter4\framework\system\Database\BaseBuilder.php(1860): CodeIgniter\Database\BaseConnection->query('SELECT *\nFROM `...', Array, false)
#4 C:\xampp\htdocs\kimaara\ciFiles\vendor\codeigniter4\framework\system\Model.php(506): CodeIgniter\Database\BaseBuilder->get()
#5 C:\xampp\htdocs\kimaara\ciFiles\app\Controllers\Wishlist.php(18): CodeIgniter\Model->first()
#6 C:\xampp\htdocs\kimaara\ciFiles\vendor\codeigniter4\framework\system\CodeIgniter.php(918): App\Controllers\Wishlist->add()
#7 C:\xampp\htdocs\kimaara\ciFiles\vendor\codeigniter4\framework\system\CodeIgniter.php(404): CodeIgniter\CodeIgniter->runController(Object(App\Controllers\Wishlist))
#8 C:\xampp\htdocs\kimaara\ciFiles\vendor\codeigniter4\framework\system\CodeIgniter.php(312): CodeIgniter\CodeIgniter->handleRequest(NULL, Object(Config\Cache), false)
#9 C:\xampp\htdocs\kimaara\index.php(46): CodeIgniter\CodeIgniter->run()
#10 {main}
CRITICAL - 2020-12-26 01:19:10 --> Table 'kimaara.wishlist' doesn't exist
#0 C:\xampp\htdocs\kimaara\ciFiles\vendor\codeigniter4\framework\system\Database\MySQLi\Connection.php(331): mysqli->query('SELECT *\nFROM `...')
#1 C:\xampp\htdocs\kimaara\ciFiles\vendor\codeigniter4\framework\system\Database\BaseConnection.php(741): CodeIgniter\Database\MySQLi\Connection->execute('SELECT *\nFROM `...')
#2 C:\xampp\htdocs\kimaara\ciFiles\vendor\codeigniter4\framework\system\Database\BaseConnection.php(669): CodeIgniter\Database\BaseConnection->simpleQuery('SELECT *\nFROM `...')
#3 C:\xampp\htdocs\kimaara\ciFiles\vendor\codeigniter4\framework\system\Database\BaseBuilder.php(1860): CodeIgniter\Database\BaseConnection->query('SELECT *\nFROM `...', Array, false)
#4 C:\xampp\htdocs\kimaara\ciFiles\vendor\codeigniter4\framework\system\Model.php(506): CodeIgniter\Database\BaseBuilder->get()
#5 C:\xampp\htdocs\kimaara\ciFiles\app\Controllers\Wishlist.php(18): CodeIgniter\Model->first()
#6 C:\xampp\htdocs\kimaara\ciFiles\vendor\codeigniter4\framework\system\CodeIgniter.php(918): App\Controllers\Wishlist->add()
#7 C:\xampp\htdocs\kimaara\ciFiles\vendor\codeigniter4\framework\system\CodeIgniter.php(404): CodeIgniter\CodeIgniter->runController(Object(App\Controllers\Wishlist))
#8 C:\xampp\htdocs\kimaara\ciFiles\vendor\codeigniter4\framework\system\CodeIgniter.php(312): CodeIgniter\CodeIgniter->handleRequest(NULL, Object(Config\Cache), false)
#9 C:\xampp\htdocs\kimaara\index.php(46): CodeIgniter\CodeIgniter->run()
#10 {main}
CRITICAL - 2020-12-26 01:19:12 --> Table 'kimaara.wishlist' doesn't exist
#0 C:\xampp\htdocs\kimaara\ciFiles\vendor\codeigniter4\framework\system\Database\MySQLi\Connection.php(331): mysqli->query('SELECT *\nFROM `...')
#1 C:\xampp\htdocs\kimaara\ciFiles\vendor\codeigniter4\framework\system\Database\BaseConnection.php(741): CodeIgniter\Database\MySQLi\Connection->execute('SELECT *\nFROM `...')
#2 C:\xampp\htdocs\kimaara\ciFiles\vendor\codeigniter4\framework\system\Database\BaseConnection.php(669): CodeIgniter\Database\BaseConnection->simpleQuery('SELECT *\nFROM `...')
#3 C:\xampp\htdocs\kimaara\ciFiles\vendor\codeigniter4\framework\system\Database\BaseBuilder.php(1860): CodeIgniter\Database\BaseConnection->query('SELECT *\nFROM `...', Array, false)
#4 C:\xampp\htdocs\kimaara\ciFiles\vendor\codeigniter4\framework\system\Model.php(506): CodeIgniter\Database\BaseBuilder->get()
#5 C:\xampp\htdocs\kimaara\ciFiles\app\Controllers\Wishlist.php(18): CodeIgniter\Model->first()
#6 C:\xampp\htdocs\kimaara\ciFiles\vendor\codeigniter4\framework\system\CodeIgniter.php(918): App\Controllers\Wishlist->add()
#7 C:\xampp\htdocs\kimaara\ciFiles\vendor\codeigniter4\framework\system\CodeIgniter.php(404): CodeIgniter\CodeIgniter->runController(Object(App\Controllers\Wishlist))
#8 C:\xampp\htdocs\kimaara\ciFiles\vendor\codeigniter4\framework\system\CodeIgniter.php(312): CodeIgniter\CodeIgniter->handleRequest(NULL, Object(Config\Cache), false)
#9 C:\xampp\htdocs\kimaara\index.php(46): CodeIgniter\CodeIgniter->run()
#10 {main}
CRITICAL - 2020-12-26 01:19:12 --> Table 'kimaara.wishlist' doesn't exist
#0 C:\xampp\htdocs\kimaara\ciFiles\vendor\codeigniter4\framework\system\Database\MySQLi\Connection.php(331): mysqli->query('SELECT *\nFROM `...')
#1 C:\xampp\htdocs\kimaara\ciFiles\vendor\codeigniter4\framework\system\Database\BaseConnection.php(741): CodeIgniter\Database\MySQLi\Connection->execute('SELECT *\nFROM `...')
#2 C:\xampp\htdocs\kimaara\ciFiles\vendor\codeigniter4\framework\system\Database\BaseConnection.php(669): CodeIgniter\Database\BaseConnection->simpleQuery('SELECT *\nFROM `...')
#3 C:\xampp\htdocs\kimaara\ciFiles\vendor\codeigniter4\framework\system\Database\BaseBuilder.php(1860): CodeIgniter\Database\BaseConnection->query('SELECT *\nFROM `...', Array, false)
#4 C:\xampp\htdocs\kimaara\ciFiles\vendor\codeigniter4\framework\system\Model.php(506): CodeIgniter\Database\BaseBuilder->get()
#5 C:\xampp\htdocs\kimaara\ciFiles\app\Controllers\Wishlist.php(18): CodeIgniter\Model->first()
#6 C:\xampp\htdocs\kimaara\ciFiles\vendor\codeigniter4\framework\system\CodeIgniter.php(918): App\Controllers\Wishlist->add()
#7 C:\xampp\htdocs\kimaara\ciFiles\vendor\codeigniter4\framework\system\CodeIgniter.php(404): CodeIgniter\CodeIgniter->runController(Object(App\Controllers\Wishlist))
#8 C:\xampp\htdocs\kimaara\ciFiles\vendor\codeigniter4\framework\system\CodeIgniter.php(312): CodeIgniter\CodeIgniter->handleRequest(NULL, Object(Config\Cache), false)
#9 C:\xampp\htdocs\kimaara\index.php(46): CodeIgniter\CodeIgniter->run()
#10 {main}
CRITICAL - 2020-12-26 01:19:13 --> Table 'kimaara.wishlist' doesn't exist
#0 C:\xampp\htdocs\kimaara\ciFiles\vendor\codeigniter4\framework\system\Database\MySQLi\Connection.php(331): mysqli->query('SELECT *\nFROM `...')
#1 C:\xampp\htdocs\kimaara\ciFiles\vendor\codeigniter4\framework\system\Database\BaseConnection.php(741): CodeIgniter\Database\MySQLi\Connection->execute('SELECT *\nFROM `...')
#2 C:\xampp\htdocs\kimaara\ciFiles\vendor\codeigniter4\framework\system\Database\BaseConnection.php(669): CodeIgniter\Database\BaseConnection->simpleQuery('SELECT *\nFROM `...')
#3 C:\xampp\htdocs\kimaara\ciFiles\vendor\codeigniter4\framework\system\Database\BaseBuilder.php(1860): CodeIgniter\Database\BaseConnection->query('SELECT *\nFROM `...', Array, false)
#4 C:\xampp\htdocs\kimaara\ciFiles\vendor\codeigniter4\framework\system\Model.php(506): CodeIgniter\Database\BaseBuilder->get()
#5 C:\xampp\htdocs\kimaara\ciFiles\app\Controllers\Wishlist.php(18): CodeIgniter\Model->first()
#6 C:\xampp\htdocs\kimaara\ciFiles\vendor\codeigniter4\framework\system\CodeIgniter.php(918): App\Controllers\Wishlist->add()
#7 C:\xampp\htdocs\kimaara\ciFiles\vendor\codeigniter4\framework\system\CodeIgniter.php(404): CodeIgniter\CodeIgniter->runController(Object(App\Controllers\Wishlist))
#8 C:\xampp\htdocs\kimaara\ciFiles\vendor\codeigniter4\framework\system\CodeIgniter.php(312): CodeIgniter\CodeIgniter->handleRequest(NULL, Object(Config\Cache), false)
#9 C:\xampp\htdocs\kimaara\index.php(46): CodeIgniter\CodeIgniter->run()
#10 {main}
CRITICAL - 2020-12-26 01:19:13 --> Table 'kimaara.wishlist' doesn't exist
#0 C:\xampp\htdocs\kimaara\ciFiles\vendor\codeigniter4\framework\system\Database\MySQLi\Connection.php(331): mysqli->query('SELECT *\nFROM `...')
#1 C:\xampp\htdocs\kimaara\ciFiles\vendor\codeigniter4\framework\system\Database\BaseConnection.php(741): CodeIgniter\Database\MySQLi\Connection->execute('SELECT *\nFROM `...')
#2 C:\xampp\htdocs\kimaara\ciFiles\vendor\codeigniter4\framework\system\Database\BaseConnection.php(669): CodeIgniter\Database\BaseConnection->simpleQuery('SELECT *\nFROM `...')
#3 C:\xampp\htdocs\kimaara\ciFiles\vendor\codeigniter4\framework\system\Database\BaseBuilder.php(1860): CodeIgniter\Database\BaseConnection->query('SELECT *\nFROM `...', Array, false)
#4 C:\xampp\htdocs\kimaara\ciFiles\vendor\codeigniter4\framework\system\Model.php(506): CodeIgniter\Database\BaseBuilder->get()
#5 C:\xampp\htdocs\kimaara\ciFiles\app\Controllers\Wishlist.php(18): CodeIgniter\Model->first()
#6 C:\xampp\htdocs\kimaara\ciFiles\vendor\codeigniter4\framework\system\CodeIgniter.php(918): App\Controllers\Wishlist->add()
#7 C:\xampp\htdocs\kimaara\ciFiles\vendor\codeigniter4\framework\system\CodeIgniter.php(404): CodeIgniter\CodeIgniter->runController(Object(App\Controllers\Wishlist))
#8 C:\xampp\htdocs\kimaara\ciFiles\vendor\codeigniter4\framework\system\CodeIgniter.php(312): CodeIgniter\CodeIgniter->handleRequest(NULL, Object(Config\Cache), false)
#9 C:\xampp\htdocs\kimaara\index.php(46): CodeIgniter\CodeIgniter->run()
#10 {main}
CRITICAL - 2020-12-26 01:19:14 --> Table 'kimaara.wishlist' doesn't exist
#0 C:\xampp\htdocs\kimaara\ciFiles\vendor\codeigniter4\framework\system\Database\MySQLi\Connection.php(331): mysqli->query('SELECT *\nFROM `...')
#1 C:\xampp\htdocs\kimaara\ciFiles\vendor\codeigniter4\framework\system\Database\BaseConnection.php(741): CodeIgniter\Database\MySQLi\Connection->execute('SELECT *\nFROM `...')
#2 C:\xampp\htdocs\kimaara\ciFiles\vendor\codeigniter4\framework\system\Database\BaseConnection.php(669): CodeIgniter\Database\BaseConnection->simpleQuery('SELECT *\nFROM `...')
#3 C:\xampp\htdocs\kimaara\ciFiles\vendor\codeigniter4\framework\system\Database\BaseBuilder.php(1860): CodeIgniter\Database\BaseConnection->query('SELECT *\nFROM `...', Array, false)
#4 C:\xampp\htdocs\kimaara\ciFiles\vendor\codeigniter4\framework\system\Model.php(506): CodeIgniter\Database\BaseBuilder->get()
#5 C:\xampp\htdocs\kimaara\ciFiles\app\Controllers\Wishlist.php(18): CodeIgniter\Model->first()
#6 C:\xampp\htdocs\kimaara\ciFiles\vendor\codeigniter4\framework\system\CodeIgniter.php(918): App\Controllers\Wishlist->add()
#7 C:\xampp\htdocs\kimaara\ciFiles\vendor\codeigniter4\framework\system\CodeIgniter.php(404): CodeIgniter\CodeIgniter->runController(Object(App\Controllers\Wishlist))
#8 C:\xampp\htdocs\kimaara\ciFiles\vendor\codeigniter4\framework\system\CodeIgniter.php(312): CodeIgniter\CodeIgniter->handleRequest(NULL, Object(Config\Cache), false)
#9 C:\xampp\htdocs\kimaara\index.php(46): CodeIgniter\CodeIgniter->run()
#10 {main}
CRITICAL - 2020-12-26 01:19:14 --> Table 'kimaara.wishlist' doesn't exist
#0 C:\xampp\htdocs\kimaara\ciFiles\vendor\codeigniter4\framework\system\Database\MySQLi\Connection.php(331): mysqli->query('SELECT *\nFROM `...')
#1 C:\xampp\htdocs\kimaara\ciFiles\vendor\codeigniter4\framework\system\Database\BaseConnection.php(741): CodeIgniter\Database\MySQLi\Connection->execute('SELECT *\nFROM `...')
#2 C:\xampp\htdocs\kimaara\ciFiles\vendor\codeigniter4\framework\system\Database\BaseConnection.php(669): CodeIgniter\Database\BaseConnection->simpleQuery('SELECT *\nFROM `...')
#3 C:\xampp\htdocs\kimaara\ciFiles\vendor\codeigniter4\framework\system\Database\BaseBuilder.php(1860): CodeIgniter\Database\BaseConnection->query('SELECT *\nFROM `...', Array, false)
#4 C:\xampp\htdocs\kimaara\ciFiles\vendor\codeigniter4\framework\system\Model.php(506): CodeIgniter\Database\BaseBuilder->get()
#5 C:\xampp\htdocs\kimaara\ciFiles\app\Controllers\Wishlist.php(18): CodeIgniter\Model->first()
#6 C:\xampp\htdocs\kimaara\ciFiles\vendor\codeigniter4\framework\system\CodeIgniter.php(918): App\Controllers\Wishlist->add()
#7 C:\xampp\htdocs\kimaara\ciFiles\vendor\codeigniter4\framework\system\CodeIgniter.php(404): CodeIgniter\CodeIgniter->runController(Object(App\Controllers\Wishlist))
#8 C:\xampp\htdocs\kimaara\ciFiles\vendor\codeigniter4\framework\system\CodeIgniter.php(312): CodeIgniter\CodeIgniter->handleRequest(NULL, Object(Config\Cache), false)
#9 C:\xampp\htdocs\kimaara\index.php(46): CodeIgniter\CodeIgniter->run()
#10 {main}
CRITICAL - 2020-12-26 01:19:15 --> Table 'kimaara.wishlist' doesn't exist
#0 C:\xampp\htdocs\kimaara\ciFiles\vendor\codeigniter4\framework\system\Database\MySQLi\Connection.php(331): mysqli->query('SELECT *\nFROM `...')
#1 C:\xampp\htdocs\kimaara\ciFiles\vendor\codeigniter4\framework\system\Database\BaseConnection.php(741): CodeIgniter\Database\MySQLi\Connection->execute('SELECT *\nFROM `...')
#2 C:\xampp\htdocs\kimaara\ciFiles\vendor\codeigniter4\framework\system\Database\BaseConnection.php(669): CodeIgniter\Database\BaseConnection->simpleQuery('SELECT *\nFROM `...')
#3 C:\xampp\htdocs\kimaara\ciFiles\vendor\codeigniter4\framework\system\Database\BaseBuilder.php(1860): CodeIgniter\Database\BaseConnection->query('SELECT *\nFROM `...', Array, false)
#4 C:\xampp\htdocs\kimaara\ciFiles\vendor\codeigniter4\framework\system\Model.php(506): CodeIgniter\Database\BaseBuilder->get()
#5 C:\xampp\htdocs\kimaara\ciFiles\app\Controllers\Wishlist.php(18): CodeIgniter\Model->first()
#6 C:\xampp\htdocs\kimaara\ciFiles\vendor\codeigniter4\framework\system\CodeIgniter.php(918): App\Controllers\Wishlist->add()
#7 C:\xampp\htdocs\kimaara\ciFiles\vendor\codeigniter4\framework\system\CodeIgniter.php(404): CodeIgniter\CodeIgniter->runController(Object(App\Controllers\Wishlist))
#8 C:\xampp\htdocs\kimaara\ciFiles\vendor\codeigniter4\framework\system\CodeIgniter.php(312): CodeIgniter\CodeIgniter->handleRequest(NULL, Object(Config\Cache), false)
#9 C:\xampp\htdocs\kimaara\index.php(46): CodeIgniter\CodeIgniter->run()
#10 {main}
CRITICAL - 2020-12-26 01:19:18 --> Table 'kimaara.wishlist' doesn't exist
#0 C:\xampp\htdocs\kimaara\ciFiles\vendor\codeigniter4\framework\system\Database\MySQLi\Connection.php(331): mysqli->query('SELECT *\nFROM `...')
#1 C:\xampp\htdocs\kimaara\ciFiles\vendor\codeigniter4\framework\system\Database\BaseConnection.php(741): CodeIgniter\Database\MySQLi\Connection->execute('SELECT *\nFROM `...')
#2 C:\xampp\htdocs\kimaara\ciFiles\vendor\codeigniter4\framework\system\Database\BaseConnection.php(669): CodeIgniter\Database\BaseConnection->simpleQuery('SELECT *\nFROM `...')
#3 C:\xampp\htdocs\kimaara\ciFiles\vendor\codeigniter4\framework\system\Database\BaseBuilder.php(1860): CodeIgniter\Database\BaseConnection->query('SELECT *\nFROM `...', Array, false)
#4 C:\xampp\htdocs\kimaara\ciFiles\vendor\codeigniter4\framework\system\Model.php(462): CodeIgniter\Database\BaseBuilder->get()
#5 C:\xampp\htdocs\kimaara\ciFiles\app\Controllers\PublicPageLoader.php(166): CodeIgniter\Model->findAll()
#6 C:\xampp\htdocs\kimaara\ciFiles\vendor\codeigniter4\framework\system\CodeIgniter.php(918): App\Controllers\PublicPageLoader->my_account()
#7 C:\xampp\htdocs\kimaara\ciFiles\vendor\codeigniter4\framework\system\CodeIgniter.php(404): CodeIgniter\CodeIgniter->runController(Object(App\Controllers\PublicPageLoader))
#8 C:\xampp\htdocs\kimaara\ciFiles\vendor\codeigniter4\framework\system\CodeIgniter.php(312): CodeIgniter\CodeIgniter->handleRequest(NULL, Object(Config\Cache), false)
#9 C:\xampp\htdocs\kimaara\index.php(46): CodeIgniter\CodeIgniter->run()
#10 {main}
