CRITICAL - 2020-11-02 00:21:31 --> Undefined variable: request
#0 /var/www/html/kimara_jewellery/ciFiles/app/Controllers/Products.php(71): CodeIgniter\Debug\Exceptions->errorHandler()
#1 /var/www/html/kimara_jewellery/ciFiles/vendor/codeigniter4/framework/system/CodeIgniter.php(918): App\Controllers\Products->add()
#2 /var/www/html/kimara_jewellery/ciFiles/vendor/codeigniter4/framework/system/CodeIgniter.php(404): CodeIgniter\CodeIgniter->runController()
#3 /var/www/html/kimara_jewellery/ciFiles/vendor/codeigniter4/framework/system/CodeIgniter.php(312): CodeIgniter\CodeIgniter->handleRequest()
#4 /var/www/html/kimara_jewellery/index.php(47): CodeIgniter\CodeIgniter->run()
#5 {main}
CRITICAL - 2020-11-02 00:22:29 --> The uploaded file has already been moved.
#0 /var/www/html/kimara_jewellery/ciFiles/vendor/codeigniter4/framework/system/HTTP/Files/UploadedFile.php(167): CodeIgniter\HTTP\Exceptions\HTTPException::forAlreadyMoved()
#1 /var/www/html/kimara_jewellery/ciFiles/app/Controllers/Products.php(106): CodeIgniter\HTTP\Files\UploadedFile->move()
#2 /var/www/html/kimara_jewellery/ciFiles/vendor/codeigniter4/framework/system/CodeIgniter.php(918): App\Controllers\Products->add()
#3 /var/www/html/kimara_jewellery/ciFiles/vendor/codeigniter4/framework/system/CodeIgniter.php(404): CodeIgniter\CodeIgniter->runController()
#4 /var/www/html/kimara_jewellery/ciFiles/vendor/codeigniter4/framework/system/CodeIgniter.php(312): CodeIgniter\CodeIgniter->handleRequest()
#5 /var/www/html/kimara_jewellery/index.php(47): CodeIgniter\CodeIgniter->run()
#6 {main}
CRITICAL - 2020-11-02 00:24:45 --> Undefined variable: categoryModel
#0 /var/www/html/kimara_jewellery/ciFiles/app/Controllers/Products.php(132): CodeIgniter\Debug\Exceptions->errorHandler()
#1 /var/www/html/kimara_jewellery/ciFiles/vendor/codeigniter4/framework/system/CodeIgniter.php(918): App\Controllers\Products->add()
#2 /var/www/html/kimara_jewellery/ciFiles/vendor/codeigniter4/framework/system/CodeIgniter.php(404): CodeIgniter\CodeIgniter->runController()
#3 /var/www/html/kimara_jewellery/ciFiles/vendor/codeigniter4/framework/system/CodeIgniter.php(312): CodeIgniter\CodeIgniter->handleRequest()
#4 /var/www/html/kimara_jewellery/index.php(47): CodeIgniter\CodeIgniter->run()
#5 {main}
CRITICAL - 2020-11-02 00:25:01 --> Call to a member function insert() on null
#0 /var/www/html/kimara_jewellery/ciFiles/vendor/codeigniter4/framework/system/CodeIgniter.php(918): App\Controllers\Products->add()
#1 /var/www/html/kimara_jewellery/ciFiles/vendor/codeigniter4/framework/system/CodeIgniter.php(404): CodeIgniter\CodeIgniter->runController()
#2 /var/www/html/kimara_jewellery/ciFiles/vendor/codeigniter4/framework/system/CodeIgniter.php(312): CodeIgniter\CodeIgniter->handleRequest()
#3 /var/www/html/kimara_jewellery/index.php(47): CodeIgniter\CodeIgniter->run()
#4 {main}
CRITICAL - 2020-11-02 00:25:16 --> Unknown column 'category' in 'field list'
#0 /var/www/html/kimara_jewellery/ciFiles/vendor/codeigniter4/framework/system/Database/MySQLi/Connection.php(331): mysqli->query()
#1 /var/www/html/kimara_jewellery/ciFiles/vendor/codeigniter4/framework/system/Database/BaseConnection.php(741): CodeIgniter\Database\MySQLi\Connection->execute()
#2 /var/www/html/kimara_jewellery/ciFiles/vendor/codeigniter4/framework/system/Database/BaseConnection.php(669): CodeIgniter\Database\BaseConnection->simpleQuery()
#3 /var/www/html/kimara_jewellery/ciFiles/vendor/codeigniter4/framework/system/Database/BaseBuilder.php(2249): CodeIgniter\Database\BaseConnection->query()
#4 /var/www/html/kimara_jewellery/ciFiles/vendor/codeigniter4/framework/system/Model.php(755): CodeIgniter\Database\BaseBuilder->insert()
#5 /var/www/html/kimara_jewellery/ciFiles/app/Controllers/Products.php(132): CodeIgniter\Model->insert()
#6 /var/www/html/kimara_jewellery/ciFiles/vendor/codeigniter4/framework/system/CodeIgniter.php(918): App\Controllers\Products->add()
#7 /var/www/html/kimara_jewellery/ciFiles/vendor/codeigniter4/framework/system/CodeIgniter.php(404): CodeIgniter\CodeIgniter->runController()
#8 /var/www/html/kimara_jewellery/ciFiles/vendor/codeigniter4/framework/system/CodeIgniter.php(312): CodeIgniter\CodeIgniter->handleRequest()
#9 /var/www/html/kimara_jewellery/index.php(47): CodeIgniter\CodeIgniter->run()
#10 {main}
CRITICAL - 2020-11-02 00:25:48 --> Column 'category' cannot be null
#0 /var/www/html/kimara_jewellery/ciFiles/vendor/codeigniter4/framework/system/Database/MySQLi/Connection.php(331): mysqli->query()
#1 /var/www/html/kimara_jewellery/ciFiles/vendor/codeigniter4/framework/system/Database/BaseConnection.php(741): CodeIgniter\Database\MySQLi\Connection->execute()
#2 /var/www/html/kimara_jewellery/ciFiles/vendor/codeigniter4/framework/system/Database/BaseConnection.php(669): CodeIgniter\Database\BaseConnection->simpleQuery()
#3 /var/www/html/kimara_jewellery/ciFiles/vendor/codeigniter4/framework/system/Database/BaseBuilder.php(2249): CodeIgniter\Database\BaseConnection->query()
#4 /var/www/html/kimara_jewellery/ciFiles/vendor/codeigniter4/framework/system/Model.php(755): CodeIgniter\Database\BaseBuilder->insert()
#5 /var/www/html/kimara_jewellery/ciFiles/app/Controllers/Products.php(132): CodeIgniter\Model->insert()
#6 /var/www/html/kimara_jewellery/ciFiles/vendor/codeigniter4/framework/system/CodeIgniter.php(918): App\Controllers\Products->add()
#7 /var/www/html/kimara_jewellery/ciFiles/vendor/codeigniter4/framework/system/CodeIgniter.php(404): CodeIgniter\CodeIgniter->runController()
#8 /var/www/html/kimara_jewellery/ciFiles/vendor/codeigniter4/framework/system/CodeIgniter.php(312): CodeIgniter\CodeIgniter->handleRequest()
#9 /var/www/html/kimara_jewellery/index.php(47): CodeIgniter\CodeIgniter->run()
#10 {main}
CRITICAL - 2020-11-02 00:27:52 --> Class 'App\Controllers\CategoryModel' not found
#0 /var/www/html/kimara_jewellery/ciFiles/vendor/codeigniter4/framework/system/CodeIgniter.php(918): App\Controllers\Products->add()
#1 /var/www/html/kimara_jewellery/ciFiles/vendor/codeigniter4/framework/system/CodeIgniter.php(404): CodeIgniter\CodeIgniter->runController()
#2 /var/www/html/kimara_jewellery/ciFiles/vendor/codeigniter4/framework/system/CodeIgniter.php(312): CodeIgniter\CodeIgniter->handleRequest()
#3 /var/www/html/kimara_jewellery/index.php(47): CodeIgniter\CodeIgniter->run()
#4 {main}
CRITICAL - 2020-11-02 00:32:22 --> The original file is not a valid file.
#0 /var/www/html/kimara_jewellery/ciFiles/vendor/codeigniter4/framework/system/HTTP/Files/UploadedFile.php(172): CodeIgniter\HTTP\Exceptions\HTTPException::forInvalidFile()
#1 /var/www/html/kimara_jewellery/ciFiles/app/Controllers/Products.php(77): CodeIgniter\HTTP\Files\UploadedFile->move()
#2 /var/www/html/kimara_jewellery/ciFiles/vendor/codeigniter4/framework/system/CodeIgniter.php(918): App\Controllers\Products->add()
#3 /var/www/html/kimara_jewellery/ciFiles/vendor/codeigniter4/framework/system/CodeIgniter.php(404): CodeIgniter\CodeIgniter->runController()
#4 /var/www/html/kimara_jewellery/ciFiles/vendor/codeigniter4/framework/system/CodeIgniter.php(312): CodeIgniter\CodeIgniter->handleRequest()
#5 /var/www/html/kimara_jewellery/index.php(47): CodeIgniter\CodeIgniter->run()
#6 {main}
CRITICAL - 2020-11-02 00:36:50 --> Undefined variable: categories
#0 /var/www/html/kimara_jewellery/ciFiles/app/Views/adminPages/products.php(34): CodeIgniter\Debug\Exceptions->errorHandler()
#1 /var/www/html/kimara_jewellery/ciFiles/vendor/codeigniter4/framework/system/View/View.php(246): include('/var/www/html/k...')
#2 /var/www/html/kimara_jewellery/ciFiles/vendor/codeigniter4/framework/system/Common.php(1119): CodeIgniter\View\View->render()
#3 /var/www/html/kimara_jewellery/ciFiles/app/Controllers/Products.php(25): view()
#4 /var/www/html/kimara_jewellery/ciFiles/app/Controllers/Products.php(192): App\Controllers\Products->admin_page_loader()
#5 /var/www/html/kimara_jewellery/ciFiles/vendor/codeigniter4/framework/system/CodeIgniter.php(918): App\Controllers\Products->delete()
#6 /var/www/html/kimara_jewellery/ciFiles/vendor/codeigniter4/framework/system/CodeIgniter.php(404): CodeIgniter\CodeIgniter->runController()
#7 /var/www/html/kimara_jewellery/ciFiles/vendor/codeigniter4/framework/system/CodeIgniter.php(312): CodeIgniter\CodeIgniter->handleRequest()
#8 /var/www/html/kimara_jewellery/index.php(47): CodeIgniter\CodeIgniter->run()
#9 {main}
CRITICAL - 2020-11-02 00:38:41 --> Undefined variable: categories
#0 /var/www/html/kimara_jewellery/ciFiles/app/Views/adminPages/products.php(34): CodeIgniter\Debug\Exceptions->errorHandler()
#1 /var/www/html/kimara_jewellery/ciFiles/vendor/codeigniter4/framework/system/View/View.php(246): include('/var/www/html/k...')
#2 /var/www/html/kimara_jewellery/ciFiles/vendor/codeigniter4/framework/system/Common.php(1119): CodeIgniter\View\View->render()
#3 /var/www/html/kimara_jewellery/ciFiles/app/Controllers/Products.php(25): view()
#4 /var/www/html/kimara_jewellery/ciFiles/app/Controllers/Products.php(192): App\Controllers\Products->admin_page_loader()
#5 /var/www/html/kimara_jewellery/ciFiles/vendor/codeigniter4/framework/system/CodeIgniter.php(918): App\Controllers\Products->delete()
#6 /var/www/html/kimara_jewellery/ciFiles/vendor/codeigniter4/framework/system/CodeIgniter.php(404): CodeIgniter\CodeIgniter->runController()
#7 /var/www/html/kimara_jewellery/ciFiles/vendor/codeigniter4/framework/system/CodeIgniter.php(312): CodeIgniter\CodeIgniter->handleRequest()
#8 /var/www/html/kimara_jewellery/index.php(47): CodeIgniter\CodeIgniter->run()
#9 {main}
CRITICAL - 2020-11-02 00:47:27 --> Class 'App\Controllers\CategoryModel' not found
#0 /var/www/html/kimara_jewellery/ciFiles/vendor/codeigniter4/framework/system/CodeIgniter.php(918): App\Controllers\PublicPageLoader->home()
#1 /var/www/html/kimara_jewellery/ciFiles/vendor/codeigniter4/framework/system/CodeIgniter.php(404): CodeIgniter\CodeIgniter->runController()
#2 /var/www/html/kimara_jewellery/ciFiles/vendor/codeigniter4/framework/system/CodeIgniter.php(312): CodeIgniter\CodeIgniter->handleRequest()
#3 /var/www/html/kimara_jewellery/index.php(47): CodeIgniter\CodeIgniter->run()
#4 {main}
CRITICAL - 2020-11-02 00:48:04 --> Undefined index: featured_image
#0 /var/www/html/kimara_jewellery/ciFiles/app/Views/sitePages/home.php(35): CodeIgniter\Debug\Exceptions->errorHandler()
#1 /var/www/html/kimara_jewellery/ciFiles/vendor/codeigniter4/framework/system/View/View.php(246): include('/var/www/html/k...')
#2 /var/www/html/kimara_jewellery/ciFiles/vendor/codeigniter4/framework/system/Common.php(1119): CodeIgniter\View\View->render()
#3 /var/www/html/kimara_jewellery/ciFiles/app/Controllers/PublicPageLoader.php(12): view()
#4 /var/www/html/kimara_jewellery/ciFiles/app/Controllers/PublicPageLoader.php(37): App\Controllers\PublicPageLoader->public_page_loader()
#5 /var/www/html/kimara_jewellery/ciFiles/vendor/codeigniter4/framework/system/CodeIgniter.php(918): App\Controllers\PublicPageLoader->home()
#6 /var/www/html/kimara_jewellery/ciFiles/vendor/codeigniter4/framework/system/CodeIgniter.php(404): CodeIgniter\CodeIgniter->runController()
#7 /var/www/html/kimara_jewellery/ciFiles/vendor/codeigniter4/framework/system/CodeIgniter.php(312): CodeIgniter\CodeIgniter->handleRequest()
#8 /var/www/html/kimara_jewellery/index.php(47): CodeIgniter\CodeIgniter->run()
#9 {main}
