CRITICAL - 2021-01-13 00:28:24 --> Invalid argument supplied for foreach()
#0 /var/www/html/kimaara/ciFiles/app/Controllers/PublicPageLoader.php(249): CodeIgniter\Debug\Exceptions->errorHandler()
#1 /var/www/html/kimaara/ciFiles/vendor/codeigniter4/framework/system/CodeIgniter.php(918): App\Controllers\PublicPageLoader->filter_endpoint_vendor()
#2 /var/www/html/kimaara/ciFiles/vendor/codeigniter4/framework/system/CodeIgniter.php(404): CodeIgniter\CodeIgniter->runController()
#3 /var/www/html/kimaara/ciFiles/vendor/codeigniter4/framework/system/CodeIgniter.php(312): CodeIgniter\CodeIgniter->handleRequest()
#4 /var/www/html/kimaara/index.php(46): CodeIgniter\CodeIgniter->run()
#5 {main}
CRITICAL - 2021-01-13 00:28:26 --> Invalid argument supplied for foreach()
#0 /var/www/html/kimaara/ciFiles/app/Controllers/PublicPageLoader.php(249): CodeIgniter\Debug\Exceptions->errorHandler()
#1 /var/www/html/kimaara/ciFiles/vendor/codeigniter4/framework/system/CodeIgniter.php(918): App\Controllers\PublicPageLoader->filter_endpoint_vendor()
#2 /var/www/html/kimaara/ciFiles/vendor/codeigniter4/framework/system/CodeIgniter.php(404): CodeIgniter\CodeIgniter->runController()
#3 /var/www/html/kimaara/ciFiles/vendor/codeigniter4/framework/system/CodeIgniter.php(312): CodeIgniter\CodeIgniter->handleRequest()
#4 /var/www/html/kimaara/index.php(46): CodeIgniter\CodeIgniter->run()
#5 {main}
CRITICAL - 2021-01-13 01:57:45 --> Undefined index: store_code
#0 /var/www/html/kimaara/ciFiles/app/Controllers/PublicPageLoader.php(608): CodeIgniter\Debug\Exceptions->errorHandler()
#1 /var/www/html/kimaara/ciFiles/vendor/codeigniter4/framework/system/CodeIgniter.php(918): App\Controllers\PublicPageLoader->cart()
#2 /var/www/html/kimaara/ciFiles/vendor/codeigniter4/framework/system/CodeIgniter.php(404): CodeIgniter\CodeIgniter->runController()
#3 /var/www/html/kimaara/ciFiles/vendor/codeigniter4/framework/system/CodeIgniter.php(312): CodeIgniter\CodeIgniter->handleRequest()
#4 /var/www/html/kimaara/index.php(46): CodeIgniter\CodeIgniter->run()
#5 {main}
CRITICAL - 2021-01-13 03:13:39 --> [] operator not supported for strings
#0 /var/www/html/kimaara/ciFiles/vendor/codeigniter4/framework/system/CodeIgniter.php(918): App\Controllers\Stores->update_products_exe()
#1 /var/www/html/kimaara/ciFiles/vendor/codeigniter4/framework/system/CodeIgniter.php(404): CodeIgniter\CodeIgniter->runController()
#2 /var/www/html/kimaara/ciFiles/vendor/codeigniter4/framework/system/CodeIgniter.php(312): CodeIgniter\CodeIgniter->handleRequest()
#3 /var/www/html/kimaara/index.php(46): CodeIgniter\CodeIgniter->run()
#4 {main}
CRITICAL - 2021-01-13 03:25:06 --> Undefined variable: store_data
#0 /var/www/html/kimaara/ciFiles/app/Views/templates/vendor_store_header.php(29): CodeIgniter\Debug\Exceptions->errorHandler()
#1 /var/www/html/kimaara/ciFiles/vendor/codeigniter4/framework/system/View/View.php(246): include('/var/www/html/k...')
#2 /var/www/html/kimaara/ciFiles/vendor/codeigniter4/framework/system/Common.php(1119): CodeIgniter\View\View->render()
#3 /var/www/html/kimaara/ciFiles/app/Controllers/VPublicPageLoader.php(34): view()
#4 /var/www/html/kimaara/ciFiles/app/Controllers/VPublicPageLoader.php(63): App\Controllers\VPublicPageLoader->public_page_loader()
#5 /var/www/html/kimaara/ciFiles/vendor/codeigniter4/framework/system/CodeIgniter.php(918): App\Controllers\VPublicPageLoader->store()
#6 /var/www/html/kimaara/ciFiles/vendor/codeigniter4/framework/system/CodeIgniter.php(404): CodeIgniter\CodeIgniter->runController()
#7 /var/www/html/kimaara/ciFiles/vendor/codeigniter4/framework/system/CodeIgniter.php(312): CodeIgniter\CodeIgniter->handleRequest()
#8 /var/www/html/kimaara/index.php(46): CodeIgniter\CodeIgniter->run()
#9 {main}
CRITICAL - 2021-01-13 03:25:14 --> Undefined variable: store_data
#0 /var/www/html/kimaara/ciFiles/app/Views/templates/vendor_store_header.php(29): CodeIgniter\Debug\Exceptions->errorHandler()
#1 /var/www/html/kimaara/ciFiles/vendor/codeigniter4/framework/system/View/View.php(246): include('/var/www/html/k...')
#2 /var/www/html/kimaara/ciFiles/vendor/codeigniter4/framework/system/Common.php(1119): CodeIgniter\View\View->render()
#3 /var/www/html/kimaara/ciFiles/app/Controllers/VPublicPageLoader.php(34): view()
#4 /var/www/html/kimaara/ciFiles/app/Controllers/VPublicPageLoader.php(62): App\Controllers\VPublicPageLoader->public_page_loader()
#5 /var/www/html/kimaara/ciFiles/vendor/codeigniter4/framework/system/CodeIgniter.php(918): App\Controllers\VPublicPageLoader->store()
#6 /var/www/html/kimaara/ciFiles/vendor/codeigniter4/framework/system/CodeIgniter.php(404): CodeIgniter\CodeIgniter->runController()
#7 /var/www/html/kimaara/ciFiles/vendor/codeigniter4/framework/system/CodeIgniter.php(312): CodeIgniter\CodeIgniter->handleRequest()
#8 /var/www/html/kimaara/index.php(46): CodeIgniter\CodeIgniter->run()
#9 {main}
CRITICAL - 2021-01-13 03:25:15 --> Undefined variable: store_data
#0 /var/www/html/kimaara/ciFiles/app/Views/templates/vendor_store_header.php(29): CodeIgniter\Debug\Exceptions->errorHandler()
#1 /var/www/html/kimaara/ciFiles/vendor/codeigniter4/framework/system/View/View.php(246): include('/var/www/html/k...')
#2 /var/www/html/kimaara/ciFiles/vendor/codeigniter4/framework/system/Common.php(1119): CodeIgniter\View\View->render()
#3 /var/www/html/kimaara/ciFiles/app/Controllers/VPublicPageLoader.php(34): view()
#4 /var/www/html/kimaara/ciFiles/app/Controllers/VPublicPageLoader.php(62): App\Controllers\VPublicPageLoader->public_page_loader()
#5 /var/www/html/kimaara/ciFiles/vendor/codeigniter4/framework/system/CodeIgniter.php(918): App\Controllers\VPublicPageLoader->store()
#6 /var/www/html/kimaara/ciFiles/vendor/codeigniter4/framework/system/CodeIgniter.php(404): CodeIgniter\CodeIgniter->runController()
#7 /var/www/html/kimaara/ciFiles/vendor/codeigniter4/framework/system/CodeIgniter.php(312): CodeIgniter\CodeIgniter->handleRequest()
#8 /var/www/html/kimaara/index.php(46): CodeIgniter\CodeIgniter->run()
#9 {main}
CRITICAL - 2021-01-13 03:25:41 --> Undefined variable: cart_item_count
#0 /var/www/html/kimaara/ciFiles/app/Views/templates/vendor_store_header.php(42): CodeIgniter\Debug\Exceptions->errorHandler()
#1 /var/www/html/kimaara/ciFiles/vendor/codeigniter4/framework/system/View/View.php(246): include('/var/www/html/k...')
#2 /var/www/html/kimaara/ciFiles/vendor/codeigniter4/framework/system/Common.php(1119): CodeIgniter\View\View->render()
#3 /var/www/html/kimaara/ciFiles/app/Controllers/VPublicPageLoader.php(34): view()
#4 /var/www/html/kimaara/ciFiles/app/Controllers/VPublicPageLoader.php(62): App\Controllers\VPublicPageLoader->public_page_loader()
#5 /var/www/html/kimaara/ciFiles/vendor/codeigniter4/framework/system/CodeIgniter.php(918): App\Controllers\VPublicPageLoader->store()
#6 /var/www/html/kimaara/ciFiles/vendor/codeigniter4/framework/system/CodeIgniter.php(404): CodeIgniter\CodeIgniter->runController()
#7 /var/www/html/kimaara/ciFiles/vendor/codeigniter4/framework/system/CodeIgniter.php(312): CodeIgniter\CodeIgniter->handleRequest()
#8 /var/www/html/kimaara/index.php(46): CodeIgniter\CodeIgniter->run()
#9 {main}
CRITICAL - 2021-01-13 03:27:28 --> Undefined variable: prodIdArray
#0 /var/www/html/kimaara/ciFiles/app/Views/vendorPublicPages/shop.php(116): CodeIgniter\Debug\Exceptions->errorHandler()
#1 /var/www/html/kimaara/ciFiles/vendor/codeigniter4/framework/system/View/View.php(246): include('/var/www/html/k...')
#2 /var/www/html/kimaara/ciFiles/vendor/codeigniter4/framework/system/Common.php(1119): CodeIgniter\View\View->render()
#3 /var/www/html/kimaara/ciFiles/app/Controllers/VPublicPageLoader.php(35): view()
#4 /var/www/html/kimaara/ciFiles/app/Controllers/VPublicPageLoader.php(64): App\Controllers\VPublicPageLoader->public_page_loader()
#5 /var/www/html/kimaara/ciFiles/vendor/codeigniter4/framework/system/CodeIgniter.php(918): App\Controllers\VPublicPageLoader->store()
#6 /var/www/html/kimaara/ciFiles/vendor/codeigniter4/framework/system/CodeIgniter.php(404): CodeIgniter\CodeIgniter->runController()
#7 /var/www/html/kimaara/ciFiles/vendor/codeigniter4/framework/system/CodeIgniter.php(312): CodeIgniter\CodeIgniter->handleRequest()
#8 /var/www/html/kimaara/index.php(46): CodeIgniter\CodeIgniter->run()
#9 {main}
CRITICAL - 2021-01-13 03:30:25 --> Invalid argument supplied for foreach()
#0 /var/www/html/kimaara/ciFiles/app/Controllers/PublicPageLoader.php(249): CodeIgniter\Debug\Exceptions->errorHandler()
#1 /var/www/html/kimaara/ciFiles/vendor/codeigniter4/framework/system/CodeIgniter.php(918): App\Controllers\PublicPageLoader->filter_endpoint_vendor()
#2 /var/www/html/kimaara/ciFiles/vendor/codeigniter4/framework/system/CodeIgniter.php(404): CodeIgniter\CodeIgniter->runController()
#3 /var/www/html/kimaara/ciFiles/vendor/codeigniter4/framework/system/CodeIgniter.php(312): CodeIgniter\CodeIgniter->handleRequest()
#4 /var/www/html/kimaara/index.php(46): CodeIgniter\CodeIgniter->run()
#5 {main}
CRITICAL - 2021-01-13 03:30:26 --> Invalid argument supplied for foreach()
#0 /var/www/html/kimaara/ciFiles/app/Controllers/PublicPageLoader.php(249): CodeIgniter\Debug\Exceptions->errorHandler()
#1 /var/www/html/kimaara/ciFiles/vendor/codeigniter4/framework/system/CodeIgniter.php(918): App\Controllers\PublicPageLoader->filter_endpoint_vendor()
#2 /var/www/html/kimaara/ciFiles/vendor/codeigniter4/framework/system/CodeIgniter.php(404): CodeIgniter\CodeIgniter->runController()
#3 /var/www/html/kimaara/ciFiles/vendor/codeigniter4/framework/system/CodeIgniter.php(312): CodeIgniter\CodeIgniter->handleRequest()
#4 /var/www/html/kimaara/index.php(46): CodeIgniter\CodeIgniter->run()
#5 {main}
CRITICAL - 2021-01-13 03:30:29 --> Invalid argument supplied for foreach()
#0 /var/www/html/kimaara/ciFiles/app/Controllers/PublicPageLoader.php(249): CodeIgniter\Debug\Exceptions->errorHandler()
#1 /var/www/html/kimaara/ciFiles/vendor/codeigniter4/framework/system/CodeIgniter.php(918): App\Controllers\PublicPageLoader->filter_endpoint_vendor()
#2 /var/www/html/kimaara/ciFiles/vendor/codeigniter4/framework/system/CodeIgniter.php(404): CodeIgniter\CodeIgniter->runController()
#3 /var/www/html/kimaara/ciFiles/vendor/codeigniter4/framework/system/CodeIgniter.php(312): CodeIgniter\CodeIgniter->handleRequest()
#4 /var/www/html/kimaara/index.php(46): CodeIgniter\CodeIgniter->run()
#5 {main}
CRITICAL - 2021-01-13 03:31:37 --> Undefined index: store_code
#0 /var/www/html/kimaara/ciFiles/app/Controllers/PublicPageLoader.php(608): CodeIgniter\Debug\Exceptions->errorHandler()
#1 /var/www/html/kimaara/ciFiles/vendor/codeigniter4/framework/system/CodeIgniter.php(918): App\Controllers\PublicPageLoader->cart()
#2 /var/www/html/kimaara/ciFiles/vendor/codeigniter4/framework/system/CodeIgniter.php(404): CodeIgniter\CodeIgniter->runController()
#3 /var/www/html/kimaara/ciFiles/vendor/codeigniter4/framework/system/CodeIgniter.php(312): CodeIgniter\CodeIgniter->handleRequest()
#4 /var/www/html/kimaara/index.php(46): CodeIgniter\CodeIgniter->run()
#5 {main}
CRITICAL - 2021-01-13 03:33:39 --> Undefined variable: store_data
#0 /var/www/html/kimaara/ciFiles/app/Views/templates/vendor_store_header.php(29): CodeIgniter\Debug\Exceptions->errorHandler()
#1 /var/www/html/kimaara/ciFiles/vendor/codeigniter4/framework/system/View/View.php(246): include('/var/www/html/k...')
#2 /var/www/html/kimaara/ciFiles/vendor/codeigniter4/framework/system/Common.php(1119): CodeIgniter\View\View->render()
#3 /var/www/html/kimaara/ciFiles/app/Controllers/PublicPageLoader.php(86): view()
#4 /var/www/html/kimaara/ciFiles/app/Controllers/PublicPageLoader.php(613): App\Controllers\PublicPageLoader->vendor_public_page_loader()
#5 /var/www/html/kimaara/ciFiles/vendor/codeigniter4/framework/system/CodeIgniter.php(918): App\Controllers\PublicPageLoader->cart()
#6 /var/www/html/kimaara/ciFiles/vendor/codeigniter4/framework/system/CodeIgniter.php(404): CodeIgniter\CodeIgniter->runController()
#7 /var/www/html/kimaara/ciFiles/vendor/codeigniter4/framework/system/CodeIgniter.php(312): CodeIgniter\CodeIgniter->handleRequest()
#8 /var/www/html/kimaara/index.php(46): CodeIgniter\CodeIgniter->run()
#9 {main}
CRITICAL - 2021-01-13 03:40:54 --> Invalid argument supplied for foreach()
#0 /var/www/html/kimaara/ciFiles/app/Controllers/PublicPageLoader.php(249): CodeIgniter\Debug\Exceptions->errorHandler()
#1 /var/www/html/kimaara/ciFiles/vendor/codeigniter4/framework/system/CodeIgniter.php(918): App\Controllers\PublicPageLoader->filter_endpoint_vendor()
#2 /var/www/html/kimaara/ciFiles/vendor/codeigniter4/framework/system/CodeIgniter.php(404): CodeIgniter\CodeIgniter->runController()
#3 /var/www/html/kimaara/ciFiles/vendor/codeigniter4/framework/system/CodeIgniter.php(312): CodeIgniter\CodeIgniter->handleRequest()
#4 /var/www/html/kimaara/index.php(46): CodeIgniter\CodeIgniter->run()
#5 {main}
CRITICAL - 2021-01-13 03:41:59 --> Invalid argument supplied for foreach()
#0 /var/www/html/kimaara/ciFiles/app/Controllers/PublicPageLoader.php(249): CodeIgniter\Debug\Exceptions->errorHandler()
#1 /var/www/html/kimaara/ciFiles/vendor/codeigniter4/framework/system/CodeIgniter.php(918): App\Controllers\PublicPageLoader->filter_endpoint_vendor()
#2 /var/www/html/kimaara/ciFiles/vendor/codeigniter4/framework/system/CodeIgniter.php(404): CodeIgniter\CodeIgniter->runController()
#3 /var/www/html/kimaara/ciFiles/vendor/codeigniter4/framework/system/CodeIgniter.php(312): CodeIgniter\CodeIgniter->handleRequest()
#4 /var/www/html/kimaara/index.php(46): CodeIgniter\CodeIgniter->run()
#5 {main}
