CRITICAL - 2020-10-31 10:52:44 --> Class 'not-found' not found
#0 /var/www/html/kimara_jewellery/ciFiles/vendor/codeigniter4/framework/system/CodeIgniter.php(953): CodeIgniter\CodeIgniter->createController()
#1 /var/www/html/kimara_jewellery/ciFiles/vendor/codeigniter4/framework/system/CodeIgniter.php(328): CodeIgniter\CodeIgniter->display404errors()
#2 /var/www/html/kimara_jewellery/index.php(47): CodeIgniter\CodeIgniter->run()
#3 {main}
CRITICAL - 2020-10-31 10:52:51 --> Class 'not-found' not found
#0 /var/www/html/kimara_jewellery/ciFiles/vendor/codeigniter4/framework/system/CodeIgniter.php(953): CodeIgniter\CodeIgniter->createController()
#1 /var/www/html/kimara_jewellery/ciFiles/vendor/codeigniter4/framework/system/CodeIgniter.php(328): CodeIgniter\CodeIgniter->display404errors()
#2 /var/www/html/kimara_jewellery/index.php(47): CodeIgniter\CodeIgniter->run()
#3 {main}
CRITICAL - 2020-10-31 10:54:40 --> Class 'PublicPageLoader/not_found' not found
#0 /var/www/html/kimara_jewellery/ciFiles/vendor/codeigniter4/framework/system/CodeIgniter.php(953): CodeIgniter\CodeIgniter->createController()
#1 /var/www/html/kimara_jewellery/ciFiles/vendor/codeigniter4/framework/system/CodeIgniter.php(328): CodeIgniter\CodeIgniter->display404errors()
#2 /var/www/html/kimara_jewellery/index.php(47): CodeIgniter\CodeIgniter->run()
#3 {main}
CRITICAL - 2020-10-31 10:54:53 --> Class 'PublicPageLoader\not_found' not found
#0 /var/www/html/kimara_jewellery/ciFiles/vendor/codeigniter4/framework/system/CodeIgniter.php(953): CodeIgniter\CodeIgniter->createController()
#1 /var/www/html/kimara_jewellery/ciFiles/vendor/codeigniter4/framework/system/CodeIgniter.php(328): CodeIgniter\CodeIgniter->display404errors()
#2 /var/www/html/kimara_jewellery/index.php(47): CodeIgniter\CodeIgniter->run()
#3 {main}
CRITICAL - 2020-10-31 10:55:56 --> Class 'PublicPageLoader' not found
#0 /var/www/html/kimara_jewellery/ciFiles/vendor/codeigniter4/framework/system/CodeIgniter.php(953): CodeIgniter\CodeIgniter->createController()
#1 /var/www/html/kimara_jewellery/ciFiles/vendor/codeigniter4/framework/system/CodeIgniter.php(328): CodeIgniter\CodeIgniter->display404errors()
#2 /var/www/html/kimara_jewellery/index.php(47): CodeIgniter\CodeIgniter->run()
#3 {main}
CRITICAL - 2020-10-31 10:57:11 --> Class 'App\Errors' not found
#0 /var/www/html/kimara_jewellery/ciFiles/vendor/codeigniter4/framework/system/CodeIgniter.php(953): CodeIgniter\CodeIgniter->createController()
#1 /var/www/html/kimara_jewellery/ciFiles/vendor/codeigniter4/framework/system/CodeIgniter.php(328): CodeIgniter\CodeIgniter->display404errors()
#2 /var/www/html/kimara_jewellery/index.php(47): CodeIgniter\CodeIgniter->run()
#3 {main}
CRITICAL - 2020-10-31 10:57:19 --> Class '' not found
#0 /var/www/html/kimara_jewellery/ciFiles/vendor/codeigniter4/framework/system/CodeIgniter.php(953): CodeIgniter\CodeIgniter->createController()
#1 /var/www/html/kimara_jewellery/ciFiles/vendor/codeigniter4/framework/system/CodeIgniter.php(328): CodeIgniter\CodeIgniter->display404errors()
#2 /var/www/html/kimara_jewellery/index.php(47): CodeIgniter\CodeIgniter->run()
#3 {main}
CRITICAL - 2020-10-31 12:04:40 --> Call to undefined method CodeIgniter\HTTP\IncomingRequest::post()
#0 /var/www/html/kimara_jewellery/ciFiles/vendor/codeigniter4/framework/system/CodeIgniter.php(918): App\Controllers\Authentication->login()
#1 /var/www/html/kimara_jewellery/ciFiles/vendor/codeigniter4/framework/system/CodeIgniter.php(404): CodeIgniter\CodeIgniter->runController()
#2 /var/www/html/kimara_jewellery/ciFiles/vendor/codeigniter4/framework/system/CodeIgniter.php(312): CodeIgniter\CodeIgniter->handleRequest()
#3 /var/www/html/kimara_jewellery/index.php(47): CodeIgniter\CodeIgniter->run()
#4 {main}
CRITICAL - 2020-10-31 12:16:04 --> Undefined variable: _SESSION
#0 /var/www/html/kimara_jewellery/ciFiles/app/Controllers/PublicPageLoader.php(10): CodeIgniter\Debug\Exceptions->errorHandler()
#1 /var/www/html/kimara_jewellery/ciFiles/vendor/codeigniter4/framework/system/CodeIgniter.php(918): App\Controllers\PublicPageLoader->admin_login()
#2 /var/www/html/kimara_jewellery/ciFiles/vendor/codeigniter4/framework/system/CodeIgniter.php(404): CodeIgniter\CodeIgniter->runController()
#3 /var/www/html/kimara_jewellery/ciFiles/vendor/codeigniter4/framework/system/CodeIgniter.php(312): CodeIgniter\CodeIgniter->handleRequest()
#4 /var/www/html/kimara_jewellery/index.php(47): CodeIgniter\CodeIgniter->run()
#5 {main}
CRITICAL - 2020-10-31 12:55:53 --> Invalid file: templates/admin_header.php
#0 /var/www/html/kimara_jewellery/ciFiles/vendor/codeigniter4/framework/system/View/View.php(228): CodeIgniter\Exceptions\FrameworkException::forInvalidFile()
#1 /var/www/html/kimara_jewellery/ciFiles/vendor/codeigniter4/framework/system/Common.php(1119): CodeIgniter\View\View->render()
#2 /var/www/html/kimara_jewellery/ciFiles/app/Controllers/AdminPageLoader.php(25): view()
#3 /var/www/html/kimara_jewellery/ciFiles/vendor/codeigniter4/framework/system/CodeIgniter.php(918): App\Controllers\AdminPageLoader->dashboard()
#4 /var/www/html/kimara_jewellery/ciFiles/vendor/codeigniter4/framework/system/CodeIgniter.php(404): CodeIgniter\CodeIgniter->runController()
#5 /var/www/html/kimara_jewellery/ciFiles/vendor/codeigniter4/framework/system/CodeIgniter.php(312): CodeIgniter\CodeIgniter->handleRequest()
#6 /var/www/html/kimara_jewellery/index.php(47): CodeIgniter\CodeIgniter->run()
#7 {main}
CRITICAL - 2020-10-31 12:56:32 --> Invalid file: templates/admin_header.php
#0 /var/www/html/kimara_jewellery/ciFiles/vendor/codeigniter4/framework/system/View/View.php(228): CodeIgniter\Exceptions\FrameworkException::forInvalidFile()
#1 /var/www/html/kimara_jewellery/ciFiles/vendor/codeigniter4/framework/system/Common.php(1119): CodeIgniter\View\View->render()
#2 /var/www/html/kimara_jewellery/ciFiles/app/Controllers/AdminPageLoader.php(25): view()
#3 /var/www/html/kimara_jewellery/ciFiles/vendor/codeigniter4/framework/system/CodeIgniter.php(918): App\Controllers\AdminPageLoader->dashboard()
#4 /var/www/html/kimara_jewellery/ciFiles/vendor/codeigniter4/framework/system/CodeIgniter.php(404): CodeIgniter\CodeIgniter->runController()
#5 /var/www/html/kimara_jewellery/ciFiles/vendor/codeigniter4/framework/system/CodeIgniter.php(312): CodeIgniter\CodeIgniter->handleRequest()
#6 /var/www/html/kimara_jewellery/index.php(47): CodeIgniter\CodeIgniter->run()
#7 {main}
CRITICAL - 2020-10-31 12:56:33 --> Invalid file: templates/admin_header.php
#0 /var/www/html/kimara_jewellery/ciFiles/vendor/codeigniter4/framework/system/View/View.php(228): CodeIgniter\Exceptions\FrameworkException::forInvalidFile()
#1 /var/www/html/kimara_jewellery/ciFiles/vendor/codeigniter4/framework/system/Common.php(1119): CodeIgniter\View\View->render()
#2 /var/www/html/kimara_jewellery/ciFiles/app/Controllers/AdminPageLoader.php(25): view()
#3 /var/www/html/kimara_jewellery/ciFiles/vendor/codeigniter4/framework/system/CodeIgniter.php(918): App\Controllers\AdminPageLoader->dashboard()
#4 /var/www/html/kimara_jewellery/ciFiles/vendor/codeigniter4/framework/system/CodeIgniter.php(404): CodeIgniter\CodeIgniter->runController()
#5 /var/www/html/kimara_jewellery/ciFiles/vendor/codeigniter4/framework/system/CodeIgniter.php(312): CodeIgniter\CodeIgniter->handleRequest()
#6 /var/www/html/kimara_jewellery/index.php(47): CodeIgniter\CodeIgniter->run()
#7 {main}
