CRITICAL - 2020-12-30 01:16:04 --> preg_match(): Unknown modifier '3'
#0 [internal function]: CodeIgniter\Debug\Exceptions->errorHandler(2, 'preg_match(): U...', 'C:\\xampp\\htdocs...', 431, Array)
#1 C:\xampp\htdocs\kimaara\ciFiles\vendor\codeigniter4\framework\system\Router\Router.php(431): preg_match('#^&#39;vendor-s...', 'vendor-dashboar...', Array)
#2 C:\xampp\htdocs\kimaara\ciFiles\vendor\codeigniter4\framework\system\Router\Router.php(177): CodeIgniter\Router\Router->checkRoutes('vendor-dashboar...')
#3 C:\xampp\htdocs\kimaara\ciFiles\vendor\codeigniter4\framework\system\CodeIgniter.php(793): CodeIgniter\Router\Router->handle('vendor-dashboar...')
#4 C:\xampp\htdocs\kimaara\ciFiles\vendor\codeigniter4\framework\system\CodeIgniter.php(364): CodeIgniter\CodeIgniter->tryToRouteIt(Object(CodeIgniter\Router\RouteCollection))
#5 C:\xampp\htdocs\kimaara\ciFiles\vendor\codeigniter4\framework\system\CodeIgniter.php(312): CodeIgniter\CodeIgniter->handleRequest(NULL, Object(Config\Cache), false)
#6 C:\xampp\htdocs\kimaara\index.php(46): CodeIgniter\CodeIgniter->run()
#7 {main}
CRITICAL - 2020-12-30 01:16:48 --> preg_match(): Unknown modifier '3'
#0 [internal function]: CodeIgniter\Debug\Exceptions->errorHandler(2, 'preg_match(): U...', 'C:\\xampp\\htdocs...', 431, Array)
#1 C:\xampp\htdocs\kimaara\ciFiles\vendor\codeigniter4\framework\system\Router\Router.php(431): preg_match('#^&#39;vendor-s...', 'vendor-dashboar...', Array)
#2 C:\xampp\htdocs\kimaara\ciFiles\vendor\codeigniter4\framework\system\Router\Router.php(177): CodeIgniter\Router\Router->checkRoutes('vendor-dashboar...')
#3 C:\xampp\htdocs\kimaara\ciFiles\vendor\codeigniter4\framework\system\CodeIgniter.php(793): CodeIgniter\Router\Router->handle('vendor-dashboar...')
#4 C:\xampp\htdocs\kimaara\ciFiles\vendor\codeigniter4\framework\system\CodeIgniter.php(364): CodeIgniter\CodeIgniter->tryToRouteIt(Object(CodeIgniter\Router\RouteCollection))
#5 C:\xampp\htdocs\kimaara\ciFiles\vendor\codeigniter4\framework\system\CodeIgniter.php(312): CodeIgniter\CodeIgniter->handleRequest(NULL, Object(Config\Cache), false)
#6 C:\xampp\htdocs\kimaara\index.php(46): CodeIgniter\CodeIgniter->run()
#7 {main}
CRITICAL - 2020-12-30 01:16:56 --> preg_match(): Unknown modifier '3'
#0 [internal function]: CodeIgniter\Debug\Exceptions->errorHandler(2, 'preg_match(): U...', 'C:\\xampp\\htdocs...', 431, Array)
#1 C:\xampp\htdocs\kimaara\ciFiles\vendor\codeigniter4\framework\system\Router\Router.php(431): preg_match('#^&#39;vendor-s...', 'vendor-dashboar...', Array)
#2 C:\xampp\htdocs\kimaara\ciFiles\vendor\codeigniter4\framework\system\Router\Router.php(177): CodeIgniter\Router\Router->checkRoutes('vendor-dashboar...')
#3 C:\xampp\htdocs\kimaara\ciFiles\vendor\codeigniter4\framework\system\CodeIgniter.php(793): CodeIgniter\Router\Router->handle('vendor-dashboar...')
#4 C:\xampp\htdocs\kimaara\ciFiles\vendor\codeigniter4\framework\system\CodeIgniter.php(364): CodeIgniter\CodeIgniter->tryToRouteIt(Object(CodeIgniter\Router\RouteCollection))
#5 C:\xampp\htdocs\kimaara\ciFiles\vendor\codeigniter4\framework\system\CodeIgniter.php(312): CodeIgniter\CodeIgniter->handleRequest(NULL, Object(Config\Cache), false)
#6 C:\xampp\htdocs\kimaara\index.php(46): CodeIgniter\CodeIgniter->run()
#7 {main}
CRITICAL - 2020-12-30 01:17:05 --> preg_match(): Unknown modifier '3'
#0 [internal function]: CodeIgniter\Debug\Exceptions->errorHandler(2, 'preg_match(): U...', 'C:\\xampp\\htdocs...', 431, Array)
#1 C:\xampp\htdocs\kimaara\ciFiles\vendor\codeigniter4\framework\system\Router\Router.php(431): preg_match('#^&#39;vendor-s...', 'vendor-dashboar...', Array)
#2 C:\xampp\htdocs\kimaara\ciFiles\vendor\codeigniter4\framework\system\Router\Router.php(177): CodeIgniter\Router\Router->checkRoutes('vendor-dashboar...')
#3 C:\xampp\htdocs\kimaara\ciFiles\vendor\codeigniter4\framework\system\CodeIgniter.php(793): CodeIgniter\Router\Router->handle('vendor-dashboar...')
#4 C:\xampp\htdocs\kimaara\ciFiles\vendor\codeigniter4\framework\system\CodeIgniter.php(364): CodeIgniter\CodeIgniter->tryToRouteIt(Object(CodeIgniter\Router\RouteCollection))
#5 C:\xampp\htdocs\kimaara\ciFiles\vendor\codeigniter4\framework\system\CodeIgniter.php(312): CodeIgniter\CodeIgniter->handleRequest(NULL, Object(Config\Cache), false)
#6 C:\xampp\htdocs\kimaara\index.php(46): CodeIgniter\CodeIgniter->run()
#7 {main}
CRITICAL - 2020-12-30 01:17:28 --> Invalid file: vendorPages/orders.php
#0 C:\xampp\htdocs\kimaara\ciFiles\vendor\codeigniter4\framework\system\View\View.php(228): CodeIgniter\Exceptions\FrameworkException::forInvalidFile('vendorPages/ord...')
#1 C:\xampp\htdocs\kimaara\ciFiles\vendor\codeigniter4\framework\system\Common.php(1119): CodeIgniter\View\View->render('vendorPages/ord...', Array, true)
#2 C:\xampp\htdocs\kimaara\ciFiles\app\Controllers\VendorPageLoader.php(15): view('vendorPages/ord...', Array)
#3 C:\xampp\htdocs\kimaara\ciFiles\app\Controllers\VendorPageLoader.php(36): App\Controllers\VendorPageLoader->vendor_page_loader('orders', Array)
#4 C:\xampp\htdocs\kimaara\ciFiles\vendor\codeigniter4\framework\system\CodeIgniter.php(918): App\Controllers\VendorPageLoader->vendor_sales()
#5 C:\xampp\htdocs\kimaara\ciFiles\vendor\codeigniter4\framework\system\CodeIgniter.php(404): CodeIgniter\CodeIgniter->runController(Object(App\Controllers\VendorPageLoader))
#6 C:\xampp\htdocs\kimaara\ciFiles\vendor\codeigniter4\framework\system\CodeIgniter.php(312): CodeIgniter\CodeIgniter->handleRequest(NULL, Object(Config\Cache), false)
#7 C:\xampp\htdocs\kimaara\index.php(46): CodeIgniter\CodeIgniter->run()
#8 {main}
