CRITICAL - 2020-12-09 23:17:41 --> CodeIgniter\Autoloader\Autoloader::main(): Failed opening required './vendor/autoload.php' (include_path='.:/usr/share/php')
#0 [internal function]: CodeIgniter\Debug\Exceptions->shutdownHandler()
#1 {main}
CRITICAL - 2020-12-09 23:19:01 --> Unable to connect to the database.
#0 /var/www/html/kimaara/ciFiles/vendor/codeigniter4/framework/system/Database/BaseConnection.php(646): CodeIgniter\Database\BaseConnection->initialize()
#1 /var/www/html/kimaara/ciFiles/vendor/codeigniter4/framework/system/Database/BaseBuilder.php(1860): CodeIgniter\Database\BaseConnection->query()
#2 /var/www/html/kimaara/ciFiles/vendor/codeigniter4/framework/system/Model.php(462): CodeIgniter\Database\BaseBuilder->get()
#3 /var/www/html/kimaara/ciFiles/app/Controllers/PublicPageLoader.php(321): CodeIgniter\Model->findAll()
#4 /var/www/html/kimaara/ciFiles/vendor/codeigniter4/framework/system/CodeIgniter.php(918): App\Controllers\PublicPageLoader->home()
#5 /var/www/html/kimaara/ciFiles/vendor/codeigniter4/framework/system/CodeIgniter.php(404): CodeIgniter\CodeIgniter->runController()
#6 /var/www/html/kimaara/ciFiles/vendor/codeigniter4/framework/system/CodeIgniter.php(312): CodeIgniter\CodeIgniter->handleRequest()
#7 /var/www/html/kimaara/index.php(46): CodeIgniter\CodeIgniter->run()
#8 {main}
CRITICAL - 2020-12-09 23:21:54 --> Unable to connect to the database.
#0 /var/www/html/kimaara/ciFiles/vendor/codeigniter4/framework/system/Database/BaseConnection.php(646): CodeIgniter\Database\BaseConnection->initialize()
#1 /var/www/html/kimaara/ciFiles/vendor/codeigniter4/framework/system/Database/BaseBuilder.php(1860): CodeIgniter\Database\BaseConnection->query()
#2 /var/www/html/kimaara/ciFiles/vendor/codeigniter4/framework/system/Model.php(462): CodeIgniter\Database\BaseBuilder->get()
#3 /var/www/html/kimaara/ciFiles/app/Controllers/PublicPageLoader.php(321): CodeIgniter\Model->findAll()
#4 /var/www/html/kimaara/ciFiles/vendor/codeigniter4/framework/system/CodeIgniter.php(918): App\Controllers\PublicPageLoader->home()
#5 /var/www/html/kimaara/ciFiles/vendor/codeigniter4/framework/system/CodeIgniter.php(404): CodeIgniter\CodeIgniter->runController()
#6 /var/www/html/kimaara/ciFiles/vendor/codeigniter4/framework/system/CodeIgniter.php(312): CodeIgniter\CodeIgniter->handleRequest()
#7 /var/www/html/kimaara/index.php(46): CodeIgniter\CodeIgniter->run()
#8 {main}
CRITICAL - 2020-12-09 23:23:24 --> Unable to connect to the database.
#0 /var/www/html/kimaara/ciFiles/vendor/codeigniter4/framework/system/Database/BaseConnection.php(646): CodeIgniter\Database\BaseConnection->initialize()
#1 /var/www/html/kimaara/ciFiles/vendor/codeigniter4/framework/system/Database/BaseBuilder.php(1860): CodeIgniter\Database\BaseConnection->query()
#2 /var/www/html/kimaara/ciFiles/vendor/codeigniter4/framework/system/Model.php(462): CodeIgniter\Database\BaseBuilder->get()
#3 /var/www/html/kimaara/ciFiles/app/Controllers/PublicPageLoader.php(321): CodeIgniter\Model->findAll()
#4 /var/www/html/kimaara/ciFiles/vendor/codeigniter4/framework/system/CodeIgniter.php(918): App\Controllers\PublicPageLoader->home()
#5 /var/www/html/kimaara/ciFiles/vendor/codeigniter4/framework/system/CodeIgniter.php(404): CodeIgniter\CodeIgniter->runController()
#6 /var/www/html/kimaara/ciFiles/vendor/codeigniter4/framework/system/CodeIgniter.php(312): CodeIgniter\CodeIgniter->handleRequest()
#7 /var/www/html/kimaara/index.php(46): CodeIgniter\CodeIgniter->run()
#8 {main}
CRITICAL - 2020-12-09 23:23:26 --> Unable to connect to the database.
#0 /var/www/html/kimaara/ciFiles/vendor/codeigniter4/framework/system/Database/BaseConnection.php(646): CodeIgniter\Database\BaseConnection->initialize()
#1 /var/www/html/kimaara/ciFiles/vendor/codeigniter4/framework/system/Database/BaseBuilder.php(1860): CodeIgniter\Database\BaseConnection->query()
#2 /var/www/html/kimaara/ciFiles/vendor/codeigniter4/framework/system/Model.php(462): CodeIgniter\Database\BaseBuilder->get()
#3 /var/www/html/kimaara/ciFiles/app/Controllers/PublicPageLoader.php(321): CodeIgniter\Model->findAll()
#4 /var/www/html/kimaara/ciFiles/vendor/codeigniter4/framework/system/CodeIgniter.php(918): App\Controllers\PublicPageLoader->home()
#5 /var/www/html/kimaara/ciFiles/vendor/codeigniter4/framework/system/CodeIgniter.php(404): CodeIgniter\CodeIgniter->runController()
#6 /var/www/html/kimaara/ciFiles/vendor/codeigniter4/framework/system/CodeIgniter.php(312): CodeIgniter\CodeIgniter->handleRequest()
#7 /var/www/html/kimaara/index.php(46): CodeIgniter\CodeIgniter->run()
#8 {main}
CRITICAL - 2020-12-09 23:51:41 --> Invalid file: adminPages/coupons_mgt.php
#0 /var/www/html/kimaara/ciFiles/vendor/codeigniter4/framework/system/View/View.php(228): CodeIgniter\Exceptions\FrameworkException::forInvalidFile()
#1 /var/www/html/kimaara/ciFiles/vendor/codeigniter4/framework/system/Common.php(1119): CodeIgniter\View\View->render()
#2 /var/www/html/kimaara/ciFiles/app/Controllers/AdminPageLoader.php(31): view()
#3 /var/www/html/kimaara/ciFiles/app/Controllers/AdminPageLoader.php(41): App\Controllers\AdminPageLoader->admin_page_loader()
#4 /var/www/html/kimaara/ciFiles/vendor/codeigniter4/framework/system/CodeIgniter.php(918): App\Controllers\AdminPageLoader->coupons_mgt()
#5 /var/www/html/kimaara/ciFiles/vendor/codeigniter4/framework/system/CodeIgniter.php(404): CodeIgniter\CodeIgniter->runController()
#6 /var/www/html/kimaara/ciFiles/vendor/codeigniter4/framework/system/CodeIgniter.php(312): CodeIgniter\CodeIgniter->handleRequest()
#7 /var/www/html/kimaara/index.php(46): CodeIgniter\CodeIgniter->run()
#8 {main}
