CRITICAL - 2020-11-19 04:14:13 --> Trying to access array offset on value of type null
#0 /var/www/html/kimara_jewellery/ciFiles/app/Views/adminPages/update_shipping_rates.php(15): CodeIgniter\Debug\Exceptions->errorHandler()
#1 /var/www/html/kimara_jewellery/ciFiles/vendor/codeigniter4/framework/system/View/View.php(246): include('/var/www/html/k...')
#2 /var/www/html/kimara_jewellery/ciFiles/vendor/codeigniter4/framework/system/Common.php(1119): CodeIgniter\View\View->render()
#3 /var/www/html/kimara_jewellery/ciFiles/app/Controllers/AdminPageLoader.php(29): view()
#4 /var/www/html/kimara_jewellery/ciFiles/app/Controllers/AdminPageLoader.php(42): App\Controllers\AdminPageLoader->admin_page_loader()
#5 /var/www/html/kimara_jewellery/ciFiles/vendor/codeigniter4/framework/system/CodeIgniter.php(918): App\Controllers\AdminPageLoader->update_shipping_rates()
#6 /var/www/html/kimara_jewellery/ciFiles/vendor/codeigniter4/framework/system/CodeIgniter.php(404): CodeIgniter\CodeIgniter->runController()
#7 /var/www/html/kimara_jewellery/ciFiles/vendor/codeigniter4/framework/system/CodeIgniter.php(312): CodeIgniter\CodeIgniter->handleRequest()
#8 /var/www/html/kimara_jewellery/index.php(46): CodeIgniter\CodeIgniter->run()
#9 {main}
CRITICAL - 2020-11-19 04:15:12 --> You must use the "set" method to update an entry.
#0 /var/www/html/kimara_jewellery/ciFiles/vendor/codeigniter4/framework/system/Database/BaseBuilder.php(2430): CodeIgniter\Database\BaseBuilder->validateUpdate()
#1 /var/www/html/kimara_jewellery/ciFiles/vendor/codeigniter4/framework/system/Model.php(889): CodeIgniter\Database\BaseBuilder->update()
#2 /var/www/html/kimara_jewellery/ciFiles/app/Controllers/ShippingRates.php(33): CodeIgniter\Model->update()
#3 /var/www/html/kimara_jewellery/ciFiles/vendor/codeigniter4/framework/system/CodeIgniter.php(918): App\Controllers\ShippingRates->update()
#4 /var/www/html/kimara_jewellery/ciFiles/vendor/codeigniter4/framework/system/CodeIgniter.php(404): CodeIgniter\CodeIgniter->runController()
#5 /var/www/html/kimara_jewellery/ciFiles/vendor/codeigniter4/framework/system/CodeIgniter.php(312): CodeIgniter\CodeIgniter->handleRequest()
#6 /var/www/html/kimara_jewellery/index.php(46): CodeIgniter\CodeIgniter->run()
#7 {main}
CRITICAL - 2020-11-19 04:16:23 --> You must use the "set" method to update an entry.
#0 /var/www/html/kimara_jewellery/ciFiles/vendor/codeigniter4/framework/system/Database/BaseBuilder.php(2430): CodeIgniter\Database\BaseBuilder->validateUpdate()
#1 /var/www/html/kimara_jewellery/ciFiles/vendor/codeigniter4/framework/system/Model.php(889): CodeIgniter\Database\BaseBuilder->update()
#2 /var/www/html/kimara_jewellery/ciFiles/app/Controllers/ShippingRates.php(33): CodeIgniter\Model->update()
#3 /var/www/html/kimara_jewellery/ciFiles/vendor/codeigniter4/framework/system/CodeIgniter.php(918): App\Controllers\ShippingRates->update()
#4 /var/www/html/kimara_jewellery/ciFiles/vendor/codeigniter4/framework/system/CodeIgniter.php(404): CodeIgniter\CodeIgniter->runController()
#5 /var/www/html/kimara_jewellery/ciFiles/vendor/codeigniter4/framework/system/CodeIgniter.php(312): CodeIgniter\CodeIgniter->handleRequest()
#6 /var/www/html/kimara_jewellery/index.php(46): CodeIgniter\CodeIgniter->run()
#7 {main}
CRITICAL - 2020-11-19 04:18:23 --> Call to undefined method App\Controllers\ShippingRates::admin_page_loader()
#0 /var/www/html/kimara_jewellery/ciFiles/vendor/codeigniter4/framework/system/CodeIgniter.php(918): App\Controllers\ShippingRates->update()
#1 /var/www/html/kimara_jewellery/ciFiles/vendor/codeigniter4/framework/system/CodeIgniter.php(404): CodeIgniter\CodeIgniter->runController()
#2 /var/www/html/kimara_jewellery/ciFiles/vendor/codeigniter4/framework/system/CodeIgniter.php(312): CodeIgniter\CodeIgniter->handleRequest()
#3 /var/www/html/kimara_jewellery/index.php(46): CodeIgniter\CodeIgniter->run()
#4 {main}
CRITICAL - 2020-11-19 04:37:31 --> Undefined index: location
#0 /var/www/html/kimara_jewellery/ciFiles/app/Views/sitePages/cart.php(95): CodeIgniter\Debug\Exceptions->errorHandler()
#1 /var/www/html/kimara_jewellery/ciFiles/vendor/codeigniter4/framework/system/View/View.php(246): include('/var/www/html/k...')
#2 /var/www/html/kimara_jewellery/ciFiles/vendor/codeigniter4/framework/system/Common.php(1119): CodeIgniter\View\View->render()
#3 /var/www/html/kimara_jewellery/ciFiles/app/Controllers/PublicPageLoader.php(43): view()
#4 /var/www/html/kimara_jewellery/ciFiles/app/Controllers/PublicPageLoader.php(252): App\Controllers\PublicPageLoader->public_page_loader()
#5 /var/www/html/kimara_jewellery/ciFiles/vendor/codeigniter4/framework/system/CodeIgniter.php(918): App\Controllers\PublicPageLoader->cart()
#6 /var/www/html/kimara_jewellery/ciFiles/vendor/codeigniter4/framework/system/CodeIgniter.php(404): CodeIgniter\CodeIgniter->runController()
#7 /var/www/html/kimara_jewellery/ciFiles/vendor/codeigniter4/framework/system/CodeIgniter.php(312): CodeIgniter\CodeIgniter->handleRequest()
#8 /var/www/html/kimara_jewellery/index.php(46): CodeIgniter\CodeIgniter->run()
#9 {main}
CRITICAL - 2020-11-19 04:38:36 --> Undefined index: location
#0 /var/www/html/kimara_jewellery/ciFiles/app/Views/sitePages/cart.php(95): CodeIgniter\Debug\Exceptions->errorHandler()
#1 /var/www/html/kimara_jewellery/ciFiles/vendor/codeigniter4/framework/system/View/View.php(246): include('/var/www/html/k...')
#2 /var/www/html/kimara_jewellery/ciFiles/vendor/codeigniter4/framework/system/Common.php(1119): CodeIgniter\View\View->render()
#3 /var/www/html/kimara_jewellery/ciFiles/app/Controllers/PublicPageLoader.php(45): view()
#4 /var/www/html/kimara_jewellery/ciFiles/app/Controllers/PublicPageLoader.php(254): App\Controllers\PublicPageLoader->public_page_loader()
#5 /var/www/html/kimara_jewellery/ciFiles/vendor/codeigniter4/framework/system/CodeIgniter.php(918): App\Controllers\PublicPageLoader->cart()
#6 /var/www/html/kimara_jewellery/ciFiles/vendor/codeigniter4/framework/system/CodeIgniter.php(404): CodeIgniter\CodeIgniter->runController()
#7 /var/www/html/kimara_jewellery/ciFiles/vendor/codeigniter4/framework/system/CodeIgniter.php(312): CodeIgniter\CodeIgniter->handleRequest()
#8 /var/www/html/kimara_jewellery/index.php(46): CodeIgniter\CodeIgniter->run()
#9 {main}
CRITICAL - 2020-11-19 04:39:53 --> Undefined variable: shipping_rates
#0 /var/www/html/kimara_jewellery/ciFiles/app/Views/sitePages/cart.php(96): CodeIgniter\Debug\Exceptions->errorHandler()
#1 /var/www/html/kimara_jewellery/ciFiles/vendor/codeigniter4/framework/system/View/View.php(246): include('/var/www/html/k...')
#2 /var/www/html/kimara_jewellery/ciFiles/vendor/codeigniter4/framework/system/Common.php(1119): CodeIgniter\View\View->render()
#3 /var/www/html/kimara_jewellery/ciFiles/app/Controllers/PublicPageLoader.php(45): view()
#4 /var/www/html/kimara_jewellery/ciFiles/app/Controllers/PublicPageLoader.php(254): App\Controllers\PublicPageLoader->public_page_loader()
#5 /var/www/html/kimara_jewellery/ciFiles/vendor/codeigniter4/framework/system/CodeIgniter.php(918): App\Controllers\PublicPageLoader->cart()
#6 /var/www/html/kimara_jewellery/ciFiles/vendor/codeigniter4/framework/system/CodeIgniter.php(404): CodeIgniter\CodeIgniter->runController()
#7 /var/www/html/kimara_jewellery/ciFiles/vendor/codeigniter4/framework/system/CodeIgniter.php(312): CodeIgniter\CodeIgniter->handleRequest()
#8 /var/www/html/kimara_jewellery/index.php(46): CodeIgniter\CodeIgniter->run()
#9 {main}
CRITICAL - 2020-11-19 04:41:29 --> Undefined variable: shipping
#0 /var/www/html/kimara_jewellery/ciFiles/app/Views/sitePages/cart.php(99): CodeIgniter\Debug\Exceptions->errorHandler()
#1 /var/www/html/kimara_jewellery/ciFiles/vendor/codeigniter4/framework/system/View/View.php(246): include('/var/www/html/k...')
#2 /var/www/html/kimara_jewellery/ciFiles/vendor/codeigniter4/framework/system/Common.php(1119): CodeIgniter\View\View->render()
#3 /var/www/html/kimara_jewellery/ciFiles/app/Controllers/PublicPageLoader.php(45): view()
#4 /var/www/html/kimara_jewellery/ciFiles/app/Controllers/PublicPageLoader.php(256): App\Controllers\PublicPageLoader->public_page_loader()
#5 /var/www/html/kimara_jewellery/ciFiles/vendor/codeigniter4/framework/system/CodeIgniter.php(918): App\Controllers\PublicPageLoader->cart()
#6 /var/www/html/kimara_jewellery/ciFiles/vendor/codeigniter4/framework/system/CodeIgniter.php(404): CodeIgniter\CodeIgniter->runController()
#7 /var/www/html/kimara_jewellery/ciFiles/vendor/codeigniter4/framework/system/CodeIgniter.php(312): CodeIgniter\CodeIgniter->handleRequest()
#8 /var/www/html/kimara_jewellery/index.php(46): CodeIgniter\CodeIgniter->run()
#9 {main}
CRITICAL - 2020-11-19 04:44:52 --> Undefined variable: shipping_rates
#0 /var/www/html/kimara_jewellery/ciFiles/app/Views/sitePages/cart.php(96): CodeIgniter\Debug\Exceptions->errorHandler()
#1 /var/www/html/kimara_jewellery/ciFiles/vendor/codeigniter4/framework/system/View/View.php(246): include('/var/www/html/k...')
#2 /var/www/html/kimara_jewellery/ciFiles/vendor/codeigniter4/framework/system/Common.php(1119): CodeIgniter\View\View->render()
#3 /var/www/html/kimara_jewellery/ciFiles/app/Controllers/PublicPageLoader.php(45): view()
#4 /var/www/html/kimara_jewellery/ciFiles/app/Controllers/PublicPageLoader.php(259): App\Controllers\PublicPageLoader->public_page_loader()
#5 /var/www/html/kimara_jewellery/ciFiles/vendor/codeigniter4/framework/system/CodeIgniter.php(918): App\Controllers\PublicPageLoader->cart()
#6 /var/www/html/kimara_jewellery/ciFiles/vendor/codeigniter4/framework/system/CodeIgniter.php(404): CodeIgniter\CodeIgniter->runController()
#7 /var/www/html/kimara_jewellery/ciFiles/vendor/codeigniter4/framework/system/CodeIgniter.php(312): CodeIgniter\CodeIgniter->handleRequest()
#8 /var/www/html/kimara_jewellery/index.php(46): CodeIgniter\CodeIgniter->run()
#9 {main}
CRITICAL - 2020-11-19 04:45:09 --> Undefined variable: shipping_rates
#0 /var/www/html/kimara_jewellery/ciFiles/app/Views/sitePages/cart.php(96): CodeIgniter\Debug\Exceptions->errorHandler()
#1 /var/www/html/kimara_jewellery/ciFiles/vendor/codeigniter4/framework/system/View/View.php(246): include('/var/www/html/k...')
#2 /var/www/html/kimara_jewellery/ciFiles/vendor/codeigniter4/framework/system/Common.php(1119): CodeIgniter\View\View->render()
#3 /var/www/html/kimara_jewellery/ciFiles/app/Controllers/PublicPageLoader.php(45): view()
#4 /var/www/html/kimara_jewellery/ciFiles/app/Controllers/PublicPageLoader.php(259): App\Controllers\PublicPageLoader->public_page_loader()
#5 /var/www/html/kimara_jewellery/ciFiles/vendor/codeigniter4/framework/system/CodeIgniter.php(918): App\Controllers\PublicPageLoader->cart()
#6 /var/www/html/kimara_jewellery/ciFiles/vendor/codeigniter4/framework/system/CodeIgniter.php(404): CodeIgniter\CodeIgniter->runController()
#7 /var/www/html/kimara_jewellery/ciFiles/vendor/codeigniter4/framework/system/CodeIgniter.php(312): CodeIgniter\CodeIgniter->handleRequest()
#8 /var/www/html/kimara_jewellery/index.php(46): CodeIgniter\CodeIgniter->run()
#9 {main}
CRITICAL - 2020-11-19 04:45:09 --> Undefined variable: shipping_rates
#0 /var/www/html/kimara_jewellery/ciFiles/app/Views/sitePages/cart.php(96): CodeIgniter\Debug\Exceptions->errorHandler()
#1 /var/www/html/kimara_jewellery/ciFiles/vendor/codeigniter4/framework/system/View/View.php(246): include('/var/www/html/k...')
#2 /var/www/html/kimara_jewellery/ciFiles/vendor/codeigniter4/framework/system/Common.php(1119): CodeIgniter\View\View->render()
#3 /var/www/html/kimara_jewellery/ciFiles/app/Controllers/PublicPageLoader.php(45): view()
#4 /var/www/html/kimara_jewellery/ciFiles/app/Controllers/PublicPageLoader.php(259): App\Controllers\PublicPageLoader->public_page_loader()
#5 /var/www/html/kimara_jewellery/ciFiles/vendor/codeigniter4/framework/system/CodeIgniter.php(918): App\Controllers\PublicPageLoader->cart()
#6 /var/www/html/kimara_jewellery/ciFiles/vendor/codeigniter4/framework/system/CodeIgniter.php(404): CodeIgniter\CodeIgniter->runController()
#7 /var/www/html/kimara_jewellery/ciFiles/vendor/codeigniter4/framework/system/CodeIgniter.php(312): CodeIgniter\CodeIgniter->handleRequest()
#8 /var/www/html/kimara_jewellery/index.php(46): CodeIgniter\CodeIgniter->run()
#9 {main}
CRITICAL - 2020-11-19 04:46:35 --> Undefined variable: shipping_rates
#0 /var/www/html/kimara_jewellery/ciFiles/app/Views/sitePages/cart.php(96): CodeIgniter\Debug\Exceptions->errorHandler()
#1 /var/www/html/kimara_jewellery/ciFiles/vendor/codeigniter4/framework/system/View/View.php(246): include('/var/www/html/k...')
#2 /var/www/html/kimara_jewellery/ciFiles/vendor/codeigniter4/framework/system/Common.php(1119): CodeIgniter\View\View->render()
#3 /var/www/html/kimara_jewellery/ciFiles/app/Controllers/PublicPageLoader.php(45): view()
#4 /var/www/html/kimara_jewellery/ciFiles/app/Controllers/PublicPageLoader.php(258): App\Controllers\PublicPageLoader->public_page_loader()
#5 /var/www/html/kimara_jewellery/ciFiles/vendor/codeigniter4/framework/system/CodeIgniter.php(918): App\Controllers\PublicPageLoader->cart()
#6 /var/www/html/kimara_jewellery/ciFiles/vendor/codeigniter4/framework/system/CodeIgniter.php(404): CodeIgniter\CodeIgniter->runController()
#7 /var/www/html/kimara_jewellery/ciFiles/vendor/codeigniter4/framework/system/CodeIgniter.php(312): CodeIgniter\CodeIgniter->handleRequest()
#8 /var/www/html/kimara_jewellery/index.php(46): CodeIgniter\CodeIgniter->run()
#9 {main}
CRITICAL - 2020-11-19 04:46:43 --> Undefined variable: shipping_rates
#0 /var/www/html/kimara_jewellery/ciFiles/app/Views/sitePages/cart.php(96): CodeIgniter\Debug\Exceptions->errorHandler()
#1 /var/www/html/kimara_jewellery/ciFiles/vendor/codeigniter4/framework/system/View/View.php(246): include('/var/www/html/k...')
#2 /var/www/html/kimara_jewellery/ciFiles/vendor/codeigniter4/framework/system/Common.php(1119): CodeIgniter\View\View->render()
#3 /var/www/html/kimara_jewellery/ciFiles/app/Controllers/PublicPageLoader.php(45): view()
#4 /var/www/html/kimara_jewellery/ciFiles/app/Controllers/PublicPageLoader.php(258): App\Controllers\PublicPageLoader->public_page_loader()
#5 /var/www/html/kimara_jewellery/ciFiles/vendor/codeigniter4/framework/system/CodeIgniter.php(918): App\Controllers\PublicPageLoader->cart()
#6 /var/www/html/kimara_jewellery/ciFiles/vendor/codeigniter4/framework/system/CodeIgniter.php(404): CodeIgniter\CodeIgniter->runController()
#7 /var/www/html/kimara_jewellery/ciFiles/vendor/codeigniter4/framework/system/CodeIgniter.php(312): CodeIgniter\CodeIgniter->handleRequest()
#8 /var/www/html/kimara_jewellery/index.php(46): CodeIgniter\CodeIgniter->run()
#9 {main}
CRITICAL - 2020-11-19 04:46:57 --> Undefined variable: shipping_rates
#0 /var/www/html/kimara_jewellery/ciFiles/app/Views/sitePages/cart.php(96): CodeIgniter\Debug\Exceptions->errorHandler()
#1 /var/www/html/kimara_jewellery/ciFiles/vendor/codeigniter4/framework/system/View/View.php(246): include('/var/www/html/k...')
#2 /var/www/html/kimara_jewellery/ciFiles/vendor/codeigniter4/framework/system/Common.php(1119): CodeIgniter\View\View->render()
#3 /var/www/html/kimara_jewellery/ciFiles/app/Controllers/PublicPageLoader.php(45): view()
#4 /var/www/html/kimara_jewellery/ciFiles/app/Controllers/PublicPageLoader.php(258): App\Controllers\PublicPageLoader->public_page_loader()
#5 /var/www/html/kimara_jewellery/ciFiles/vendor/codeigniter4/framework/system/CodeIgniter.php(918): App\Controllers\PublicPageLoader->cart()
#6 /var/www/html/kimara_jewellery/ciFiles/vendor/codeigniter4/framework/system/CodeIgniter.php(404): CodeIgniter\CodeIgniter->runController()
#7 /var/www/html/kimara_jewellery/ciFiles/vendor/codeigniter4/framework/system/CodeIgniter.php(312): CodeIgniter\CodeIgniter->handleRequest()
#8 /var/www/html/kimara_jewellery/index.php(46): CodeIgniter\CodeIgniter->run()
#9 {main}
CRITICAL - 2020-11-19 04:49:49 --> Use of undefined constant els - assumed 'els' (this will throw an Error in a future version of PHP)
#0 /var/www/html/kimara_jewellery/ciFiles/app/Views/sitePages/cart.php(95): CodeIgniter\Debug\Exceptions->errorHandler()
#1 /var/www/html/kimara_jewellery/ciFiles/vendor/codeigniter4/framework/system/View/View.php(246): include('/var/www/html/k...')
#2 /var/www/html/kimara_jewellery/ciFiles/vendor/codeigniter4/framework/system/Common.php(1119): CodeIgniter\View\View->render()
#3 /var/www/html/kimara_jewellery/ciFiles/app/Controllers/PublicPageLoader.php(45): view()
#4 /var/www/html/kimara_jewellery/ciFiles/app/Controllers/PublicPageLoader.php(258): App\Controllers\PublicPageLoader->public_page_loader()
#5 /var/www/html/kimara_jewellery/ciFiles/vendor/codeigniter4/framework/system/CodeIgniter.php(918): App\Controllers\PublicPageLoader->cart()
#6 /var/www/html/kimara_jewellery/ciFiles/vendor/codeigniter4/framework/system/CodeIgniter.php(404): CodeIgniter\CodeIgniter->runController()
#7 /var/www/html/kimara_jewellery/ciFiles/vendor/codeigniter4/framework/system/CodeIgniter.php(312): CodeIgniter\CodeIgniter->handleRequest()
#8 /var/www/html/kimara_jewellery/index.php(46): CodeIgniter\CodeIgniter->run()
#9 {main}
