CRITICAL - 2020-11-18 00:12:15 --> Unknown column 'customer_id' in 'where clause'
#0 /var/www/html/kimara_jewellery/ciFiles/vendor/codeigniter4/framework/system/Database/MySQLi/Connection.php(331): mysqli->query()
#1 /var/www/html/kimara_jewellery/ciFiles/vendor/codeigniter4/framework/system/Database/BaseConnection.php(741): CodeIgniter\Database\MySQLi\Connection->execute()
#2 /var/www/html/kimara_jewellery/ciFiles/vendor/codeigniter4/framework/system/Database/BaseConnection.php(669): CodeIgniter\Database\BaseConnection->simpleQuery()
#3 /var/www/html/kimara_jewellery/ciFiles/vendor/codeigniter4/framework/system/Database/BaseBuilder.php(1860): CodeIgniter\Database\BaseConnection->query()
#4 /var/www/html/kimara_jewellery/ciFiles/vendor/codeigniter4/framework/system/Model.php(506): CodeIgniter\Database\BaseBuilder->get()
#5 /var/www/html/kimara_jewellery/ciFiles/app/Controllers/Wishlist.php(51): CodeIgniter\Model->first()
#6 /var/www/html/kimara_jewellery/ciFiles/app/Controllers/Wishlist.php(16): App\Controllers\Wishlist->check_if_exists()
#7 /var/www/html/kimara_jewellery/ciFiles/vendor/codeigniter4/framework/system/CodeIgniter.php(918): App\Controllers\Wishlist->add()
#8 /var/www/html/kimara_jewellery/ciFiles/vendor/codeigniter4/framework/system/CodeIgniter.php(404): CodeIgniter\CodeIgniter->runController()
#9 /var/www/html/kimara_jewellery/ciFiles/vendor/codeigniter4/framework/system/CodeIgniter.php(312): CodeIgniter\CodeIgniter->handleRequest()
#10 /var/www/html/kimara_jewellery/index.php(46): CodeIgniter\CodeIgniter->run()
#11 {main}
CRITICAL - 2020-11-18 00:13:41 --> Undefined variable: exists
#0 /var/www/html/kimara_jewellery/ciFiles/app/Controllers/Wishlist.php(17): CodeIgniter\Debug\Exceptions->errorHandler()
#1 /var/www/html/kimara_jewellery/ciFiles/vendor/codeigniter4/framework/system/CodeIgniter.php(918): App\Controllers\Wishlist->add()
#2 /var/www/html/kimara_jewellery/ciFiles/vendor/codeigniter4/framework/system/CodeIgniter.php(404): CodeIgniter\CodeIgniter->runController()
#3 /var/www/html/kimara_jewellery/ciFiles/vendor/codeigniter4/framework/system/CodeIgniter.php(312): CodeIgniter\CodeIgniter->handleRequest()
#4 /var/www/html/kimara_jewellery/index.php(46): CodeIgniter\CodeIgniter->run()
#5 {main}
CRITICAL - 2020-11-18 00:40:43 --> Undefined variable: products
#0 /var/www/html/kimara_jewellery/ciFiles/app/Controllers/PublicPageLoader.php(234): CodeIgniter\Debug\Exceptions->errorHandler()
#1 /var/www/html/kimara_jewellery/ciFiles/vendor/codeigniter4/framework/system/CodeIgniter.php(918): App\Controllers\PublicPageLoader->cart()
#2 /var/www/html/kimara_jewellery/ciFiles/vendor/codeigniter4/framework/system/CodeIgniter.php(404): CodeIgniter\CodeIgniter->runController()
#3 /var/www/html/kimara_jewellery/ciFiles/vendor/codeigniter4/framework/system/CodeIgniter.php(312): CodeIgniter\CodeIgniter->handleRequest()
#4 /var/www/html/kimara_jewellery/index.php(46): CodeIgniter\CodeIgniter->run()
#5 {main}
CRITICAL - 2020-11-18 00:41:28 --> Undefined variable: products
#0 /var/www/html/kimara_jewellery/ciFiles/app/Controllers/PublicPageLoader.php(234): CodeIgniter\Debug\Exceptions->errorHandler()
#1 /var/www/html/kimara_jewellery/ciFiles/vendor/codeigniter4/framework/system/CodeIgniter.php(918): App\Controllers\PublicPageLoader->cart()
#2 /var/www/html/kimara_jewellery/ciFiles/vendor/codeigniter4/framework/system/CodeIgniter.php(404): CodeIgniter\CodeIgniter->runController()
#3 /var/www/html/kimara_jewellery/ciFiles/vendor/codeigniter4/framework/system/CodeIgniter.php(312): CodeIgniter\CodeIgniter->handleRequest()
#4 /var/www/html/kimara_jewellery/index.php(46): CodeIgniter\CodeIgniter->run()
#5 {main}
CRITICAL - 2020-11-18 00:47:37 --> Cannot use object of type CodeIgniter\Session\Session as array
#0 /var/www/html/kimara_jewellery/ciFiles/vendor/codeigniter4/framework/system/CodeIgniter.php(918): App\Controllers\PublicPageLoader->my_account()
#1 /var/www/html/kimara_jewellery/ciFiles/vendor/codeigniter4/framework/system/CodeIgniter.php(404): CodeIgniter\CodeIgniter->runController()
#2 /var/www/html/kimara_jewellery/ciFiles/vendor/codeigniter4/framework/system/CodeIgniter.php(312): CodeIgniter\CodeIgniter->handleRequest()
#3 /var/www/html/kimara_jewellery/index.php(46): CodeIgniter\CodeIgniter->run()
#4 {main}
CRITICAL - 2020-11-18 00:51:09 --> Undefined index: pid
#0 /var/www/html/kimara_jewellery/ciFiles/app/Views/sitePages/my_account.php(165): CodeIgniter\Debug\Exceptions->errorHandler()
#1 /var/www/html/kimara_jewellery/ciFiles/vendor/codeigniter4/framework/system/View/View.php(246): include('/var/www/html/k...')
#2 /var/www/html/kimara_jewellery/ciFiles/vendor/codeigniter4/framework/system/Common.php(1119): CodeIgniter\View\View->render()
#3 /var/www/html/kimara_jewellery/ciFiles/app/Controllers/PublicPageLoader.php(42): view()
#4 /var/www/html/kimara_jewellery/ciFiles/app/Controllers/PublicPageLoader.php(141): App\Controllers\PublicPageLoader->public_page_loader()
#5 /var/www/html/kimara_jewellery/ciFiles/vendor/codeigniter4/framework/system/CodeIgniter.php(918): App\Controllers\PublicPageLoader->my_account()
#6 /var/www/html/kimara_jewellery/ciFiles/vendor/codeigniter4/framework/system/CodeIgniter.php(404): CodeIgniter\CodeIgniter->runController()
#7 /var/www/html/kimara_jewellery/ciFiles/vendor/codeigniter4/framework/system/CodeIgniter.php(312): CodeIgniter\CodeIgniter->handleRequest()
#8 /var/www/html/kimara_jewellery/index.php(46): CodeIgniter\CodeIgniter->run()
#9 {main}
CRITICAL - 2020-11-18 04:21:14 --> SMTP Error: The following recipients failed: kimaarasilver@gmail.com: Verification failed for <orderprocessing@kimaara.com>
No Such User Here
Sender verify failed

#0 /var/www/html/kimara_jewellery/ciFiles/vendor/phpmailer/phpmailer/src/PHPMailer.php(1601): PHPMailer\PHPMailer\PHPMailer->smtpSend()
#1 /var/www/html/kimara_jewellery/ciFiles/vendor/phpmailer/phpmailer/src/PHPMailer.php(1437): PHPMailer\PHPMailer\PHPMailer->postSend()
#2 /var/www/html/kimara_jewellery/ciFiles/app/Controllers/Orders.php(246): PHPMailer\PHPMailer\PHPMailer->send()
#3 /var/www/html/kimara_jewellery/ciFiles/app/Controllers/Orders.php(73): App\Controllers\Orders->send_order_created_email()
#4 /var/www/html/kimara_jewellery/ciFiles/vendor/codeigniter4/framework/system/CodeIgniter.php(918): App\Controllers\Orders->create()
#5 /var/www/html/kimara_jewellery/ciFiles/vendor/codeigniter4/framework/system/CodeIgniter.php(404): CodeIgniter\CodeIgniter->runController()
#6 /var/www/html/kimara_jewellery/ciFiles/vendor/codeigniter4/framework/system/CodeIgniter.php(312): CodeIgniter\CodeIgniter->handleRequest()
#7 /var/www/html/kimara_jewellery/index.php(46): CodeIgniter\CodeIgniter->run()
#8 {main}
CRITICAL - 2020-11-18 04:24:52 --> SMTP Error: The following recipients failed: kimaarasilver@gmail.com: Verification failed for <orderprocessing@kimaara.com>
No Such User Here
Sender verify failed

#0 /var/www/html/kimara_jewellery/ciFiles/vendor/phpmailer/phpmailer/src/PHPMailer.php(1601): PHPMailer\PHPMailer\PHPMailer->smtpSend()
#1 /var/www/html/kimara_jewellery/ciFiles/vendor/phpmailer/phpmailer/src/PHPMailer.php(1437): PHPMailer\PHPMailer\PHPMailer->postSend()
#2 /var/www/html/kimara_jewellery/ciFiles/app/Controllers/Orders.php(246): PHPMailer\PHPMailer\PHPMailer->send()
#3 /var/www/html/kimara_jewellery/ciFiles/app/Controllers/Orders.php(73): App\Controllers\Orders->send_order_created_email()
#4 /var/www/html/kimara_jewellery/ciFiles/vendor/codeigniter4/framework/system/CodeIgniter.php(918): App\Controllers\Orders->create()
#5 /var/www/html/kimara_jewellery/ciFiles/vendor/codeigniter4/framework/system/CodeIgniter.php(404): CodeIgniter\CodeIgniter->runController()
#6 /var/www/html/kimara_jewellery/ciFiles/vendor/codeigniter4/framework/system/CodeIgniter.php(312): CodeIgniter\CodeIgniter->handleRequest()
#7 /var/www/html/kimara_jewellery/index.php(46): CodeIgniter\CodeIgniter->run()
#8 {main}
