CRITICAL - 2020-12-10 00:28:27 --> Undefined variable: coupons
#0 /var/www/html/kimaara/ciFiles/app/Views/adminPages/coupons_mgt.php(37): CodeIgniter\Debug\Exceptions->errorHandler()
#1 /var/www/html/kimaara/ciFiles/vendor/codeigniter4/framework/system/View/View.php(246): include('/var/www/html/k...')
#2 /var/www/html/kimaara/ciFiles/vendor/codeigniter4/framework/system/Common.php(1119): CodeIgniter\View\View->render()
#3 /var/www/html/kimaara/ciFiles/app/Controllers/AdminPageLoader.php(31): view()
#4 /var/www/html/kimaara/ciFiles/app/Controllers/AdminPageLoader.php(41): App\Controllers\AdminPageLoader->admin_page_loader()
#5 /var/www/html/kimaara/ciFiles/vendor/codeigniter4/framework/system/CodeIgniter.php(918): App\Controllers\AdminPageLoader->coupons_mgt()
#6 /var/www/html/kimaara/ciFiles/vendor/codeigniter4/framework/system/CodeIgniter.php(404): CodeIgniter\CodeIgniter->runController()
#7 /var/www/html/kimaara/ciFiles/vendor/codeigniter4/framework/system/CodeIgniter.php(312): CodeIgniter\CodeIgniter->handleRequest()
#8 /var/www/html/kimaara/index.php(46): CodeIgniter\CodeIgniter->run()
#9 {main}
CRITICAL - 2020-12-10 01:05:49 --> Invalid file: adminPages/add_coupon-page.php
#0 /var/www/html/kimaara/ciFiles/vendor/codeigniter4/framework/system/View/View.php(228): CodeIgniter\Exceptions\FrameworkException::forInvalidFile()
#1 /var/www/html/kimaara/ciFiles/vendor/codeigniter4/framework/system/Common.php(1119): CodeIgniter\View\View->render()
#2 /var/www/html/kimaara/ciFiles/app/Controllers/AdminPageLoader.php(31): view()
#3 /var/www/html/kimaara/ciFiles/app/Controllers/AdminPageLoader.php(41): App\Controllers\AdminPageLoader->admin_page_loader()
#4 /var/www/html/kimaara/ciFiles/vendor/codeigniter4/framework/system/CodeIgniter.php(918): App\Controllers\AdminPageLoader->add_coupon()
#5 /var/www/html/kimaara/ciFiles/vendor/codeigniter4/framework/system/CodeIgniter.php(404): CodeIgniter\CodeIgniter->runController()
#6 /var/www/html/kimaara/ciFiles/vendor/codeigniter4/framework/system/CodeIgniter.php(312): CodeIgniter\CodeIgniter->handleRequest()
#7 /var/www/html/kimaara/index.php(46): CodeIgniter\CodeIgniter->run()
#8 {main}
CRITICAL - 2020-12-10 04:12:23 --> Undefined property: App\Controllers\Coupons::$reques
#0 /var/www/html/kimaara/ciFiles/app/Controllers/Coupons.php(42): CodeIgniter\Debug\Exceptions->errorHandler()
#1 /var/www/html/kimaara/ciFiles/vendor/codeigniter4/framework/system/CodeIgniter.php(918): App\Controllers\Coupons->add()
#2 /var/www/html/kimaara/ciFiles/vendor/codeigniter4/framework/system/CodeIgniter.php(404): CodeIgniter\CodeIgniter->runController()
#3 /var/www/html/kimaara/ciFiles/vendor/codeigniter4/framework/system/CodeIgniter.php(312): CodeIgniter\CodeIgniter->handleRequest()
#4 /var/www/html/kimaara/index.php(46): CodeIgniter\CodeIgniter->run()
#5 {main}
CRITICAL - 2020-12-10 04:12:40 --> Class 'App\Models\CouponModel' not found
#0 /var/www/html/kimaara/ciFiles/vendor/codeigniter4/framework/system/CodeIgniter.php(918): App\Controllers\Coupons->add()
#1 /var/www/html/kimaara/ciFiles/vendor/codeigniter4/framework/system/CodeIgniter.php(404): CodeIgniter\CodeIgniter->runController()
#2 /var/www/html/kimaara/ciFiles/vendor/codeigniter4/framework/system/CodeIgniter.php(312): CodeIgniter\CodeIgniter->handleRequest()
#3 /var/www/html/kimaara/index.php(46): CodeIgniter\CodeIgniter->run()
#4 {main}
CRITICAL - 2020-12-10 04:16:18 --> Unknown column 'description' in 'field list'
#0 /var/www/html/kimaara/ciFiles/vendor/codeigniter4/framework/system/Database/MySQLi/Connection.php(331): mysqli->query()
#1 /var/www/html/kimaara/ciFiles/vendor/codeigniter4/framework/system/Database/BaseConnection.php(741): CodeIgniter\Database\MySQLi\Connection->execute()
#2 /var/www/html/kimaara/ciFiles/vendor/codeigniter4/framework/system/Database/BaseConnection.php(669): CodeIgniter\Database\BaseConnection->simpleQuery()
#3 /var/www/html/kimaara/ciFiles/vendor/codeigniter4/framework/system/Database/BaseBuilder.php(2249): CodeIgniter\Database\BaseConnection->query()
#4 /var/www/html/kimaara/ciFiles/vendor/codeigniter4/framework/system/Model.php(755): CodeIgniter\Database\BaseBuilder->insert()
#5 /var/www/html/kimaara/ciFiles/app/Controllers/Coupons.php(65): CodeIgniter\Model->insert()
#6 /var/www/html/kimaara/ciFiles/vendor/codeigniter4/framework/system/CodeIgniter.php(918): App\Controllers\Coupons->add()
#7 /var/www/html/kimaara/ciFiles/vendor/codeigniter4/framework/system/CodeIgniter.php(404): CodeIgniter\CodeIgniter->runController()
#8 /var/www/html/kimaara/ciFiles/vendor/codeigniter4/framework/system/CodeIgniter.php(312): CodeIgniter\CodeIgniter->handleRequest()
#9 /var/www/html/kimaara/index.php(46): CodeIgniter\CodeIgniter->run()
#10 {main}
CRITICAL - 2020-12-10 04:21:47 --> Undefined variable: slides
#0 /var/www/html/kimaara/ciFiles/app/Views/adminPages/coupons_mgt.php(24): CodeIgniter\Debug\Exceptions->errorHandler()
#1 /var/www/html/kimaara/ciFiles/vendor/codeigniter4/framework/system/View/View.php(246): include('/var/www/html/k...')
#2 /var/www/html/kimaara/ciFiles/vendor/codeigniter4/framework/system/Common.php(1119): CodeIgniter\View\View->render()
#3 /var/www/html/kimaara/ciFiles/app/Controllers/AdminPageLoader.php(32): view()
#4 /var/www/html/kimaara/ciFiles/app/Controllers/AdminPageLoader.php(51): App\Controllers\AdminPageLoader->admin_page_loader()
#5 /var/www/html/kimaara/ciFiles/vendor/codeigniter4/framework/system/CodeIgniter.php(918): App\Controllers\AdminPageLoader->coupons_mgt()
#6 /var/www/html/kimaara/ciFiles/vendor/codeigniter4/framework/system/CodeIgniter.php(404): CodeIgniter\CodeIgniter->runController()
#7 /var/www/html/kimaara/ciFiles/vendor/codeigniter4/framework/system/CodeIgniter.php(312): CodeIgniter\CodeIgniter->handleRequest()
#8 /var/www/html/kimaara/index.php(46): CodeIgniter\CodeIgniter->run()
#9 {main}
CRITICAL - 2020-12-10 04:23:17 --> Undefined variable: slide
#0 /var/www/html/kimaara/ciFiles/app/Views/adminPages/coupons_mgt.php(32): CodeIgniter\Debug\Exceptions->errorHandler()
#1 /var/www/html/kimaara/ciFiles/vendor/codeigniter4/framework/system/View/View.php(246): include('/var/www/html/k...')
#2 /var/www/html/kimaara/ciFiles/vendor/codeigniter4/framework/system/Common.php(1119): CodeIgniter\View\View->render()
#3 /var/www/html/kimaara/ciFiles/app/Controllers/AdminPageLoader.php(32): view()
#4 /var/www/html/kimaara/ciFiles/app/Controllers/AdminPageLoader.php(51): App\Controllers\AdminPageLoader->admin_page_loader()
#5 /var/www/html/kimaara/ciFiles/vendor/codeigniter4/framework/system/CodeIgniter.php(918): App\Controllers\AdminPageLoader->coupons_mgt()
#6 /var/www/html/kimaara/ciFiles/vendor/codeigniter4/framework/system/CodeIgniter.php(404): CodeIgniter\CodeIgniter->runController()
#7 /var/www/html/kimaara/ciFiles/vendor/codeigniter4/framework/system/CodeIgniter.php(312): CodeIgniter\CodeIgniter->handleRequest()
#8 /var/www/html/kimaara/index.php(46): CodeIgniter\CodeIgniter->run()
#9 {main}
CRITICAL - 2020-12-10 04:48:58 --> Too few arguments to function App\Controllers\AdminPageLoader::edit_coupon(), 0 passed in /var/www/html/kimaara/ciFiles/vendor/codeigniter4/framework/system/CodeIgniter.php on line 918 and exactly 1 expected
#0 /var/www/html/kimaara/ciFiles/vendor/codeigniter4/framework/system/CodeIgniter.php(918): App\Controllers\AdminPageLoader->edit_coupon()
#1 /var/www/html/kimaara/ciFiles/vendor/codeigniter4/framework/system/CodeIgniter.php(404): CodeIgniter\CodeIgniter->runController()
#2 /var/www/html/kimaara/ciFiles/vendor/codeigniter4/framework/system/CodeIgniter.php(312): CodeIgniter\CodeIgniter->handleRequest()
#3 /var/www/html/kimaara/index.php(46): CodeIgniter\CodeIgniter->run()
#4 {main}
CRITICAL - 2020-12-10 04:49:11 --> Too few arguments to function App\Controllers\AdminPageLoader::edit_coupon(), 0 passed in /var/www/html/kimaara/ciFiles/vendor/codeigniter4/framework/system/CodeIgniter.php on line 918 and exactly 1 expected
#0 /var/www/html/kimaara/ciFiles/vendor/codeigniter4/framework/system/CodeIgniter.php(918): App\Controllers\AdminPageLoader->edit_coupon()
#1 /var/www/html/kimaara/ciFiles/vendor/codeigniter4/framework/system/CodeIgniter.php(404): CodeIgniter\CodeIgniter->runController()
#2 /var/www/html/kimaara/ciFiles/vendor/codeigniter4/framework/system/CodeIgniter.php(312): CodeIgniter\CodeIgniter->handleRequest()
#3 /var/www/html/kimaara/index.php(46): CodeIgniter\CodeIgniter->run()
#4 {main}
CRITICAL - 2020-12-10 04:49:54 --> Too few arguments to function App\Controllers\AdminPageLoader::edit_coupon(), 0 passed in /var/www/html/kimaara/ciFiles/vendor/codeigniter4/framework/system/CodeIgniter.php on line 918 and exactly 1 expected
#0 /var/www/html/kimaara/ciFiles/vendor/codeigniter4/framework/system/CodeIgniter.php(918): App\Controllers\AdminPageLoader->edit_coupon()
#1 /var/www/html/kimaara/ciFiles/vendor/codeigniter4/framework/system/CodeIgniter.php(404): CodeIgniter\CodeIgniter->runController()
#2 /var/www/html/kimaara/ciFiles/vendor/codeigniter4/framework/system/CodeIgniter.php(312): CodeIgniter\CodeIgniter->handleRequest()
#3 /var/www/html/kimaara/index.php(46): CodeIgniter\CodeIgniter->run()
#4 {main}
CRITICAL - 2020-12-10 04:50:21 --> Undefined variable: categoryModel
#0 /var/www/html/kimaara/ciFiles/app/Controllers/AdminPageLoader.php(47): CodeIgniter\Debug\Exceptions->errorHandler()
#1 /var/www/html/kimaara/ciFiles/vendor/codeigniter4/framework/system/CodeIgniter.php(918): App\Controllers\AdminPageLoader->edit_coupon()
#2 /var/www/html/kimaara/ciFiles/vendor/codeigniter4/framework/system/CodeIgniter.php(404): CodeIgniter\CodeIgniter->runController()
#3 /var/www/html/kimaara/ciFiles/vendor/codeigniter4/framework/system/CodeIgniter.php(312): CodeIgniter\CodeIgniter->handleRequest()
#4 /var/www/html/kimaara/index.php(46): CodeIgniter\CodeIgniter->run()
#5 {main}
CRITICAL - 2020-12-10 04:54:04 --> Undefined variable: focus_coupon
#0 /var/www/html/kimaara/ciFiles/app/Controllers/Coupons.php(115): CodeIgniter\Debug\Exceptions->errorHandler()
#1 /var/www/html/kimaara/ciFiles/vendor/codeigniter4/framework/system/CodeIgniter.php(918): App\Controllers\Coupons->update()
#2 /var/www/html/kimaara/ciFiles/vendor/codeigniter4/framework/system/CodeIgniter.php(404): CodeIgniter\CodeIgniter->runController()
#3 /var/www/html/kimaara/ciFiles/vendor/codeigniter4/framework/system/CodeIgniter.php(312): CodeIgniter\CodeIgniter->handleRequest()
#4 /var/www/html/kimaara/index.php(46): CodeIgniter\CodeIgniter->run()
#5 {main}
CRITICAL - 2020-12-10 05:43:55 --> Undefined index: 
#0 /var/www/html/kimaara/ciFiles/app/Views/sitePages/cart.php(88): CodeIgniter\Debug\Exceptions->errorHandler()
#1 /var/www/html/kimaara/ciFiles/vendor/codeigniter4/framework/system/View/View.php(246): include('/var/www/html/k...')
#2 /var/www/html/kimaara/ciFiles/vendor/codeigniter4/framework/system/Common.php(1119): CodeIgniter\View\View->render()
#3 /var/www/html/kimaara/ciFiles/app/Controllers/PublicPageLoader.php(58): view()
#4 /var/www/html/kimaara/ciFiles/app/Controllers/PublicPageLoader.php(300): App\Controllers\PublicPageLoader->public_page_loader()
#5 /var/www/html/kimaara/ciFiles/vendor/codeigniter4/framework/system/CodeIgniter.php(918): App\Controllers\PublicPageLoader->cart()
#6 /var/www/html/kimaara/ciFiles/vendor/codeigniter4/framework/system/CodeIgniter.php(404): CodeIgniter\CodeIgniter->runController()
#7 /var/www/html/kimaara/ciFiles/vendor/codeigniter4/framework/system/CodeIgniter.php(312): CodeIgniter\CodeIgniter->handleRequest()
#8 /var/www/html/kimaara/index.php(46): CodeIgniter\CodeIgniter->run()
#9 {main}
CRITICAL - 2020-12-10 05:44:00 --> Undefined index: 
#0 /var/www/html/kimaara/ciFiles/app/Views/sitePages/cart.php(88): CodeIgniter\Debug\Exceptions->errorHandler()
#1 /var/www/html/kimaara/ciFiles/vendor/codeigniter4/framework/system/View/View.php(246): include('/var/www/html/k...')
#2 /var/www/html/kimaara/ciFiles/vendor/codeigniter4/framework/system/Common.php(1119): CodeIgniter\View\View->render()
#3 /var/www/html/kimaara/ciFiles/app/Controllers/PublicPageLoader.php(58): view()
#4 /var/www/html/kimaara/ciFiles/app/Controllers/PublicPageLoader.php(300): App\Controllers\PublicPageLoader->public_page_loader()
#5 /var/www/html/kimaara/ciFiles/vendor/codeigniter4/framework/system/CodeIgniter.php(918): App\Controllers\PublicPageLoader->cart()
#6 /var/www/html/kimaara/ciFiles/vendor/codeigniter4/framework/system/CodeIgniter.php(404): CodeIgniter\CodeIgniter->runController()
#7 /var/www/html/kimaara/ciFiles/vendor/codeigniter4/framework/system/CodeIgniter.php(312): CodeIgniter\CodeIgniter->handleRequest()
#8 /var/www/html/kimaara/index.php(46): CodeIgniter\CodeIgniter->run()
#9 {main}
CRITICAL - 2020-12-10 05:44:00 --> Undefined index: 
#0 /var/www/html/kimaara/ciFiles/app/Views/sitePages/cart.php(88): CodeIgniter\Debug\Exceptions->errorHandler()
#1 /var/www/html/kimaara/ciFiles/vendor/codeigniter4/framework/system/View/View.php(246): include('/var/www/html/k...')
#2 /var/www/html/kimaara/ciFiles/vendor/codeigniter4/framework/system/Common.php(1119): CodeIgniter\View\View->render()
#3 /var/www/html/kimaara/ciFiles/app/Controllers/PublicPageLoader.php(58): view()
#4 /var/www/html/kimaara/ciFiles/app/Controllers/PublicPageLoader.php(300): App\Controllers\PublicPageLoader->public_page_loader()
#5 /var/www/html/kimaara/ciFiles/vendor/codeigniter4/framework/system/CodeIgniter.php(918): App\Controllers\PublicPageLoader->cart()
#6 /var/www/html/kimaara/ciFiles/vendor/codeigniter4/framework/system/CodeIgniter.php(404): CodeIgniter\CodeIgniter->runController()
#7 /var/www/html/kimaara/ciFiles/vendor/codeigniter4/framework/system/CodeIgniter.php(312): CodeIgniter\CodeIgniter->handleRequest()
#8 /var/www/html/kimaara/index.php(46): CodeIgniter\CodeIgniter->run()
#9 {main}
CRITICAL - 2020-12-10 05:44:18 --> Undefined index: coupon
#0 /var/www/html/kimaara/ciFiles/app/Views/sitePages/cart.php(88): CodeIgniter\Debug\Exceptions->errorHandler()
#1 /var/www/html/kimaara/ciFiles/vendor/codeigniter4/framework/system/View/View.php(246): include('/var/www/html/k...')
#2 /var/www/html/kimaara/ciFiles/vendor/codeigniter4/framework/system/Common.php(1119): CodeIgniter\View\View->render()
#3 /var/www/html/kimaara/ciFiles/app/Controllers/PublicPageLoader.php(58): view()
#4 /var/www/html/kimaara/ciFiles/app/Controllers/PublicPageLoader.php(300): App\Controllers\PublicPageLoader->public_page_loader()
#5 /var/www/html/kimaara/ciFiles/vendor/codeigniter4/framework/system/CodeIgniter.php(918): App\Controllers\PublicPageLoader->cart()
#6 /var/www/html/kimaara/ciFiles/vendor/codeigniter4/framework/system/CodeIgniter.php(404): CodeIgniter\CodeIgniter->runController()
#7 /var/www/html/kimaara/ciFiles/vendor/codeigniter4/framework/system/CodeIgniter.php(312): CodeIgniter\CodeIgniter->handleRequest()
#8 /var/www/html/kimaara/index.php(46): CodeIgniter\CodeIgniter->run()
#9 {main}
CRITICAL - 2020-12-10 06:13:26 --> Undefined index: code
#0 /var/www/html/kimaara/ciFiles/app/Controllers/PublicPageLoader.php(300): CodeIgniter\Debug\Exceptions->errorHandler()
#1 /var/www/html/kimaara/ciFiles/vendor/codeigniter4/framework/system/CodeIgniter.php(918): App\Controllers\PublicPageLoader->cart()
#2 /var/www/html/kimaara/ciFiles/vendor/codeigniter4/framework/system/CodeIgniter.php(404): CodeIgniter\CodeIgniter->runController()
#3 /var/www/html/kimaara/ciFiles/vendor/codeigniter4/framework/system/CodeIgniter.php(312): CodeIgniter\CodeIgniter->handleRequest()
#4 /var/www/html/kimaara/index.php(46): CodeIgniter\CodeIgniter->run()
#5 {main}
CRITICAL - 2020-12-10 07:09:25 --> The original file is not a valid file.
#0 /home2/kimaa3l6/public_html/ciFiles/vendor/codeigniter4/framework/system/HTTP/Files/UploadedFile.php(172): CodeIgniter\HTTP\Exceptions\HTTPException::forInvalidFile()
#1 /home2/kimaa3l6/public_html/ciFiles/app/Controllers/Products.php(101): CodeIgniter\HTTP\Files\UploadedFile->move('assets/images/g...', '1607605765_3df0...')
#2 /home2/kimaa3l6/public_html/ciFiles/vendor/codeigniter4/framework/system/CodeIgniter.php(918): App\Controllers\Products->add()
#3 /home2/kimaa3l6/public_html/ciFiles/vendor/codeigniter4/framework/system/CodeIgniter.php(404): CodeIgniter\CodeIgniter->runController(Object(App\Controllers\Products))
#4 /home2/kimaa3l6/public_html/ciFiles/vendor/codeigniter4/framework/system/CodeIgniter.php(312): CodeIgniter\CodeIgniter->handleRequest(NULL, Object(Config\Cache), false)
#5 /home2/kimaa3l6/public_html/index.php(46): CodeIgniter\CodeIgniter->run()
#6 {main}
CRITICAL - 2020-12-10 07:19:44 --> The api key provided by you has expired and cannot be used. Please use correct key and secret.
#0 /home2/kimaa3l6/public_html/vendor/razorpay/razorpay/src/Request.php(109): Razorpay\Api\Request->processError(Array, 401, Object(Requests_Response))
#1 /home2/kimaa3l6/public_html/vendor/razorpay/razorpay/src/Request.php(58): Razorpay\Api\Request->checkErrors(Object(Requests_Response))
#2 /home2/kimaa3l6/public_html/vendor/razorpay/razorpay/src/Entity.php(86): Razorpay\Api\Request->request('POST', 'https://api.raz...', Array)
#3 /home2/kimaa3l6/public_html/vendor/razorpay/razorpay/src/Entity.php(15): Razorpay\Api\Entity->request('POST', 'orders/', Array)
#4 /home2/kimaa3l6/public_html/vendor/razorpay/razorpay/src/Order.php(12): Razorpay\Api\Entity->create(Array)
#5 /home2/kimaa3l6/public_html/ciFiles/app/Controllers/PublicPageLoader.php(290): Razorpay\Api\Order->create(Array)
#6 /home2/kimaa3l6/public_html/ciFiles/vendor/codeigniter4/framework/system/CodeIgniter.php(918): App\Controllers\PublicPageLoader->cart()
#7 /home2/kimaa3l6/public_html/ciFiles/vendor/codeigniter4/framework/system/CodeIgniter.php(404): CodeIgniter\CodeIgniter->runController(Object(App\Controllers\PublicPageLoader))
#8 /home2/kimaa3l6/public_html/ciFiles/vendor/codeigniter4/framework/system/CodeIgniter.php(312): CodeIgniter\CodeIgniter->handleRequest(NULL, Object(Config\Cache), false)
#9 /home2/kimaa3l6/public_html/index.php(46): CodeIgniter\CodeIgniter->run()
#10 {main}
CRITICAL - 2020-12-10 07:20:54 --> Undefined index: code
#0 /home2/kimaa3l6/public_html/ciFiles/app/Controllers/PublicPageLoader.php(286): CodeIgniter\Debug\Exceptions->errorHandler(8, 'Undefined index...', '/home2/kimaa3l6...', 286, Array)
#1 /home2/kimaa3l6/public_html/ciFiles/vendor/codeigniter4/framework/system/CodeIgniter.php(918): App\Controllers\PublicPageLoader->cart()
#2 /home2/kimaa3l6/public_html/ciFiles/vendor/codeigniter4/framework/system/CodeIgniter.php(404): CodeIgniter\CodeIgniter->runController(Object(App\Controllers\PublicPageLoader))
#3 /home2/kimaa3l6/public_html/ciFiles/vendor/codeigniter4/framework/system/CodeIgniter.php(312): CodeIgniter\CodeIgniter->handleRequest(NULL, Object(Config\Cache), false)
#4 /home2/kimaa3l6/public_html/index.php(46): CodeIgniter\CodeIgniter->run()
#5 {main}
CRITICAL - 2020-12-10 07:21:22 --> The api key provided by you has expired and cannot be used. Please use correct key and secret.
#0 /home2/kimaa3l6/public_html/vendor/razorpay/razorpay/src/Request.php(109): Razorpay\Api\Request->processError(Array, 401, Object(Requests_Response))
#1 /home2/kimaa3l6/public_html/vendor/razorpay/razorpay/src/Request.php(58): Razorpay\Api\Request->checkErrors(Object(Requests_Response))
#2 /home2/kimaa3l6/public_html/vendor/razorpay/razorpay/src/Entity.php(86): Razorpay\Api\Request->request('POST', 'https://api.raz...', Array)
#3 /home2/kimaa3l6/public_html/vendor/razorpay/razorpay/src/Entity.php(15): Razorpay\Api\Entity->request('POST', 'orders/', Array)
#4 /home2/kimaa3l6/public_html/vendor/razorpay/razorpay/src/Order.php(12): Razorpay\Api\Entity->create(Array)
#5 /home2/kimaa3l6/public_html/ciFiles/app/Controllers/PublicPageLoader.php(290): Razorpay\Api\Order->create(Array)
#6 /home2/kimaa3l6/public_html/ciFiles/vendor/codeigniter4/framework/system/CodeIgniter.php(918): App\Controllers\PublicPageLoader->cart()
#7 /home2/kimaa3l6/public_html/ciFiles/vendor/codeigniter4/framework/system/CodeIgniter.php(404): CodeIgniter\CodeIgniter->runController(Object(App\Controllers\PublicPageLoader))
#8 /home2/kimaa3l6/public_html/ciFiles/vendor/codeigniter4/framework/system/CodeIgniter.php(312): CodeIgniter\CodeIgniter->handleRequest(NULL, Object(Config\Cache), false)
#9 /home2/kimaa3l6/public_html/index.php(46): CodeIgniter\CodeIgniter->run()
#10 {main}
