CRITICAL - 2020-11-05 06:23:09 --> Column 'contact_number' cannot be null
#0 /var/www/html/kimara_jewellery/ciFiles/vendor/codeigniter4/framework/system/Database/MySQLi/Connection.php(331): mysqli->query()
#1 /var/www/html/kimara_jewellery/ciFiles/vendor/codeigniter4/framework/system/Database/BaseConnection.php(741): CodeIgniter\Database\MySQLi\Connection->execute()
#2 /var/www/html/kimara_jewellery/ciFiles/vendor/codeigniter4/framework/system/Database/BaseConnection.php(669): CodeIgniter\Database\BaseConnection->simpleQuery()
#3 /var/www/html/kimara_jewellery/ciFiles/vendor/codeigniter4/framework/system/Database/BaseBuilder.php(2249): CodeIgniter\Database\BaseConnection->query()
#4 /var/www/html/kimara_jewellery/ciFiles/vendor/codeigniter4/framework/system/Model.php(755): CodeIgniter\Database\BaseBuilder->insert()
#5 /var/www/html/kimara_jewellery/ciFiles/app/Controllers/Orders.php(57): CodeIgniter\Model->insert()
#6 /var/www/html/kimara_jewellery/ciFiles/vendor/codeigniter4/framework/system/CodeIgniter.php(918): App\Controllers\Orders->create()
#7 /var/www/html/kimara_jewellery/ciFiles/vendor/codeigniter4/framework/system/CodeIgniter.php(404): CodeIgniter\CodeIgniter->runController()
#8 /var/www/html/kimara_jewellery/ciFiles/vendor/codeigniter4/framework/system/CodeIgniter.php(312): CodeIgniter\CodeIgniter->handleRequest()
#9 /var/www/html/kimara_jewellery/index.php(46): CodeIgniter\CodeIgniter->run()
#10 {main}
CRITICAL - 2020-11-05 06:25:05 --> Column 'contact_number' cannot be null
#0 /var/www/html/kimara_jewellery/ciFiles/vendor/codeigniter4/framework/system/Database/MySQLi/Connection.php(331): mysqli->query()
#1 /var/www/html/kimara_jewellery/ciFiles/vendor/codeigniter4/framework/system/Database/BaseConnection.php(741): CodeIgniter\Database\MySQLi\Connection->execute()
#2 /var/www/html/kimara_jewellery/ciFiles/vendor/codeigniter4/framework/system/Database/BaseConnection.php(669): CodeIgniter\Database\BaseConnection->simpleQuery()
#3 /var/www/html/kimara_jewellery/ciFiles/vendor/codeigniter4/framework/system/Database/BaseBuilder.php(2249): CodeIgniter\Database\BaseConnection->query()
#4 /var/www/html/kimara_jewellery/ciFiles/vendor/codeigniter4/framework/system/Model.php(755): CodeIgniter\Database\BaseBuilder->insert()
#5 /var/www/html/kimara_jewellery/ciFiles/app/Controllers/Orders.php(57): CodeIgniter\Model->insert()
#6 /var/www/html/kimara_jewellery/ciFiles/vendor/codeigniter4/framework/system/CodeIgniter.php(918): App\Controllers\Orders->create()
#7 /var/www/html/kimara_jewellery/ciFiles/vendor/codeigniter4/framework/system/CodeIgniter.php(404): CodeIgniter\CodeIgniter->runController()
#8 /var/www/html/kimara_jewellery/ciFiles/vendor/codeigniter4/framework/system/CodeIgniter.php(312): CodeIgniter\CodeIgniter->handleRequest()
#9 /var/www/html/kimara_jewellery/index.php(46): CodeIgniter\CodeIgniter->run()
#10 {main}
CRITICAL - 2020-11-05 06:42:46 --> Column 'contact_number' cannot be null
#0 /var/www/html/kimara_jewellery/ciFiles/vendor/codeigniter4/framework/system/Database/MySQLi/Connection.php(331): mysqli->query()
#1 /var/www/html/kimara_jewellery/ciFiles/vendor/codeigniter4/framework/system/Database/BaseConnection.php(741): CodeIgniter\Database\MySQLi\Connection->execute()
#2 /var/www/html/kimara_jewellery/ciFiles/vendor/codeigniter4/framework/system/Database/BaseConnection.php(669): CodeIgniter\Database\BaseConnection->simpleQuery()
#3 /var/www/html/kimara_jewellery/ciFiles/vendor/codeigniter4/framework/system/Database/BaseBuilder.php(2249): CodeIgniter\Database\BaseConnection->query()
#4 /var/www/html/kimara_jewellery/ciFiles/vendor/codeigniter4/framework/system/Model.php(755): CodeIgniter\Database\BaseBuilder->insert()
#5 /var/www/html/kimara_jewellery/ciFiles/app/Controllers/Orders.php(57): CodeIgniter\Model->insert()
#6 /var/www/html/kimara_jewellery/ciFiles/vendor/codeigniter4/framework/system/CodeIgniter.php(918): App\Controllers\Orders->create()
#7 /var/www/html/kimara_jewellery/ciFiles/vendor/codeigniter4/framework/system/CodeIgniter.php(404): CodeIgniter\CodeIgniter->runController()
#8 /var/www/html/kimara_jewellery/ciFiles/vendor/codeigniter4/framework/system/CodeIgniter.php(312): CodeIgniter\CodeIgniter->handleRequest()
#9 /var/www/html/kimara_jewellery/index.php(46): CodeIgniter\CodeIgniter->run()
#10 {main}
CRITICAL - 2020-11-05 06:45:02 --> Column 'contact_number' cannot be null
#0 /var/www/html/kimara_jewellery/ciFiles/vendor/codeigniter4/framework/system/Database/MySQLi/Connection.php(331): mysqli->query()
#1 /var/www/html/kimara_jewellery/ciFiles/vendor/codeigniter4/framework/system/Database/BaseConnection.php(741): CodeIgniter\Database\MySQLi\Connection->execute()
#2 /var/www/html/kimara_jewellery/ciFiles/vendor/codeigniter4/framework/system/Database/BaseConnection.php(669): CodeIgniter\Database\BaseConnection->simpleQuery()
#3 /var/www/html/kimara_jewellery/ciFiles/vendor/codeigniter4/framework/system/Database/BaseBuilder.php(2249): CodeIgniter\Database\BaseConnection->query()
#4 /var/www/html/kimara_jewellery/ciFiles/vendor/codeigniter4/framework/system/Model.php(755): CodeIgniter\Database\BaseBuilder->insert()
#5 /var/www/html/kimara_jewellery/ciFiles/app/Controllers/Orders.php(57): CodeIgniter\Model->insert()
#6 /var/www/html/kimara_jewellery/ciFiles/vendor/codeigniter4/framework/system/CodeIgniter.php(918): App\Controllers\Orders->create()
#7 /var/www/html/kimara_jewellery/ciFiles/vendor/codeigniter4/framework/system/CodeIgniter.php(404): CodeIgniter\CodeIgniter->runController()
#8 /var/www/html/kimara_jewellery/ciFiles/vendor/codeigniter4/framework/system/CodeIgniter.php(312): CodeIgniter\CodeIgniter->handleRequest()
#9 /var/www/html/kimara_jewellery/index.php(46): CodeIgniter\CodeIgniter->run()
#10 {main}
CRITICAL - 2020-11-05 06:46:25 --> Column 'contact_number' cannot be null
#0 /var/www/html/kimara_jewellery/ciFiles/vendor/codeigniter4/framework/system/Database/MySQLi/Connection.php(331): mysqli->query()
#1 /var/www/html/kimara_jewellery/ciFiles/vendor/codeigniter4/framework/system/Database/BaseConnection.php(741): CodeIgniter\Database\MySQLi\Connection->execute()
#2 /var/www/html/kimara_jewellery/ciFiles/vendor/codeigniter4/framework/system/Database/BaseConnection.php(669): CodeIgniter\Database\BaseConnection->simpleQuery()
#3 /var/www/html/kimara_jewellery/ciFiles/vendor/codeigniter4/framework/system/Database/BaseBuilder.php(2249): CodeIgniter\Database\BaseConnection->query()
#4 /var/www/html/kimara_jewellery/ciFiles/vendor/codeigniter4/framework/system/Model.php(755): CodeIgniter\Database\BaseBuilder->insert()
#5 /var/www/html/kimara_jewellery/ciFiles/app/Controllers/Orders.php(57): CodeIgniter\Model->insert()
#6 /var/www/html/kimara_jewellery/ciFiles/vendor/codeigniter4/framework/system/CodeIgniter.php(918): App\Controllers\Orders->create()
#7 /var/www/html/kimara_jewellery/ciFiles/vendor/codeigniter4/framework/system/CodeIgniter.php(404): CodeIgniter\CodeIgniter->runController()
#8 /var/www/html/kimara_jewellery/ciFiles/vendor/codeigniter4/framework/system/CodeIgniter.php(312): CodeIgniter\CodeIgniter->handleRequest()
#9 /var/www/html/kimara_jewellery/index.php(46): CodeIgniter\CodeIgniter->run()
#10 {main}
